Log file open, 12/15/20 13:50:17
LogInit: Display: Running engine for game: Dzik_scene
LogPlatformFile: Not using cached read wrapper
LogTaskGraph: Started task graph with 5 named threads and 35 total threads with 3 sets of task threads.
LogStats: Stats thread started at 0.434307
LogD3D11RHI: Loaded GFSDK_Aftermath_Lib.x64.dll
LogICUInternationalization: ICU TimeZone Detection - Raw Offset: +1:00, Platform Override: ''
LogPluginManager: Mounting plugin Paper2D
LogPluginManager: Mounting plugin AISupport
LogPluginManager: Mounting plugin LightPropagationVolume
LogPluginManager: Mounting plugin CameraShakePreviewer
LogPluginManager: Mounting plugin ActorLayerUtilities
LogPluginManager: Mounting plugin AnimationSharing
LogPluginManager: Mounting plugin CLionSourceCodeAccess
LogPluginManager: Mounting plugin CodeLiteSourceCodeAccess
LogPluginManager: Mounting plugin GitSourceControl
LogPluginManager: Mounting plugin KDevelopSourceCodeAccess
LogPluginManager: Mounting plugin NullSourceCodeAccess
LogPluginManager: Mounting plugin PerforceSourceControl
LogPluginManager: Mounting plugin PlasticSourceControl
LogPluginManager: Mounting plugin RiderSourceCodeAccess
LogPluginManager: Mounting plugin SubversionSourceControl
LogPluginManager: Mounting plugin UObjectPlugin
LogPluginManager: Mounting plugin VisualStudioCodeSourceCodeAccess
LogPluginManager: Mounting plugin VisualStudioSourceCodeAccess
LogPluginManager: Mounting plugin XCodeSourceCodeAccess
LogPluginManager: Mounting plugin AssetManagerEditor
LogPluginManager: Mounting plugin CryptoKeys
LogPluginManager: Mounting plugin CurveEditorTools
LogPluginManager: Mounting plugin DataValidation
LogPluginManager: Mounting plugin EditorScriptingUtilities
LogPluginManager: Mounting plugin FacialAnimation
LogPluginManager: Mounting plugin GameplayTagsEditor
LogPluginManager: Mounting plugin GeometryMode
LogPluginManager: Mounting plugin MacGraphicsSwitching
LogPluginManager: Mounting plugin MaterialAnalyzer
LogPluginManager: Mounting plugin MobileLauncherProfileWizard
LogPluginManager: Mounting plugin PluginBrowser
LogPluginManager: Mounting plugin SpeedTreeImporter
LogPluginManager: Mounting plugin DatasmithContent
LogPluginManager: Mounting plugin VariantManagerContent
LogPluginManager: Mounting plugin AlembicImporter
LogPluginManager: Mounting plugin AutomationUtils
LogPluginManager: Mounting plugin BackChannel
LogPluginManager: Mounting plugin ChaosCloth
LogPluginManager: Mounting plugin ChaosClothEditor
LogPluginManager: Mounting plugin ChaosEditor
LogPluginManager: Mounting plugin ChaosNiagara
LogPluginManager: Mounting plugin ChaosSolverPlugin
LogPluginManager: Mounting plugin CharacterAI
LogPluginManager: Mounting plugin GeometryCache
LogPluginManager: Mounting plugin GeometryCollectionPlugin
LogPluginManager: Mounting plugin GeometryProcessing
LogPluginManager: Mounting plugin PlanarCut
LogPluginManager: Mounting plugin PlatformCrypto
LogPluginManager: Mounting plugin ProxyLODPlugin
LogPluginManager: Mounting plugin SkeletalReduction
LogPluginManager: Mounting plugin Niagara
LogPluginManager: Mounting plugin MagicLeap
LogPluginManager: Mounting plugin MagicLeapLightEstimation
LogPluginManager: Mounting plugin MagicLeapMedia
LogPluginManager: Mounting plugin MagicLeapPassableWorld
LogPluginManager: Mounting plugin MLSDK
LogPluginManager: Mounting plugin AndroidMedia
LogPluginManager: Mounting plugin AvfMedia
LogPluginManager: Mounting plugin ImgMedia
LogPluginManager: Mounting plugin MediaCompositing
LogPluginManager: Mounting plugin MediaPlayerEditor
LogPluginManager: Mounting plugin WebMMedia
LogPluginManager: Mounting plugin WmfMedia
LogPluginManager: Mounting plugin MeshPainting
LogPluginManager: Mounting plugin TcpMessaging
LogPluginManager: Mounting plugin UdpMessaging
LogPluginManager: Mounting plugin ActorSequence
LogPluginManager: Mounting plugin LevelSequenceEditor
LogPluginManager: Mounting plugin MatineeToLevelSequence
LogPluginManager: Mounting plugin MovieRenderPipeline
LogPluginManager: Mounting plugin TemplateSequence
LogPluginManager: Mounting plugin NetcodeUnitTest
LogPluginManager: Mounting plugin NUTUnrealEngine4
LogPluginManager: Mounting plugin OnlineSubsystemGooglePlay
LogPluginManager: Mounting plugin OnlineSubsystemIOS
LogPluginManager: Mounting plugin OnlineSubsystem
LogPluginManager: Mounting plugin OnlineSubsystemNull
LogPluginManager: Mounting plugin OnlineSubsystemUtils
LogPluginManager: Mounting plugin LauncherChunkInstaller
LogPluginManager: Mounting plugin AndroidDeviceProfileSelector
LogPluginManager: Mounting plugin AndroidMoviePlayer
LogPluginManager: Mounting plugin AndroidPermission
LogPluginManager: Mounting plugin AppleImageUtils
LogPluginManager: Mounting plugin AppleMoviePlayer
LogPluginManager: Mounting plugin ArchVisCharacter
LogPluginManager: Mounting plugin AssetTags
LogPluginManager: Mounting plugin AudioCapture
LogPluginManager: Mounting plugin CableComponent
LogPluginManager: Mounting plugin CustomMeshComponent
LogPluginManager: Mounting plugin EditableMesh
LogPluginManager: Mounting plugin ExampleDeviceProfileSelector
LogPluginManager: Mounting plugin GoogleCloudMessaging
LogPluginManager: Mounting plugin GooglePAD
LogPluginManager: Mounting plugin IOSDeviceProfileSelector
LogPluginManager: Mounting plugin LinuxDeviceProfileSelector
LogPluginManager: Mounting plugin LocationServicesBPLibrary
LogPluginManager: Mounting plugin MobilePatchingUtils
LogPluginManager: Mounting plugin OculusVR
LogPluginManager: Mounting plugin PhysXVehicles
LogPluginManager: Mounting plugin PostSplashScreen
LogPluginManager: Mounting plugin ProceduralMeshComponent
LogPluginManager: Mounting plugin RuntimePhysXCooking
LogPluginManager: Mounting plugin SignificanceManager
LogPluginManager: Mounting plugin SoundFields
LogPluginManager: Mounting plugin SteamVR
LogPluginManager: Mounting plugin Synthesis
LogPluginManager: Mounting plugin WebMMoviePlayer
LogPluginManager: Mounting plugin WindowsMoviePlayer
LogPluginManager: Mounting plugin ScreenshotTools
LogInit: Using libcurl 7.55.1-DEV
LogInit:  - built for x86_64-pc-win32
LogInit:  - supports SSL with OpenSSL/1.1.1
LogInit:  - supports HTTP deflate (compression) using libz 1.2.8
LogInit:  - other features:
LogInit:      CURL_VERSION_SSL
LogInit:      CURL_VERSION_LIBZ
LogInit:      CURL_VERSION_IPV6
LogInit:      CURL_VERSION_ASYNCHDNS
LogInit:      CURL_VERSION_LARGEFILE
LogInit:      CURL_VERSION_IDN
LogInit:  CurlRequestOptions (configurable via config and command line):
LogInit:  - bVerifyPeer = true  - Libcurl will verify peer certificate
LogInit:  - bUseHttpProxy = false  - Libcurl will NOT use HTTP proxy
LogInit:  - bDontReuseConnections = false  - Libcurl will reuse connections
LogInit:  - MaxHostConnections = 16  - Libcurl will limit the number of connections to a host
LogInit:  - LocalHostAddr = Default
LogInit:  - BufferSize = 65536
LogOnline: OSS: Creating online subsystem instance for: NULL
LogInit: WinSock: version 1.1 (2.2), MaxSocks=32767, MaxUdp=65467
LogOnline: OSS: TryLoadSubsystemAndSetDefault: Loaded subsystem for module [NULL]
LogInit: Build: ++UE4+Release-4.25-CL-0
LogInit: Engine Version: 4.25.4-0+++UE4+Release-4.25
LogInit: Compatible Engine Version: 4.25.0-0+++UE4+Release-4.25
LogInit: Net CL: 0
LogInit: OS: Windows 10 (Release 1909) (), CPU: AMD Ryzen 5 2600 Six-Core Processor            , GPU: Radeon RX 580 Series
LogInit: Compiled (64-bit): Nov 24 2020 12:52:40
LogInit: Compiled with Visual C++: 19.27.29112.00
LogInit: Build Configuration: Development
LogInit: Branch Name: ++UE4+Release-4.25
LogInit: Command Line: 
LogInit: Base Directory: D:/UE4.25.4/Engine/Binaries/Win64/
LogInit: Allocator: TBB
LogInit: Installed Engine Build: 0
LogDevObjectVersion: Number of dev versions registered: 26
LogDevObjectVersion:   Dev-Blueprints (B0D832E4-1F89-4F0D-ACCF-7EB736FD4AA2): 10
LogDevObjectVersion:   Dev-Build (E1C64328-A22C-4D53-A36C-8E866417BD8C): 0
LogDevObjectVersion:   Dev-Core (375EC13C-06E4-48FB-B500-84F0262A717E): 4
LogDevObjectVersion:   Dev-Editor (E4B068ED-F494-42E9-A231-DA0B2E46BB41): 38
LogDevObjectVersion:   Dev-Framework (CFFC743F-43B0-4480-9391-14DF171D2073): 37
LogDevObjectVersion:   Dev-Mobile (B02B49B5-BB20-44E9-A304-32B752E40360): 2
LogDevObjectVersion:   Dev-Networking (A4E4105C-59A1-49B5-A7C5-40C4547EDFEE): 0
LogDevObjectVersion:   Dev-Online (39C831C9-5AE6-47DC-9A44-9C173E1C8E7C): 0
LogDevObjectVersion:   Dev-Physics (78F01B33-EBEA-4F98-B9B4-84EACCB95AA2): 4
LogDevObjectVersion:   Dev-Platform (6631380F-2D4D-43E0-8009-CF276956A95A): 0
LogDevObjectVersion:   Dev-Rendering (12F88B9F-8875-4AFC-A67C-D90C383ABD29): 43
LogDevObjectVersion:   Dev-Sequencer (7B5AE74C-D270-4C10-A958-57980B212A5A): 12
LogDevObjectVersion:   Dev-VR (D7296918-1DD6-4BDD-9DE2-64A83CC13884): 3
LogDevObjectVersion:   Dev-LoadTimes (C2A15278-BFE7-4AFE-6C17-90FF531DF755): 1
LogDevObjectVersion:   Private-Geometry (6EACA3D4-40EC-4CC1-B786-8BED09428FC5): 3
LogDevObjectVersion:   Dev-AnimPhys (29E575DD-E0A3-4627-9D10-D276232CDCEA): 17
LogDevObjectVersion:   Dev-Anim (AF43A65D-7FD3-4947-9873-3E8ED9C1BB05): 7
LogDevObjectVersion:   Dev-ReflectionCapture (6B266CEC-1EC7-4B8F-A30B-E4D90942FC07): 1
LogDevObjectVersion:   Dev-Automation (0DF73D61-A23F-47EA-B727-89E90C41499A): 1
LogDevObjectVersion:   FortniteMain (601D1886-AC64-4F84-AA16-D3DE0DEAC7D6): 31
LogDevObjectVersion:   Dev-Enterprise (9DFFBCD6-494F-0158-E221-12823C92A888): 10
LogDevObjectVersion:   Dev-Niagara (F2AED0AC-9AFE-416F-8664-AA7FFA26D6FC): 1
LogDevObjectVersion:   Dev-Destruction (174F1F0B-B4C6-45A5-B13F-2EE8D0FB917D): 10
LogDevObjectVersion:   Dev-Physics-Ext (35F94A83-E258-406C-A318-09F59610247C): 37
LogDevObjectVersion:   Dev-PhysicsMaterial-Chaos (B68FC16E-8B1B-42E2-B453-215C058844FE): 1
LogDevObjectVersion:   Dev-CineCamera (B2E18506-4273-CFC2-A54E-F4BB758BBA07): 1
LogInit: Presizing for max 25165824 objects, including 0 objects not considered by GC, pre-allocating 0 bytes for permanent pool.
LogConfig: Applying CVar settings from Section [/Script/Engine.StreamingSettings] File [C:/Users/Tomek/Documents/GitHub/PiraciZKaribu/Dzik_scene/Dzik_scene/Saved/Config/Windows/Engine.ini]
LogConfig: Setting CVar [[s.MinBulkDataSizeForAsyncLoading:131072]]
LogConfig: Setting CVar [[s.AsyncLoadingThreadEnabled:0]]
LogConfig: Setting CVar [[s.EventDrivenLoaderEnabled:1]]
LogConfig: Setting CVar [[s.WarnIfTimeLimitExceeded:0]]
LogConfig: Setting CVar [[s.TimeLimitExceededMultiplier:1.5]]
LogConfig: Setting CVar [[s.TimeLimitExceededMinTime:0.005]]
LogConfig: Setting CVar [[s.UseBackgroundLevelStreaming:1]]
LogConfig: Setting CVar [[s.PriorityAsyncLoadingExtraTime:15.0]]
LogConfig: Setting CVar [[s.LevelStreamingActorsUpdateTimeLimit:5.0]]
LogConfig: Setting CVar [[s.PriorityLevelStreamingActorsUpdateExtraTime:5.0]]
LogConfig: Setting CVar [[s.LevelStreamingComponentsRegistrationGranularity:10]]
LogConfig: Setting CVar [[s.UnregisterComponentsTimeLimit:1.0]]
LogConfig: Setting CVar [[s.LevelStreamingComponentsUnregistrationGranularity:5]]
LogConfig: Setting CVar [[s.FlushStreamingOnExit:1]]
LogInit: Object subsystem initialized
LogConfig: Setting CVar [[con.DebugEarlyDefault:1]]
LogConfig: Setting CVar [[r.setres:1280x720]]
[2020.12.15-12.50.19:330][  0]LogConfig: Setting CVar [[r.VSync:0]]
[2020.12.15-12.50.19:330][  0]LogConfig: Setting CVar [[r.RHICmdBypass:0]]
[2020.12.15-12.50.19:331][  0]LogConfig: Applying CVar settings from Section [/Script/Engine.RendererSettings] File [C:/Users/Tomek/Documents/GitHub/PiraciZKaribu/Dzik_scene/Dzik_scene/Saved/Config/Windows/Engine.ini]
[2020.12.15-12.50.19:331][  0]LogConfig: Setting CVar [[r.GPUCrashDebugging:0]]
[2020.12.15-12.50.19:331][  0]LogConfig: Applying CVar settings from Section [/Script/Engine.RendererOverrideSettings] File [C:/Users/Tomek/Documents/GitHub/PiraciZKaribu/Dzik_scene/Dzik_scene/Saved/Config/Windows/Engine.ini]
[2020.12.15-12.50.19:331][  0]LogConfig: Applying CVar settings from Section [/Script/Engine.StreamingSettings] File [C:/Users/Tomek/Documents/GitHub/PiraciZKaribu/Dzik_scene/Dzik_scene/Saved/Config/Windows/Engine.ini]
[2020.12.15-12.50.19:331][  0]LogConfig: Setting CVar [[s.MinBulkDataSizeForAsyncLoading:131072]]
[2020.12.15-12.50.19:331][  0]LogConfig: Setting CVar [[s.AsyncLoadingThreadEnabled:0]]
[2020.12.15-12.50.19:331][  0]LogConfig: Setting CVar [[s.EventDrivenLoaderEnabled:1]]
[2020.12.15-12.50.19:331][  0]LogConfig: Setting CVar [[s.WarnIfTimeLimitExceeded:0]]
[2020.12.15-12.50.19:331][  0]LogConfig: Setting CVar [[s.TimeLimitExceededMultiplier:1.5]]
[2020.12.15-12.50.19:331][  0]LogConfig: Setting CVar [[s.TimeLimitExceededMinTime:0.005]]
[2020.12.15-12.50.19:331][  0]LogConfig: Setting CVar [[s.UseBackgroundLevelStreaming:1]]
[2020.12.15-12.50.19:331][  0]LogConfig: Setting CVar [[s.PriorityAsyncLoadingExtraTime:15.0]]
[2020.12.15-12.50.19:331][  0]LogConfig: Setting CVar [[s.LevelStreamingActorsUpdateTimeLimit:5.0]]
[2020.12.15-12.50.19:331][  0]LogConfig: Setting CVar [[s.PriorityLevelStreamingActorsUpdateExtraTime:5.0]]
[2020.12.15-12.50.19:331][  0]LogConfig: Setting CVar [[s.LevelStreamingComponentsRegistrationGranularity:10]]
[2020.12.15-12.50.19:331][  0]LogConfig: Setting CVar [[s.UnregisterComponentsTimeLimit:1.0]]
[2020.12.15-12.50.19:331][  0]LogConfig: Setting CVar [[s.LevelStreamingComponentsUnregistrationGranularity:5]]
[2020.12.15-12.50.19:331][  0]LogConfig: Setting CVar [[s.FlushStreamingOnExit:1]]
[2020.12.15-12.50.19:331][  0]LogConfig: Applying CVar settings from Section [/Script/Engine.GarbageCollectionSettings] File [C:/Users/Tomek/Documents/GitHub/PiraciZKaribu/Dzik_scene/Dzik_scene/Saved/Config/Windows/Engine.ini]
[2020.12.15-12.50.19:331][  0]LogConfig: Setting CVar [[gc.MaxObjectsNotConsideredByGC:1]]
[2020.12.15-12.50.19:331][  0]LogConfig: Setting CVar [[gc.SizeOfPermanentObjectPool:0]]
[2020.12.15-12.50.19:331][  0]LogConfig: Setting CVar [[gc.FlushStreamingOnGC:0]]
[2020.12.15-12.50.19:331][  0]LogConfig: Setting CVar [[gc.NumRetriesBeforeForcingGC:10]]
[2020.12.15-12.50.19:331][  0]LogConfig: Setting CVar [[gc.AllowParallelGC:1]]
[2020.12.15-12.50.19:331][  0]LogConfig: Setting CVar [[gc.TimeBetweenPurgingPendingKillObjects:61.1]]
[2020.12.15-12.50.19:331][  0]LogConfig: Setting CVar [[gc.MaxObjectsInEditor:25165824]]
[2020.12.15-12.50.19:331][  0]LogConfig: Setting CVar [[gc.IncrementalBeginDestroyEnabled:1]]
[2020.12.15-12.50.19:331][  0]LogConfig: Setting CVar [[gc.CreateGCClusters:1]]
[2020.12.15-12.50.19:331][  0]LogConfig: Setting CVar [[gc.MinGCClusterSize:5]]
[2020.12.15-12.50.19:331][  0]LogConfig: Setting CVar [[gc.ActorClusteringEnabled:0]]
[2020.12.15-12.50.19:331][  0]LogConfig: Setting CVar [[gc.BlueprintClusteringEnabled:0]]
[2020.12.15-12.50.19:331][  0]LogConfig: Setting CVar [[gc.UseDisregardForGCOnDedicatedServers:0]]
[2020.12.15-12.50.19:331][  0]LogConfig: Applying CVar settings from Section [/Script/Engine.NetworkSettings] File [C:/Users/Tomek/Documents/GitHub/PiraciZKaribu/Dzik_scene/Dzik_scene/Saved/Config/Windows/Engine.ini]
[2020.12.15-12.50.19:331][  0]LogConfig: Applying CVar settings from Section [/Script/UnrealEd.CookerSettings] File [C:/Users/Tomek/Documents/GitHub/PiraciZKaribu/Dzik_scene/Dzik_scene/Saved/Config/Windows/Engine.ini]
[2020.12.15-12.50.19:340][  0]LogConfig: Applying CVar settings from Section [ViewDistanceQuality@3] File [C:/Users/Tomek/Documents/GitHub/PiraciZKaribu/Dzik_scene/Dzik_scene/Saved/Config/Windows/Scalability.ini]
[2020.12.15-12.50.19:340][  0]LogConfig: Setting CVar [[r.SkeletalMeshLODBias:0]]
[2020.12.15-12.50.19:340][  0]LogConfig: Setting CVar [[r.ViewDistanceScale:1.0]]
[2020.12.15-12.50.19:340][  0]LogConfig: Applying CVar settings from Section [AntiAliasingQuality@3] File [C:/Users/Tomek/Documents/GitHub/PiraciZKaribu/Dzik_scene/Dzik_scene/Saved/Config/Windows/Scalability.ini]
[2020.12.15-12.50.19:340][  0]LogConfig: Setting CVar [[r.PostProcessAAQuality:4]]
[2020.12.15-12.50.19:340][  0]LogConfig: Applying CVar settings from Section [ShadowQuality@3] File [C:/Users/Tomek/Documents/GitHub/PiraciZKaribu/Dzik_scene/Dzik_scene/Saved/Config/Windows/Scalability.ini]
[2020.12.15-12.50.19:340][  0]LogConfig: Setting CVar [[r.LightFunctionQuality:1]]
[2020.12.15-12.50.19:340][  0]LogConfig: Setting CVar [[r.ShadowQuality:5]]
[2020.12.15-12.50.19:340][  0]LogConfig: Setting CVar [[r.Shadow.CSM.MaxCascades:10]]
[2020.12.15-12.50.19:340][  0]LogConfig: Setting CVar [[r.Shadow.MaxResolution:2048]]
[2020.12.15-12.50.19:340][  0]LogConfig: Setting CVar [[r.Shadow.MaxCSMResolution:2048]]
[2020.12.15-12.50.19:340][  0]LogConfig: Setting CVar [[r.Shadow.RadiusThreshold:0.01]]
[2020.12.15-12.50.19:340][  0]LogConfig: Setting CVar [[r.Shadow.DistanceScale:1.0]]
[2020.12.15-12.50.19:340][  0]LogConfig: Setting CVar [[r.Shadow.CSM.TransitionScale:1.0]]
[2020.12.15-12.50.19:340][  0]LogConfig: Setting CVar [[r.Shadow.PreShadowResolutionFactor:1.0]]
[2020.12.15-12.50.19:340][  0]LogConfig: Setting CVar [[r.DistanceFieldShadowing:1]]
[2020.12.15-12.50.19:340][  0]LogConfig: Setting CVar [[r.DistanceFieldAO:1]]
[2020.12.15-12.50.19:340][  0]LogConfig: Setting CVar [[r.AOQuality:2]]
[2020.12.15-12.50.19:340][  0]LogConfig: Setting CVar [[r.VolumetricFog:1]]
[2020.12.15-12.50.19:340][  0]LogConfig: Setting CVar [[r.VolumetricFog.GridPixelSize:8]]
[2020.12.15-12.50.19:340][  0]LogConfig: Setting CVar [[r.VolumetricFog.GridSizeZ:128]]
[2020.12.15-12.50.19:340][  0]LogConfig: Setting CVar [[r.VolumetricFog.HistoryMissSupersampleCount:4]]
[2020.12.15-12.50.19:340][  0]LogConfig: Setting CVar [[r.LightMaxDrawDistanceScale:1]]
[2020.12.15-12.50.19:340][  0]LogConfig: Setting CVar [[r.CapsuleShadows:1]]
[2020.12.15-12.50.19:340][  0]LogConfig: Applying CVar settings from Section [PostProcessQuality@3] File [C:/Users/Tomek/Documents/GitHub/PiraciZKaribu/Dzik_scene/Dzik_scene/Saved/Config/Windows/Scalability.ini]
[2020.12.15-12.50.19:340][  0]LogConfig: Setting CVar [[r.MotionBlurQuality:4]]
[2020.12.15-12.50.19:340][  0]LogConfig: Setting CVar [[r.AmbientOcclusionMipLevelFactor:0.4]]
[2020.12.15-12.50.19:340][  0]LogConfig: Setting CVar [[r.AmbientOcclusionMaxQuality:100]]
[2020.12.15-12.50.19:340][  0]LogConfig: Setting CVar [[r.AmbientOcclusionLevels:-1]]
[2020.12.15-12.50.19:340][  0]LogConfig: Setting CVar [[r.AmbientOcclusionRadiusScale:1.0]]
[2020.12.15-12.50.19:340][  0]LogConfig: Setting CVar [[r.DepthOfFieldQuality:2]]
[2020.12.15-12.50.19:340][  0]LogConfig: Setting CVar [[r.RenderTargetPoolMin:400]]
[2020.12.15-12.50.19:340][  0]LogConfig: Setting CVar [[r.LensFlareQuality:2]]
[2020.12.15-12.50.19:340][  0]LogConfig: Setting CVar [[r.SceneColorFringeQuality:1]]
[2020.12.15-12.50.19:340][  0]LogConfig: Setting CVar [[r.EyeAdaptationQuality:2]]
[2020.12.15-12.50.19:340][  0]LogConfig: Setting CVar [[r.BloomQuality:5]]
[2020.12.15-12.50.19:340][  0]LogConfig: Setting CVar [[r.FastBlurThreshold:100]]
[2020.12.15-12.50.19:340][  0]LogConfig: Setting CVar [[r.Upscale.Quality:3]]
[2020.12.15-12.50.19:340][  0]LogConfig: Setting CVar [[r.Tonemapper.GrainQuantization:1]]
[2020.12.15-12.50.19:340][  0]LogConfig: Setting CVar [[r.LightShaftQuality:1]]
[2020.12.15-12.50.19:340][  0]LogConfig: Setting CVar [[r.Filter.SizeScale:1]]
[2020.12.15-12.50.19:340][  0]LogConfig: Setting CVar [[r.Tonemapper.Quality:5]]
[2020.12.15-12.50.19:340][  0]LogConfig: Setting CVar [[r.DOF.Gather.AccumulatorQuality:1        ; higher gathering accumulator quality]]
[2020.12.15-12.50.19:340][  0]LogConfig: Setting CVar [[r.DOF.Gather.PostfilterMethod:1          ; Median3x3 postfilering method]]
[2020.12.15-12.50.19:340][  0]LogConfig: Setting CVar [[r.DOF.Gather.EnableBokehSettings:0       ; no bokeh simulation when gathering]]
[2020.12.15-12.50.19:340][  0]LogConfig: Setting CVar [[r.DOF.Gather.RingCount:4                 ; medium number of samples when gathering]]
[2020.12.15-12.50.19:340][  0]LogConfig: Setting CVar [[r.DOF.Scatter.ForegroundCompositing:1    ; additive foreground scattering]]
[2020.12.15-12.50.19:340][  0]LogConfig: Setting CVar [[r.DOF.Scatter.BackgroundCompositing:2    ; additive background scattering]]
[2020.12.15-12.50.19:340][  0]LogConfig: Setting CVar [[r.DOF.Scatter.EnableBokehSettings:1      ; bokeh simulation when scattering]]
[2020.12.15-12.50.19:340][  0]LogConfig: Setting CVar [[r.DOF.Scatter.MaxSpriteRatio:0.1         ; only a maximum of 10% of scattered bokeh]]
[2020.12.15-12.50.19:340][  0]LogConfig: Setting CVar [[r.DOF.Recombine.Quality:1                ; cheap slight out of focus]]
[2020.12.15-12.50.19:341][  0]LogConfig: Setting CVar [[r.DOF.Recombine.EnableBokehSettings:0    ; no bokeh simulation on slight out of focus]]
[2020.12.15-12.50.19:341][  0]LogConfig: Setting CVar [[r.DOF.TemporalAAQuality:1                ; more stable temporal accumulation]]
[2020.12.15-12.50.19:341][  0]LogConfig: Setting CVar [[r.DOF.Kernel.MaxForegroundRadius:0.025]]
[2020.12.15-12.50.19:341][  0]LogConfig: Setting CVar [[r.DOF.Kernel.MaxBackgroundRadius:0.025]]
[2020.12.15-12.50.19:341][  0]LogConfig: Applying CVar settings from Section [TextureQuality@3] File [C:/Users/Tomek/Documents/GitHub/PiraciZKaribu/Dzik_scene/Dzik_scene/Saved/Config/Windows/Scalability.ini]
[2020.12.15-12.50.19:341][  0]LogConfig: Setting CVar [[r.Streaming.MipBias:0]]
[2020.12.15-12.50.19:341][  0]LogConfig: Setting CVar [[r.Streaming.AmortizeCPUToGPUCopy:0]]
[2020.12.15-12.50.19:341][  0]LogConfig: Setting CVar [[r.Streaming.MaxNumTexturesToStreamPerFrame:0]]
[2020.12.15-12.50.19:341][  0]LogConfig: Setting CVar [[r.Streaming.Boost:1]]
[2020.12.15-12.50.19:341][  0]LogConfig: Setting CVar [[r.MaxAnisotropy:8]]
[2020.12.15-12.50.19:341][  0]LogConfig: Setting CVar [[r.VT.MaxAnisotropy:8]]
[2020.12.15-12.50.19:341][  0]LogConfig: Setting CVar [[r.Streaming.LimitPoolSizeToVRAM:0]]
[2020.12.15-12.50.19:341][  0]LogConfig: Setting CVar [[r.Streaming.PoolSize:1000]]
[2020.12.15-12.50.19:341][  0]LogConfig: Setting CVar [[r.Streaming.MaxEffectiveScreenSize:0]]
[2020.12.15-12.50.19:341][  0]LogConfig: Applying CVar settings from Section [EffectsQuality@3] File [C:/Users/Tomek/Documents/GitHub/PiraciZKaribu/Dzik_scene/Dzik_scene/Saved/Config/Windows/Scalability.ini]
[2020.12.15-12.50.19:341][  0]LogConfig: Setting CVar [[r.TranslucencyLightingVolumeDim:64]]
[2020.12.15-12.50.19:341][  0]LogConfig: Setting CVar [[r.RefractionQuality:2]]
[2020.12.15-12.50.19:341][  0]LogConfig: Setting CVar [[r.SSR.Quality:3]]
[2020.12.15-12.50.19:341][  0]LogConfig: Setting CVar [[r.SSR.HalfResSceneColor:0]]
[2020.12.15-12.50.19:341][  0]LogConfig: Setting CVar [[r.SceneColorFormat:4]]
[2020.12.15-12.50.19:341][  0]LogConfig: Setting CVar [[r.DetailMode:2]]
[2020.12.15-12.50.19:341][  0]LogConfig: Setting CVar [[r.TranslucencyVolumeBlur:1]]
[2020.12.15-12.50.19:341][  0]LogConfig: Setting CVar [[r.MaterialQualityLevel:1 ; High quality]]
[2020.12.15-12.50.19:341][  0]LogConfig: Setting CVar [[r.SSS.Scale:1]]
[2020.12.15-12.50.19:341][  0]LogConfig: Setting CVar [[r.SSS.SampleSet:2]]
[2020.12.15-12.50.19:341][  0]LogConfig: Setting CVar [[r.SSS.Quality:1]]
[2020.12.15-12.50.19:341][  0]LogConfig: Setting CVar [[r.SSS.HalfRes:0]]
[2020.12.15-12.50.19:341][  0]LogConfig: Setting CVar [[r.SSGI.Quality:3]]
[2020.12.15-12.50.19:341][  0]LogConfig: Setting CVar [[r.EmitterSpawnRateScale:1.0]]
[2020.12.15-12.50.19:341][  0]LogConfig: Setting CVar [[r.ParticleLightQuality:2]]
[2020.12.15-12.50.19:341][  0]LogConfig: Setting CVar [[r.SkyAtmosphere.AerialPerspectiveLUT.FastApplyOnOpaque:1 ; Always have FastSkyLUT 1 in this case to avoid wrong sky]]
[2020.12.15-12.50.19:341][  0]LogConfig: Setting CVar [[r.SkyAtmosphere.AerialPerspectiveLUT.SampleCountPerSlice:1]]
[2020.12.15-12.50.19:341][  0]LogConfig: Setting CVar [[r.SkyAtmosphere.AerialPerspectiveLUT.DepthResolution:16.0]]
[2020.12.15-12.50.19:341][  0]LogConfig: Setting CVar [[r.SkyAtmosphere.FastSkyLUT:1]]
[2020.12.15-12.50.19:341][  0]LogConfig: Setting CVar [[r.SkyAtmosphere.FastSkyLUT.SampleCountMin:4.0]]
[2020.12.15-12.50.19:341][  0]LogConfig: Setting CVar [[r.SkyAtmosphere.FastSkyLUT.SampleCountMax:32.0]]
[2020.12.15-12.50.19:341][  0]LogConfig: Setting CVar [[r.SkyAtmosphere.SampleCountMin:4.0]]
[2020.12.15-12.50.19:341][  0]LogConfig: Setting CVar [[r.SkyAtmosphere.SampleCountMax:32.0]]
[2020.12.15-12.50.19:341][  0]LogConfig: Setting CVar [[r.SkyAtmosphere.TransmittanceLUT.UseSmallFormat:0]]
[2020.12.15-12.50.19:341][  0]LogConfig: Setting CVar [[r.SkyAtmosphere.TransmittanceLUT.SampleCount:10.0]]
[2020.12.15-12.50.19:341][  0]LogConfig: Setting CVar [[r.SkyAtmosphere.MultiScatteringLUT.SampleCount:15.0]]
[2020.12.15-12.50.19:341][  0]LogConfig: Applying CVar settings from Section [FoliageQuality@3] File [C:/Users/Tomek/Documents/GitHub/PiraciZKaribu/Dzik_scene/Dzik_scene/Saved/Config/Windows/Scalability.ini]
[2020.12.15-12.50.19:341][  0]LogConfig: Setting CVar [[foliage.DensityScale:1.0]]
[2020.12.15-12.50.19:341][  0]LogConfig: Setting CVar [[grass.DensityScale:1.0]]
[2020.12.15-12.50.19:341][  0]LogConfig: Applying CVar settings from Section [ShadingQuality@3] File [C:/Users/Tomek/Documents/GitHub/PiraciZKaribu/Dzik_scene/Dzik_scene/Saved/Config/Windows/Scalability.ini]
[2020.12.15-12.50.19:341][  0]LogConfig: Setting CVar [[r.HairStrands.SkyLighting.SampleCount:16]]
[2020.12.15-12.50.19:341][  0]LogConfig: Setting CVar [[r.HairStrands.SkyLighting.JitterIntegration:0]]
[2020.12.15-12.50.19:341][  0]LogConfig: Setting CVar [[r.HairStrands.SkyAO.SampleCount:16]]
[2020.12.15-12.50.19:341][  0]LogConfig: Setting CVar [[r.HairStrands.DeepShadow.SuperSampling:0]]
[2020.12.15-12.50.19:341][  0]LogConfig: Setting CVar [[r.HairStrands.VisibilityPPLL:0]]
[2020.12.15-12.50.19:341][  0]LogConfig: Setting CVar [[r.HairStrands.RasterizationScale:0.5]]
[2020.12.15-12.50.19:341][  0]LogConfig: Setting CVar [[r.HairStrands.VelocityRasterizationScale:1]]
[2020.12.15-12.50.19:342][  0]LogInit: Selected Device Profile: [Windows]
[2020.12.15-12.50.19:343][  0]LogInit: Applying CVar settings loaded from the selected device profile: [Windows]
[2020.12.15-12.50.19:344][  0]LogHAL: Display: Platform has ~ 16 GB [17128329216 / 17179869184 / 16], which maps to Larger [LargestMinGB=32, LargerMinGB=12, DefaultMinGB=8, SmallerMinGB=6, SmallestMinGB=0)
[2020.12.15-12.50.19:344][  0]LogInit: Going up to parent DeviceProfile []
[2020.12.15-12.50.19:344][  0]LogConfig: Applying CVar settings from Section [ViewDistanceQuality@3] File [C:/Users/Tomek/Documents/GitHub/PiraciZKaribu/Dzik_scene/Dzik_scene/Saved/Config/Windows/Scalability.ini]
[2020.12.15-12.50.19:344][  0]LogConfig: Setting CVar [[r.SkeletalMeshLODBias:0]]
[2020.12.15-12.50.19:344][  0]LogConfig: Setting CVar [[r.ViewDistanceScale:1.0]]
[2020.12.15-12.50.19:344][  0]LogConfig: Applying CVar settings from Section [AntiAliasingQuality@3] File [C:/Users/Tomek/Documents/GitHub/PiraciZKaribu/Dzik_scene/Dzik_scene/Saved/Config/Windows/Scalability.ini]
[2020.12.15-12.50.19:344][  0]LogConfig: Setting CVar [[r.PostProcessAAQuality:4]]
[2020.12.15-12.50.19:344][  0]LogConfig: Applying CVar settings from Section [ShadowQuality@3] File [C:/Users/Tomek/Documents/GitHub/PiraciZKaribu/Dzik_scene/Dzik_scene/Saved/Config/Windows/Scalability.ini]
[2020.12.15-12.50.19:344][  0]LogConfig: Setting CVar [[r.LightFunctionQuality:1]]
[2020.12.15-12.50.19:344][  0]LogConfig: Setting CVar [[r.ShadowQuality:5]]
[2020.12.15-12.50.19:344][  0]LogConfig: Setting CVar [[r.Shadow.CSM.MaxCascades:10]]
[2020.12.15-12.50.19:344][  0]LogConfig: Setting CVar [[r.Shadow.MaxResolution:2048]]
[2020.12.15-12.50.19:344][  0]LogConfig: Setting CVar [[r.Shadow.MaxCSMResolution:2048]]
[2020.12.15-12.50.19:344][  0]LogConfig: Setting CVar [[r.Shadow.RadiusThreshold:0.01]]
[2020.12.15-12.50.19:344][  0]LogConfig: Setting CVar [[r.Shadow.DistanceScale:1.0]]
[2020.12.15-12.50.19:344][  0]LogConfig: Setting CVar [[r.Shadow.CSM.TransitionScale:1.0]]
[2020.12.15-12.50.19:344][  0]LogConfig: Setting CVar [[r.Shadow.PreShadowResolutionFactor:1.0]]
[2020.12.15-12.50.19:344][  0]LogConfig: Setting CVar [[r.DistanceFieldShadowing:1]]
[2020.12.15-12.50.19:344][  0]LogConfig: Setting CVar [[r.DistanceFieldAO:1]]
[2020.12.15-12.50.19:344][  0]LogConfig: Setting CVar [[r.AOQuality:2]]
[2020.12.15-12.50.19:344][  0]LogConfig: Setting CVar [[r.VolumetricFog:1]]
[2020.12.15-12.50.19:344][  0]LogConfig: Setting CVar [[r.VolumetricFog.GridPixelSize:8]]
[2020.12.15-12.50.19:344][  0]LogConfig: Setting CVar [[r.VolumetricFog.GridSizeZ:128]]
[2020.12.15-12.50.19:344][  0]LogConfig: Setting CVar [[r.VolumetricFog.HistoryMissSupersampleCount:4]]
[2020.12.15-12.50.19:344][  0]LogConfig: Setting CVar [[r.LightMaxDrawDistanceScale:1]]
[2020.12.15-12.50.19:344][  0]LogConfig: Setting CVar [[r.CapsuleShadows:1]]
[2020.12.15-12.50.19:344][  0]LogConfig: Applying CVar settings from Section [PostProcessQuality@3] File [C:/Users/Tomek/Documents/GitHub/PiraciZKaribu/Dzik_scene/Dzik_scene/Saved/Config/Windows/Scalability.ini]
[2020.12.15-12.50.19:344][  0]LogConfig: Setting CVar [[r.MotionBlurQuality:4]]
[2020.12.15-12.50.19:344][  0]LogConfig: Setting CVar [[r.AmbientOcclusionMipLevelFactor:0.4]]
[2020.12.15-12.50.19:344][  0]LogConfig: Setting CVar [[r.AmbientOcclusionMaxQuality:100]]
[2020.12.15-12.50.19:344][  0]LogConfig: Setting CVar [[r.AmbientOcclusionLevels:-1]]
[2020.12.15-12.50.19:344][  0]LogConfig: Setting CVar [[r.AmbientOcclusionRadiusScale:1.0]]
[2020.12.15-12.50.19:344][  0]LogConfig: Setting CVar [[r.DepthOfFieldQuality:2]]
[2020.12.15-12.50.19:344][  0]LogConfig: Setting CVar [[r.RenderTargetPoolMin:400]]
[2020.12.15-12.50.19:344][  0]LogConfig: Setting CVar [[r.LensFlareQuality:2]]
[2020.12.15-12.50.19:344][  0]LogConfig: Setting CVar [[r.SceneColorFringeQuality:1]]
[2020.12.15-12.50.19:344][  0]LogConfig: Setting CVar [[r.EyeAdaptationQuality:2]]
[2020.12.15-12.50.19:344][  0]LogConfig: Setting CVar [[r.BloomQuality:5]]
[2020.12.15-12.50.19:344][  0]LogConfig: Setting CVar [[r.FastBlurThreshold:100]]
[2020.12.15-12.50.19:344][  0]LogConfig: Setting CVar [[r.Upscale.Quality:3]]
[2020.12.15-12.50.19:344][  0]LogConfig: Setting CVar [[r.Tonemapper.GrainQuantization:1]]
[2020.12.15-12.50.19:344][  0]LogConfig: Setting CVar [[r.LightShaftQuality:1]]
[2020.12.15-12.50.19:344][  0]LogConfig: Setting CVar [[r.Filter.SizeScale:1]]
[2020.12.15-12.50.19:344][  0]LogConfig: Setting CVar [[r.Tonemapper.Quality:5]]
[2020.12.15-12.50.19:344][  0]LogConfig: Setting CVar [[r.DOF.Gather.AccumulatorQuality:1        ; higher gathering accumulator quality]]
[2020.12.15-12.50.19:344][  0]LogConfig: Setting CVar [[r.DOF.Gather.PostfilterMethod:1          ; Median3x3 postfilering method]]
[2020.12.15-12.50.19:344][  0]LogConfig: Setting CVar [[r.DOF.Gather.EnableBokehSettings:0       ; no bokeh simulation when gathering]]
[2020.12.15-12.50.19:344][  0]LogConfig: Setting CVar [[r.DOF.Gather.RingCount:4                 ; medium number of samples when gathering]]
[2020.12.15-12.50.19:344][  0]LogConfig: Setting CVar [[r.DOF.Scatter.ForegroundCompositing:1    ; additive foreground scattering]]
[2020.12.15-12.50.19:344][  0]LogConfig: Setting CVar [[r.DOF.Scatter.BackgroundCompositing:2    ; additive background scattering]]
[2020.12.15-12.50.19:344][  0]LogConfig: Setting CVar [[r.DOF.Scatter.EnableBokehSettings:1      ; bokeh simulation when scattering]]
[2020.12.15-12.50.19:345][  0]LogConfig: Setting CVar [[r.DOF.Scatter.MaxSpriteRatio:0.1         ; only a maximum of 10% of scattered bokeh]]
[2020.12.15-12.50.19:345][  0]LogConfig: Setting CVar [[r.DOF.Recombine.Quality:1                ; cheap slight out of focus]]
[2020.12.15-12.50.19:345][  0]LogConfig: Setting CVar [[r.DOF.Recombine.EnableBokehSettings:0    ; no bokeh simulation on slight out of focus]]
[2020.12.15-12.50.19:345][  0]LogConfig: Setting CVar [[r.DOF.TemporalAAQuality:1                ; more stable temporal accumulation]]
[2020.12.15-12.50.19:345][  0]LogConfig: Setting CVar [[r.DOF.Kernel.MaxForegroundRadius:0.025]]
[2020.12.15-12.50.19:345][  0]LogConfig: Setting CVar [[r.DOF.Kernel.MaxBackgroundRadius:0.025]]
[2020.12.15-12.50.19:345][  0]LogConfig: Applying CVar settings from Section [TextureQuality@3] File [C:/Users/Tomek/Documents/GitHub/PiraciZKaribu/Dzik_scene/Dzik_scene/Saved/Config/Windows/Scalability.ini]
[2020.12.15-12.50.19:345][  0]LogConfig: Setting CVar [[r.Streaming.MipBias:0]]
[2020.12.15-12.50.19:345][  0]LogConfig: Setting CVar [[r.Streaming.AmortizeCPUToGPUCopy:0]]
[2020.12.15-12.50.19:345][  0]LogConfig: Setting CVar [[r.Streaming.MaxNumTexturesToStreamPerFrame:0]]
[2020.12.15-12.50.19:345][  0]LogConfig: Setting CVar [[r.Streaming.Boost:1]]
[2020.12.15-12.50.19:345][  0]LogConfig: Setting CVar [[r.MaxAnisotropy:8]]
[2020.12.15-12.50.19:345][  0]LogConfig: Setting CVar [[r.VT.MaxAnisotropy:8]]
[2020.12.15-12.50.19:345][  0]LogConfig: Setting CVar [[r.Streaming.LimitPoolSizeToVRAM:0]]
[2020.12.15-12.50.19:345][  0]LogConfig: Setting CVar [[r.Streaming.PoolSize:1000]]
[2020.12.15-12.50.19:345][  0]LogConfig: Setting CVar [[r.Streaming.MaxEffectiveScreenSize:0]]
[2020.12.15-12.50.19:345][  0]LogConfig: Applying CVar settings from Section [EffectsQuality@3] File [C:/Users/Tomek/Documents/GitHub/PiraciZKaribu/Dzik_scene/Dzik_scene/Saved/Config/Windows/Scalability.ini]
[2020.12.15-12.50.19:345][  0]LogConfig: Setting CVar [[r.TranslucencyLightingVolumeDim:64]]
[2020.12.15-12.50.19:345][  0]LogConfig: Setting CVar [[r.RefractionQuality:2]]
[2020.12.15-12.50.19:345][  0]LogConfig: Setting CVar [[r.SSR.Quality:3]]
[2020.12.15-12.50.19:345][  0]LogConfig: Setting CVar [[r.SSR.HalfResSceneColor:0]]
[2020.12.15-12.50.19:345][  0]LogConfig: Setting CVar [[r.SceneColorFormat:4]]
[2020.12.15-12.50.19:345][  0]LogConfig: Setting CVar [[r.DetailMode:2]]
[2020.12.15-12.50.19:345][  0]LogConfig: Setting CVar [[r.TranslucencyVolumeBlur:1]]
[2020.12.15-12.50.19:345][  0]LogConfig: Setting CVar [[r.MaterialQualityLevel:1 ; High quality]]
[2020.12.15-12.50.19:345][  0]LogConfig: Setting CVar [[r.SSS.Scale:1]]
[2020.12.15-12.50.19:345][  0]LogConfig: Setting CVar [[r.SSS.SampleSet:2]]
[2020.12.15-12.50.19:345][  0]LogConfig: Setting CVar [[r.SSS.Quality:1]]
[2020.12.15-12.50.19:345][  0]LogConfig: Setting CVar [[r.SSS.HalfRes:0]]
[2020.12.15-12.50.19:345][  0]LogConfig: Setting CVar [[r.SSGI.Quality:3]]
[2020.12.15-12.50.19:345][  0]LogConfig: Setting CVar [[r.EmitterSpawnRateScale:1.0]]
[2020.12.15-12.50.19:345][  0]LogConfig: Setting CVar [[r.ParticleLightQuality:2]]
[2020.12.15-12.50.19:345][  0]LogConfig: Setting CVar [[r.SkyAtmosphere.AerialPerspectiveLUT.FastApplyOnOpaque:1 ; Always have FastSkyLUT 1 in this case to avoid wrong sky]]
[2020.12.15-12.50.19:345][  0]LogConfig: Setting CVar [[r.SkyAtmosphere.AerialPerspectiveLUT.SampleCountPerSlice:1]]
[2020.12.15-12.50.19:345][  0]LogConfig: Setting CVar [[r.SkyAtmosphere.AerialPerspectiveLUT.DepthResolution:16.0]]
[2020.12.15-12.50.19:345][  0]LogConfig: Setting CVar [[r.SkyAtmosphere.FastSkyLUT:1]]
[2020.12.15-12.50.19:345][  0]LogConfig: Setting CVar [[r.SkyAtmosphere.FastSkyLUT.SampleCountMin:4.0]]
[2020.12.15-12.50.19:345][  0]LogConfig: Setting CVar [[r.SkyAtmosphere.FastSkyLUT.SampleCountMax:32.0]]
[2020.12.15-12.50.19:345][  0]LogConfig: Setting CVar [[r.SkyAtmosphere.SampleCountMin:4.0]]
[2020.12.15-12.50.19:345][  0]LogConfig: Setting CVar [[r.SkyAtmosphere.SampleCountMax:32.0]]
[2020.12.15-12.50.19:345][  0]LogConfig: Setting CVar [[r.SkyAtmosphere.TransmittanceLUT.UseSmallFormat:0]]
[2020.12.15-12.50.19:345][  0]LogConfig: Setting CVar [[r.SkyAtmosphere.TransmittanceLUT.SampleCount:10.0]]
[2020.12.15-12.50.19:345][  0]LogConfig: Setting CVar [[r.SkyAtmosphere.MultiScatteringLUT.SampleCount:15.0]]
[2020.12.15-12.50.19:345][  0]LogConfig: Applying CVar settings from Section [FoliageQuality@3] File [C:/Users/Tomek/Documents/GitHub/PiraciZKaribu/Dzik_scene/Dzik_scene/Saved/Config/Windows/Scalability.ini]
[2020.12.15-12.50.19:345][  0]LogConfig: Setting CVar [[foliage.DensityScale:1.0]]
[2020.12.15-12.50.19:345][  0]LogConfig: Setting CVar [[grass.DensityScale:1.0]]
[2020.12.15-12.50.19:345][  0]LogConfig: Applying CVar settings from Section [ShadingQuality@3] File [C:/Users/Tomek/Documents/GitHub/PiraciZKaribu/Dzik_scene/Dzik_scene/Saved/Config/Windows/Scalability.ini]
[2020.12.15-12.50.19:345][  0]LogConfig: Setting CVar [[r.HairStrands.SkyLighting.SampleCount:16]]
[2020.12.15-12.50.19:345][  0]LogConfig: Setting CVar [[r.HairStrands.SkyLighting.JitterIntegration:0]]
[2020.12.15-12.50.19:345][  0]LogConfig: Setting CVar [[r.HairStrands.SkyAO.SampleCount:16]]
[2020.12.15-12.50.19:345][  0]LogConfig: Setting CVar [[r.HairStrands.DeepShadow.SuperSampling:0]]
[2020.12.15-12.50.19:345][  0]LogConfig: Setting CVar [[r.HairStrands.VisibilityPPLL:0]]
[2020.12.15-12.50.19:345][  0]LogConfig: Setting CVar [[r.HairStrands.RasterizationScale:0.5]]
[2020.12.15-12.50.19:345][  0]LogConfig: Setting CVar [[r.HairStrands.VelocityRasterizationScale:1]]
[2020.12.15-12.50.19:346][  0]LogConfig: Applying CVar settings from Section [Startup] File [../../../Engine/Config/ConsoleVariables.ini]
[2020.12.15-12.50.19:366][  0]LogConfig: Setting CVar [[net.UseAdaptiveNetUpdateFrequency:0]]
[2020.12.15-12.50.19:366][  0]LogConfig: Setting CVar [[p.chaos.AllowCreatePhysxBodies:1]]
[2020.12.15-12.50.19:366][  0]LogConfig: Setting CVar [[fx.SkipVectorVMBackendOptimizations:1]]
[2020.12.15-12.50.19:366][  0]LogConfig: Applying CVar settings from Section [ConsoleVariables] File [C:/Users/Tomek/Documents/GitHub/PiraciZKaribu/Dzik_scene/Dzik_scene/Saved/Config/Windows/Engine.ini]
[2020.12.15-12.50.19:367][  0]LogInit: Computer: DESKTOP-G72MMHD
[2020.12.15-12.50.19:367][  0]LogInit: User: Tomek
[2020.12.15-12.50.19:367][  0]LogInit: CPU Page size=4096, Cores=6
[2020.12.15-12.50.19:367][  0]LogInit: High frequency timer resolution =10.000000 MHz
[2020.12.15-12.50.19:368][  0]LogMemory: Memory total: Physical=16.0GB (16GB approx)
[2020.12.15-12.50.19:368][  0]LogMemory: Platform Memory Stats for Windows
[2020.12.15-12.50.19:368][  0]LogMemory: Process Physical Memory: 115.40 MB used, 115.40 MB peak
[2020.12.15-12.50.19:368][  0]LogMemory: Process Virtual Memory: 102.56 MB used, 102.56 MB peak
[2020.12.15-12.50.19:368][  0]LogMemory: Physical Memory: 9413.09 MB used,  6921.75 MB free, 16334.85 MB total
[2020.12.15-12.50.19:368][  0]LogMemory: Virtual Memory: 5172.22 MB used,  134212552.00 MB free, 134217728.00 MB total
[2020.12.15-12.50.19:376][  0]LogWindows: WindowsPlatformFeatures enabled
[2020.12.15-12.50.19:737][  0]LogInit: Physics initialised using underlying interface: PhysX
[2020.12.15-12.50.19:744][  0]LogInit: Using OS detected language (pl-PL).
[2020.12.15-12.50.19:744][  0]LogInit: Using OS detected locale (pl-PL).
[2020.12.15-12.50.19:762][  0]LogTextLocalizationManager: No specific localization for 'pl-PL' exists, so the 'pl' localization will be used.
[2020.12.15-12.50.19:764][  0]LogTextLocalizationResource: LocRes '../../../Engine/Content/Localization/Editor/pl/Editor.locres' could not be opened for reading!
[2020.12.15-12.50.19:764][  0]LogTextLocalizationResource: LocRes '../../../Engine/Content/Localization/EditorTutorials/pl/EditorTutorials.locres' could not be opened for reading!
[2020.12.15-12.50.19:764][  0]LogTextLocalizationResource: LocRes '../../../Engine/Content/Localization/Keywords/pl/Keywords.locres' could not be opened for reading!
[2020.12.15-12.50.19:764][  0]LogTextLocalizationResource: LocRes '../../../Engine/Content/Localization/Category/pl/Category.locres' could not be opened for reading!
[2020.12.15-12.50.19:764][  0]LogTextLocalizationResource: LocRes '../../../Engine/Content/Localization/ToolTips/pl/ToolTips.locres' could not be opened for reading!
[2020.12.15-12.50.19:765][  0]LogTextLocalizationResource: LocRes '../../../Engine/Content/Localization/PropertyNames/pl/PropertyNames.locres' could not be opened for reading!
[2020.12.15-12.50.19:765][  0]LogTextLocalizationResource: LocRes '../../../Engine/Content/Localization/Engine/pl/Engine.locres' could not be opened for reading!
[2020.12.15-12.50.19:798][  0]LogInit: Setting process to per monitor DPI aware
[2020.12.15-12.50.19:942][  0]LogSlate: New Slate User Created.  User Index 0, Is Virtual User: 0
[2020.12.15-12.50.19:943][  0]LogSlate: Slate User Registered.  User Index 0, Is Virtual User: 0
[2020.12.15-12.50.23:855][  0]LogHMD: Failed to initialize OpenVR with code 103
[2020.12.15-12.50.23:856][  0]LogD3D11RHI: D3D11 min allowed feature level: 11_0
[2020.12.15-12.50.23:856][  0]LogD3D11RHI: D3D11 max allowed feature level: 11_0
[2020.12.15-12.50.23:856][  0]LogD3D11RHI: D3D11 adapters:
[2020.12.15-12.50.23:954][  0]LogD3D11RHI:    0. 'Radeon RX 580 Series' (Feature Level 11_0)
[2020.12.15-12.50.23:954][  0]LogD3D11RHI:       4041/0/8167 MB DedicatedVideo/DedicatedSystem/SharedSystem, Outputs:1, VendorId:0x1002
[2020.12.15-12.50.23:957][  0]LogD3D11RHI:    1. 'Microsoft Basic Render Driver' (Feature Level 11_0)
[2020.12.15-12.50.23:958][  0]LogD3D11RHI:       0/0/8167 MB DedicatedVideo/DedicatedSystem/SharedSystem, Outputs:0, VendorId:0x1414
[2020.12.15-12.50.23:958][  0]LogD3D11RHI: Chosen D3D11 Adapter: 0
[2020.12.15-12.50.23:969][  0]LogD3D11RHI: Creating new Direct3DDevice
[2020.12.15-12.50.23:970][  0]LogD3D11RHI:     GPU DeviceId: 0x67df (for the marketing name, search the web for "GPU Device Id")
[2020.12.15-12.50.23:970][  0]LogWindows: EnumDisplayDevices:
[2020.12.15-12.50.23:971][  0]LogWindows:    0. 'Radeon RX 580 Series' (P:1 D:1)
[2020.12.15-12.50.23:971][  0]LogWindows:    1. 'Radeon RX 580 Series' (P:0 D:0)
[2020.12.15-12.50.23:972][  0]LogWindows:    2. 'Radeon RX 580 Series' (P:0 D:0)
[2020.12.15-12.50.23:972][  0]LogWindows:    3. 'Radeon RX 580 Series' (P:0 D:0)
[2020.12.15-12.50.23:972][  0]LogWindows:    4. 'Radeon RX 580 Series' (P:0 D:0)
[2020.12.15-12.50.23:973][  0]LogWindows:    5. 'Radeon RX 580 Series' (P:0 D:0)
[2020.12.15-12.50.23:973][  0]LogWindows:    6. 'Radeon RX 580 Series' (P:0 D:0)
[2020.12.15-12.50.23:974][  0]LogWindows:    7. 'Radeon RX 580 Series' (P:0 D:0)
[2020.12.15-12.50.23:974][  0]LogWindows: DebugString: FoundDriverCount:8 
[2020.12.15-12.50.23:974][  0]LogD3D11RHI:     Adapter Name: Radeon RX 580 Series
[2020.12.15-12.50.23:974][  0]LogD3D11RHI:   Driver Version: Adrenalin 19.20 (internal:26.20.12028.2, unified:26.20.12028.2)
[2020.12.15-12.50.23:974][  0]LogD3D11RHI:      Driver Date: 8-16-2019
[2020.12.15-12.50.23:974][  0]LogRHI: Texture pool is 2404 MB (70% of 3434 MB)
[2020.12.15-12.50.24:044][  0]LogD3D11RHI: RHI does not have support for 64 bit atomics
[2020.12.15-12.50.24:045][  0]LogD3D11RHI: Async texture creation enabled
[2020.12.15-12.50.24:045][  0]LogD3D11RHI: Array index from any shader is supported
[2020.12.15-12.50.24:100][  0]LogD3D11RHI: GPU Timing Frequency: 25.000000 (Debug: 2 1)
[2020.12.15-12.50.24:815][  0]LogTargetPlatformManager: Display: Loaded TargetPlatform 'AllDesktop'
[2020.12.15-12.50.24:859][  0]LogTargetPlatformManager: Display: Loaded TargetPlatform 'Android'
[2020.12.15-12.50.24:859][  0]LogTargetPlatformManager: Display: Loaded TargetPlatform 'Android_ASTC'
[2020.12.15-12.50.24:860][  0]LogTargetPlatformManager: Display: Loaded TargetPlatform 'Android_DXT'
[2020.12.15-12.50.24:860][  0]LogTargetPlatformManager: Display: Loaded TargetPlatform 'Android_ETC2'
[2020.12.15-12.50.24:860][  0]LogTargetPlatformManager: Display: Loaded TargetPlatform 'AndroidClient'
[2020.12.15-12.50.24:860][  0]LogTargetPlatformManager: Display: Loaded TargetPlatform 'Android_ASTCClient'
[2020.12.15-12.50.24:860][  0]LogTargetPlatformManager: Display: Loaded TargetPlatform 'Android_DXTClient'
[2020.12.15-12.50.24:860][  0]LogTargetPlatformManager: Display: Loaded TargetPlatform 'Android_ETC2Client'
[2020.12.15-12.50.24:860][  0]LogTargetPlatformManager: Display: Loaded TargetPlatform 'Android_Multi'
[2020.12.15-12.50.24:860][  0]LogTargetPlatformManager: Display: Loaded TargetPlatform 'Android_MultiClient'
[2020.12.15-12.50.24:956][  0]LogTargetPlatformManager: Display: Loaded TargetPlatform 'IOSClient'
[2020.12.15-12.50.24:956][  0]LogTargetPlatformManager: Display: Loaded TargetPlatform 'IOS'
[2020.12.15-12.50.25:044][  0]LogTargetPlatformManager: Display: Loaded TargetPlatform 'Lumin'
[2020.12.15-12.50.25:044][  0]LogTargetPlatformManager: Display: Loaded TargetPlatform 'LuminClient'
[2020.12.15-12.50.25:080][  0]LogTargetPlatformManager: Display: Loaded TargetPlatform 'TVOSClient'
[2020.12.15-12.50.25:080][  0]LogTargetPlatformManager: Display: Loaded TargetPlatform 'TVOS'
[2020.12.15-12.50.25:108][  0]LogTargetPlatformManager: Display: Loaded TargetPlatform 'WindowsNoEditor'
[2020.12.15-12.50.25:138][  0]LogTargetPlatformManager: Display: Loaded TargetPlatform 'Windows'
[2020.12.15-12.50.25:164][  0]LogTargetPlatformManager: Display: Loaded TargetPlatform 'WindowsClient'
[2020.12.15-12.50.25:190][  0]LogTargetPlatformManager: Display: Loaded TargetPlatform 'WindowsServer'
[2020.12.15-12.50.25:222][  0]LogTargetPlatformManager: Display: Loaded TargetPlatform 'XXX'
[2020.12.15-12.50.25:222][  0]LogTargetPlatformManager: Display: Building Assets For Windows
[2020.12.15-12.50.25:320][  0]LogAudioDebug: Display: Lib vorbis DLL was dynamically loaded.
[2020.12.15-12.50.25:708][  0]LogShaderCompilers: Guid format shader working directory is -22 characters bigger than the processId version (C:/Users/Tomek/Documents/GitHub/PiraciZKaribu/Dzik_scene/Dzik_scene/Intermediate/Shaders/WorkingDirectory/19744/).
[2020.12.15-12.50.25:708][  0]LogShaderCompilers: Cleaned the shader compiler working directory 'C:/Users/Tomek/AppData/Local/Temp/UnrealShaderWorkingDir/F0AE38B846311FB017E6EB991B71CCA1/'.
[2020.12.15-12.50.25:711][  0]LogXGEController: Cleaning working directory: C:/Users/Tomek/AppData/Local/Temp/UnrealXGEWorkingDir/
[2020.12.15-12.50.25:711][  0]LogXGEController: Cannot use XGE Controller as Incredibuild is not installed on this machine.
[2020.12.15-12.50.25:711][  0]LogShaderCompilers: Cannot use XGE Shader Compiler as Incredibuild is not installed on this machine.
[2020.12.15-12.50.25:711][  0]LogShaderCompilers: Display: Using Local Shader Compiler.
[2020.12.15-12.50.29:862][  0]LogDerivedDataCache: Display: Max Cache Size: 512 MB
[2020.12.15-12.50.29:980][  0]LogDerivedDataCache: Loaded boot cache 0.12s 76MB C:/Users/Tomek/Documents/GitHub/PiraciZKaribu/Dzik_scene/Dzik_scene/DerivedDataCache/Boot.ddc.
[2020.12.15-12.50.29:980][  0]LogDerivedDataCache: Display: Loaded Boot cache: C:/Users/Tomek/Documents/GitHub/PiraciZKaribu/Dzik_scene/Dzik_scene/DerivedDataCache/Boot.ddc
[2020.12.15-12.50.29:980][  0]LogDerivedDataCache: FDerivedDataBackendGraph:  Pak pak cache file C:/Users/Tomek/Documents/GitHub/PiraciZKaribu/Dzik_scene/Dzik_scene/DerivedDataCache/DDC.ddp not found, will not use a pak cache.
[2020.12.15-12.50.29:980][  0]LogDerivedDataCache: Unable to find inner node Pak for hierarchical cache Hierarchy.
[2020.12.15-12.50.29:981][  0]LogDerivedDataCache: FDerivedDataBackendGraph:  EnginePak pak cache file ../../../Engine/DerivedDataCache/DDC.ddp not found, will not use a pak cache.
[2020.12.15-12.50.29:981][  0]LogDerivedDataCache: Unable to find inner node EnginePak for hierarchical cache Hierarchy.
[2020.12.15-12.50.29:983][  0]LogDerivedDataCache: Using Local data cache path ../../../Engine/DerivedDataCache: Writable
[2020.12.15-12.50.29:983][  0]LogDerivedDataCache: Shared data cache path not found in *engine.ini, will not use an Shared cache.
[2020.12.15-12.50.29:983][  0]LogDerivedDataCache: Unable to find inner node Shared for hierarchical cache Hierarchy.
[2020.12.15-12.50.30:052][  0]LogSlate: Using FreeType 2.10.0
[2020.12.15-12.50.30:070][  0]LogSlate: SlateFontServices - WITH_FREETYPE: 1, WITH_HARFBUZZ: 1
[2020.12.15-12.50.30:488][  0]LogAssetRegistry: FAssetRegistry took 0.0068 seconds to start up
[2020.12.15-12.50.31:117][  0]LogInit: Selected Device Profile: [Windows]
[2020.12.15-12.50.31:669][  0]LogMeshReduction: Using QuadricMeshReduction for automatic static mesh reduction
[2020.12.15-12.50.31:669][  0]LogMeshReduction: Using SimplygonMeshReduction for automatic skeletal mesh reduction
[2020.12.15-12.50.31:669][  0]LogMeshReduction: Using ProxyLODMeshReduction for automatic mesh merging
[2020.12.15-12.50.31:669][  0]LogMeshReduction: No distributed automatic mesh merging module available
[2020.12.15-12.50.31:670][  0]LogMeshMerging: No distributed automatic mesh merging module available
[2020.12.15-12.50.31:791][  0]LogNetVersion: Dzik_scene 1.0.0, NetCL: 0, EngineNetVer: 14, GameNetVer: 0 (Checksum: 3233855641)
[2020.12.15-12.50.36:541][  0]LogAISub: UAISubsystem::UAISubsystem AISubsystem (000002129EEE7FC0), frame # 0
[2020.12.15-12.50.36:541][  0]LogAISub: UAISubsystem::UAISubsystem AIPerceptionSystem (000002129EEF3D80), frame # 0
[2020.12.15-12.50.36:548][  0]LogAISub: UAISubsystem::UAISubsystem EnvQueryManager (000002129EF55A00), frame # 0
[2020.12.15-12.50.36:676][  0]LogPackageLocalizationCache: Processed 19 localized package path(s) for 1 prioritized culture(s) in 0.068164 seconds
[2020.12.15-12.50.36:683][  0]LogUObjectArray: 15903 objects as part of root set at end of initial load.
[2020.12.15-12.50.36:683][  0]LogUObjectAllocator: 3962048 out of 0 bytes used by permanent object pool.
[2020.12.15-12.50.36:683][  0]LogUObjectArray: CloseDisregardForGC: 0/0 objects in disregard for GC pool
[2020.12.15-12.50.38:900][  0]LogTcpMessaging: Initializing TcpMessaging bridge
[2020.12.15-12.50.38:922][  0]LogUdpMessaging: Initializing bridge on interface 0.0.0.0:0 to multicast group 230.0.0.1:6666.
[2020.12.15-12.50.39:379][  0]SourceControl: Source control is disabled
[2020.12.15-12.50.39:380][  0]SourceControl: Source control is disabled
[2020.12.15-12.50.39:410][  0]SourceControl: Source control is disabled
[2020.12.15-12.50.39:431][  0]SourceControl: Source control is disabled
[2020.12.15-12.50.39:471][  0]SourceControl: Source control is disabled
[2020.12.15-12.50.40:931][  0]LogAndroidPermission: UAndroidPermissionCallbackProxy::GetInstance
[2020.12.15-12.50.41:041][  0]LogAudioCaptureCore: Display: No Audio Capture implementations found. Audio input will be silent.
[2020.12.15-12.50.41:041][  0]LogAudioCaptureCore: Display: No Audio Capture implementations found. Audio input will be silent.
[2020.12.15-12.50.41:260][  0]LogOcInput: OculusInput pre-init called
[2020.12.15-12.50.41:304][  0]LogWindows: Failed to load 'OVRPlugin.dll' (GetLastError=126)
[2020.12.15-12.50.41:304][  0]LogWindows: File 'OVRPlugin.dll' does not exist
[2020.12.15-12.50.41:635][  0]LogEngine: Initializing Engine...
[2020.12.15-12.50.41:704][  0]LogHMD: Failed to initialize OpenVR with code 103
[2020.12.15-12.50.41:704][  0]LogMagicLeap: Warning: VR disabled because ZI is not enabled.  To enable, in the editor, Edit -> Project Settings -> Plugins -> Magic Leap Plugin -> Enable Zero Iteration
[2020.12.15-12.50.41:711][  0]LogStats: UGameplayTagsManager::InitializeManager -  0.003 s
[2020.12.15-12.50.42:107][  0]LogInit: Initializing FReadOnlyCVARCache
[2020.12.15-12.50.42:195][  0]LogAIModule: Creating AISystem for world Untitled
[2020.12.15-12.50.42:195][  0]LogAISub: UAISubsystem::UAISubsystem EnvQueryManager (00000212A7CD3C00), frame # 0
[2020.12.15-12.50.42:195][  0]LogAISub: UAISubsystem::UAISubsystem AIPerceptionSystem (00000212A7D0E700), frame # 0
[2020.12.15-12.50.42:238][  0]LogAudioMixer: Display: Audio Mixer Platform Settings:
[2020.12.15-12.50.42:238][  0]LogAudioMixer: Display: 	Sample Rate:						  48000
[2020.12.15-12.50.42:238][  0]LogAudioMixer: Display: 	Callback Buffer Frame Size Requested: 1024
[2020.12.15-12.50.42:238][  0]LogAudioMixer: Display: 	Callback Buffer Frame Size To Use:	  1024
[2020.12.15-12.50.42:238][  0]LogAudioMixer: Display: 	Number of buffers to queue:			  2
[2020.12.15-12.50.42:238][  0]LogAudioMixer: Display: 	Max Channels (voices):				  32
[2020.12.15-12.50.42:238][  0]LogAudioMixer: Display: 	Number of Async Source Workers:		  0
[2020.12.15-12.50.42:238][  0]LogAudio: Display: AudioDevice MaxSources: 32
[2020.12.15-12.50.42:240][  0]LogAudio: Display: Using built-in audio occlusion.
[2020.12.15-12.50.42:240][  0]LogAudioMixer: Display: Initializing audio mixer.
[2020.12.15-12.50.42:289][  0]LogAudioMixer: Display: 0: FrontLeft
[2020.12.15-12.50.42:289][  0]LogAudioMixer: Display: 1: FrontRight
[2020.12.15-12.50.42:333][  0]LogAudioMixer: Display: Using Audio Device Słuchawki (2 — High Definition Audio Device)
[2020.12.15-12.50.42:335][  0]LogAudioMixer: Display: Initializing Sound Submixes...
[2020.12.15-12.50.42:364][  0]LogAudioMixer: Display: Creating Master Submix 'MasterSubmixDefault'
[2020.12.15-12.50.42:365][  0]LogAudioMixer: Display: Creating Master Submix 'MasterReverbSubmixDefault'
[2020.12.15-12.50.42:368][  0]LogAudioMixer: Display: Creating Master Submix 'MasterEQSubmixDefault'
[2020.12.15-12.50.42:369][  0]LogInit: FAudioDevice initialized.
[2020.12.15-12.50.42:372][  0]LogNetVersion: Set ProjectVersion to 1.0.0.0. Version Checksum will be recalculated on next use.
[2020.12.15-12.50.42:432][  0]LogDerivedDataCache: Saved boot cache 0.06s 76MB C:/Users/Tomek/Documents/GitHub/PiraciZKaribu/Dzik_scene/Dzik_scene/DerivedDataCache/Boot.ddc.
[2020.12.15-12.50.42:437][  0]LogInit: Texture streaming: Enabled
[2020.12.15-12.50.42:519][  0]LogEngineSessionManager: EngineSessionManager initialized
[2020.12.15-12.50.42:520][  0]LogEditorSessionSummary: Verbose: Initializing EditorSessionSummaryWriter for editor session tracking
[2020.12.15-12.50.42:525][  0]LogEditorSessionSummary: EditorSessionSummaryWriter initialized
[2020.12.15-12.50.42:892][  0]LogInit: Transaction tracking system initialized
[2020.12.15-12.50.43:073][  0]BlueprintLog: New page: Editor Load
[2020.12.15-12.50.43:541][  0]LocalizationService: Localization service is disabled
[2020.12.15-12.50.44:672][  0]LogCook: Display: Max memory allowance for cook 16384mb min free memory 0mb
[2020.12.15-12.50.44:674][  0]LogFileCache: Scanning file cache for directory 'C:/Users/Tomek/Documents/GitHub/PiraciZKaribu/Dzik_scene/Dzik_scene/Content/' took 0.01s
[2020.12.15-12.50.44:674][  0]LogCook: Display: Mobile HDR setting 1
[2020.12.15-12.50.46:058][  0]SourceControl: Source control is disabled
[2020.12.15-12.50.46:059][  0]LogUnrealEdMisc: Loading editor; pre map load, took 33.512
[2020.12.15-12.50.46:062][  0]Cmd: MAP LOAD FILE="C:/Users/Tomek/Documents/GitHub/PiraciZKaribu/Dzik_scene/Dzik_scene/Content/Levels/Game.umap" TEMPLATE=0 SHOWPROGRESS=1 FEATURELEVEL=3
[2020.12.15-12.50.46:063][  0]LogEditorServer: Warning: Can't find file 'C:/Users/Tomek/Documents/GitHub/PiraciZKaribu/Dzik_scene/Dzik_scene/Content/Levels/Game.umap'
[2020.12.15-12.50.46:064][  0]Cmd: MAP CHECKDEP NOCLEARLOG
[2020.12.15-12.50.46:066][  0]MapCheck: Map check complete: 0 Error(s), 0 Warning(s), took 2,352ms to complete.
[2020.12.15-12.50.46:067][  0]LogFileHelpers: Loading map 'Game' took 0.007
[2020.12.15-12.50.46:129][  0]LogUnrealEdMisc: Total Editor Startup Time, took 33.583
[2020.12.15-12.50.46:376][  0]LogSlate: Updating window title bar state: overlay mode, drag disabled, window buttons hidden, title bar hidden
[2020.12.15-12.50.46:385][  0]LogSlate: Updating window title bar state: overlay mode, drag disabled, window buttons hidden, title bar hidden
[2020.12.15-12.50.46:391][  0]LogSlate: Updating window title bar state: overlay mode, drag disabled, window buttons hidden, title bar hidden
[2020.12.15-12.50.46:398][  0]LogSlate: Updating window title bar state: overlay mode, drag disabled, window buttons hidden, title bar hidden
[2020.12.15-12.50.46:442][  0]LogCollectionManager: Loaded 0 collections in 0.000981 seconds
[2020.12.15-12.50.46:497][  0]LogFileCache: Scanning file cache for directory 'C:/Users/Tomek/Documents/GitHub/PiraciZKaribu/Dzik_scene/Dzik_scene/Saved/Collections/' took 0.00s
[2020.12.15-12.50.46:497][  0]LogFileCache: Scanning file cache for directory 'C:/Users/Tomek/Documents/GitHub/PiraciZKaribu/Dzik_scene/Dzik_scene/Content/Developers/Tomek/Collections/' took 0.00s
[2020.12.15-12.50.46:497][  0]LogFileCache: Scanning file cache for directory 'C:/Users/Tomek/Documents/GitHub/PiraciZKaribu/Dzik_scene/Dzik_scene/Content/Collections/' took 0.00s
[2020.12.15-12.50.46:497][  0]LogContentBrowser: Native class hierarchy populated in 0.0116 seconds. Added 3426 classes and 819 folders.
[2020.12.15-12.50.46:517][  0]LogContentBrowser: Native class hierarchy updated for 'WidgetCarousel' in 0.0003 seconds. Added 0 classes and 0 folders.
[2020.12.15-12.50.47:191][  0]LogContentBrowser: Native class hierarchy updated for 'AddContentDialog' in 0.0003 seconds. Added 0 classes and 0 folders.
[2020.12.15-12.50.47:217][  0]LogContentBrowser: Native class hierarchy updated for 'SceneOutliner' in 0.0007 seconds. Added 2 classes and 0 folders.
[2020.12.15-12.50.47:550][  0]LogSlate: Took 0.007487 seconds to synchronously load lazily loaded font '../../../Engine/Content/Slate/Fonts/Roboto-Regular.ttf' (155K)
[2020.12.15-12.50.47:563][  0]LogSlate: Took 0.006123 seconds to synchronously load lazily loaded font '../../../Engine/Content/Slate/Fonts/Roboto-Bold.ttf' (160K)
[2020.12.15-12.50.47:583][  0]LogSlate: Took 0.007150 seconds to synchronously load lazily loaded font '../../../Engine/Content/Editor/Slate/Fonts/FontAwesome.ttf' (139K)
[2020.12.15-12.50.47:598][  0]LogSlate: Took 0.008217 seconds to synchronously load lazily loaded font '../../../Engine/Content/Slate/Fonts/DroidSansMono.ttf' (77K)
[2020.12.15-12.50.47:883][  0]LogRenderer: Reallocating scene render targets to support 1208x572 Format 10 NumSamples 1 (Frame:1).
[2020.12.15-12.50.48:120][  0]LogContentBrowser: Native class hierarchy updated for 'HierarchicalLODOutliner' in 0.0003 seconds. Added 0 classes and 0 folders.
[2020.12.15-12.50.48:120][  0]LogLoad: (Engine Initialization) Total time: 35.57 seconds
[2020.12.15-12.50.48:121][  0]LogLoad: (Engine Initialization) Total Blueprint compile time: 0.00 seconds
[2020.12.15-12.50.48:188][  0]LogAssetRegistry: Asset discovery search completed in 17.7026 seconds
[2020.12.15-12.50.48:194][  0]LogCollectionManager: Fixed up redirectors for 0 collections in 0.000378 seconds (updated 0 objects)
[2020.12.15-12.50.48:208][  0]LogContentStreaming: Texture pool size now 1000 MB
[2020.12.15-12.50.48:269][  0]LogSlate: Took 0.007489 seconds to synchronously load lazily loaded font '../../../Engine/Content/Slate/Fonts/Roboto-Light.ttf' (167K)
[2020.12.15-12.50.49:476][  4]LogSlate: Took 0.000153 seconds to synchronously load lazily loaded font '../../../Engine/Content/Slate/Fonts/Roboto-Light.ttf' (167K)
[2020.12.15-12.50.58:339][359]LogAssetEditorSubsystem: Opening Asset editor for World /Game/Maps/Game.Game
[2020.12.15-12.50.58:374][359]LogUObjectHash: Compacting FUObjectHashTables data took   0.88ms
[2020.12.15-12.50.58:379][359]Cmd: MAP LOAD FILE="C:/Users/Tomek/Documents/GitHub/PiraciZKaribu/Dzik_scene/Dzik_scene/Content/Maps/Game.umap" TEMPLATE=0 SHOWPROGRESS=1 FEATURELEVEL=3
[2020.12.15-12.50.58:379][359]LightingResults: New page: Lighting Build
[2020.12.15-12.50.58:383][359]LogContentBrowser: Native class hierarchy updated for 'StatsViewer' in 0.0003 seconds. Added 6 classes and 0 folders.
[2020.12.15-12.50.58:384][359]LoadErrors: New page: Loading map: Game.umap
[2020.12.15-12.50.58:418][359]LogWorld: UWorld::CleanupWorld for Untitled, bSessionEnded=true, bCleanupResources=true
[2020.12.15-12.50.58:421][359]LogSlate: InvalidateAllWidgets triggered.  All widgets were invalidated
[2020.12.15-12.50.58:424][359]MapCheck: New page: Map Check
[2020.12.15-12.50.58:424][359]LightingResults: New page: Lighting Build
[2020.12.15-12.50.58:451][359]LogAISub: UAISubsystem::~UAISubsystem EnvQueryManager (00000212A7CD3C00), frame # 359
[2020.12.15-12.50.58:452][359]LogAISub: UAISubsystem::~UAISubsystem AIPerceptionSystem (00000212A7D0E700), frame # 359
[2020.12.15-12.50.58:453][359]LogUObjectHash: Compacting FUObjectHashTables data took   0.67ms
[2020.12.15-12.50.58:576][359]LogEditorServer: Finished looking for orphan Actors (0.000 secs)
[2020.12.15-12.50.58:576][359]LogAIModule: Creating AISystem for world Game
[2020.12.15-12.50.58:576][359]LogAISub: UAISubsystem::UAISubsystem EnvQueryManager (00000212C87FB000), frame # 359
[2020.12.15-12.50.58:577][359]LogAISub: UAISubsystem::UAISubsystem AIPerceptionSystem (00000212B3D69F80), frame # 359
[2020.12.15-12.50.58:615][359]LogUObjectHash: Compacting FUObjectHashTables data took   0.62ms
[2020.12.15-12.50.58:654][359]Cmd: MAP CHECKDEP NOCLEARLOG
[2020.12.15-12.50.58:654][359]MapCheck: Map check complete: 0 Error(s), 0 Warning(s), took 0,137ms to complete.
[2020.12.15-12.50.58:654][359]LogFileHelpers: Loading map 'Game' took 0.276
[2020.12.15-12.51.00:603][567]LogTemp: Repeating last play command: Selected Viewport
[2020.12.15-12.51.00:629][567]LogPlayLevel: PlayLevel: No blueprints needed recompiling
[2020.12.15-12.51.00:630][567]PIE: New page: PIE session: Game (15 gru 2020, 14:51:00)
[2020.12.15-12.51.00:635][567]LogOnline: OSS: Creating online subsystem instance for: NULL
[2020.12.15-12.51.00:638][567]LogOnline: OSS: TryLoadSubsystemAndSetDefault: Loaded subsystem for module [NULL]
[2020.12.15-12.51.00:639][567]LogPlayLevel: Creating play world package: /Game/Maps/UEDPIE_0_Game
[2020.12.15-12.51.00:654][567]LogPlayLevel: PIE: StaticDuplicateObject took: (0.014211s)
[2020.12.15-12.51.00:655][567]LogAIModule: Creating AISystem for world Game
[2020.12.15-12.51.00:655][567]LogAISub: UAISubsystem::UAISubsystem EnvQueryManager (00000212B2BCD400), frame # 567
[2020.12.15-12.51.00:655][567]LogAISub: UAISubsystem::UAISubsystem AIPerceptionSystem (00000212B4634680), frame # 567
[2020.12.15-12.51.00:656][567]LogPlayLevel: PIE: World Init took: (0.001903s)
[2020.12.15-12.51.00:656][567]LogPlayLevel: PIE: Created PIE world by copying editor world from /Game/Maps/Game.Game to /Game/Maps/UEDPIE_0_Game.Game (0.016298s)
[2020.12.15-12.51.00:667][567]LogUObjectHash: Compacting FUObjectHashTables data took   0.61ms
[2020.12.15-12.51.00:671][567]LogLoad: Game class is 'GameModeBP_C'
[2020.12.15-12.51.00:678][567]LogWorld: Bringing World /Game/Maps/UEDPIE_0_Game.Game up for play (max tick rate 0) at 2020.12.15-13.51.00
[2020.12.15-12.51.00:680][567]LogWorld: Bringing up level for play took: 0.004279
[2020.12.15-12.51.00:683][567]LogNet: ReplicationDriverClass is null! Not using ReplicationDriver.
[2020.12.15-12.51.00:684][567]LogNetCore: DDoS detection status: detection enabled: 0 analytics enabled: 0
[2020.12.15-12.51.00:685][567]LogInit: WinSock: Socket queue. Rx: 131072 (config 131072) Tx: 131072 (config 131072)
[2020.12.15-12.51.00:686][567]LogNet: Created socket for bind address: 0.0.0.0 on port 17777
[2020.12.15-12.51.00:686][567]PacketHandlerLog: Loaded PacketHandler component: Engine.EngineHandlerComponentFactory (StatelessConnectHandlerComponent)
[2020.12.15-12.51.00:688][567]LogNet: GameNetDriver IpNetDriver_0 IpNetDriver listening on port 17777
[2020.12.15-12.51.00:688][567]LogGameMode: Display: Match State Changed from EnteringMap to WaitingToStart
[2020.12.15-12.51.00:692][567]LogGameState: Match State Changed from EnteringMap to WaitingToStart
[2020.12.15-12.51.00:693][567]PIE: Server logged in
[2020.12.15-12.51.00:694][567]PIE: Play in editor total start time 0,07 seconds.
[2020.12.15-12.51.00:695][567]LogAudioMixer: Display: Audio Mixer Platform Settings:
[2020.12.15-12.51.00:695][567]LogAudioMixer: Display: 	Sample Rate:						  48000
[2020.12.15-12.51.00:695][567]LogAudioMixer: Display: 	Callback Buffer Frame Size Requested: 1024
[2020.12.15-12.51.00:695][567]LogAudioMixer: Display: 	Callback Buffer Frame Size To Use:	  1024
[2020.12.15-12.51.00:695][567]LogAudioMixer: Display: 	Number of buffers to queue:			  2
[2020.12.15-12.51.00:695][567]LogAudioMixer: Display: 	Max Channels (voices):				  32
[2020.12.15-12.51.00:695][567]LogAudioMixer: Display: 	Number of Async Source Workers:		  0
[2020.12.15-12.51.00:695][567]LogAudio: Display: AudioDevice MaxSources: 32
[2020.12.15-12.51.00:695][567]LogAudio: Display: Using built-in audio occlusion.
[2020.12.15-12.51.00:695][567]LogAudioMixer: Display: Initializing audio mixer.
[2020.12.15-12.51.00:702][567]LogAudioMixer: Display: 0: FrontLeft
[2020.12.15-12.51.00:702][567]LogAudioMixer: Display: 1: FrontRight
[2020.12.15-12.51.00:725][567]LogAudioMixer: Display: Using Audio Device Słuchawki (2 — High Definition Audio Device)
[2020.12.15-12.51.00:725][567]LogAudioMixer: Display: Initializing Sound Submixes...
[2020.12.15-12.51.00:726][567]LogAudioMixer: Display: Creating Master Submix 'MasterSubmixDefault'
[2020.12.15-12.51.00:726][567]LogAudioMixer: Display: Creating Master Submix 'MasterReverbSubmixDefault'
[2020.12.15-12.51.00:726][567]LogAudioMixer: Display: Creating Master Submix 'MasterEQSubmixDefault'
[2020.12.15-12.51.00:739][567]LogInit: FAudioDevice initialized.
[2020.12.15-12.51.00:749][567]LogNet: Browse: 127.0.0.1:17777/Game/Levels/Game
[2020.12.15-12.51.00:749][567]LogInit: WinSock: Socket queue. Rx: 32768 (config 32768) Tx: 32768 (config 32768)
[2020.12.15-12.51.00:749][567]LogNet: Created socket for bind address: 0.0.0.0 on port 0
[2020.12.15-12.51.00:750][567]PacketHandlerLog: Loaded PacketHandler component: Engine.EngineHandlerComponentFactory (StatelessConnectHandlerComponent)
[2020.12.15-12.51.00:751][567]LogNet: Game client on port 17777, rate 10000
[2020.12.15-12.51.00:752][567]PIE: Client logged in
[2020.12.15-12.51.00:753][567]PIE: Play in editor total start time 0,129 seconds.
[2020.12.15-12.51.00:760][567]LogOnline: OSS: Creating online subsystem instance for: :Context_1
[2020.12.15-12.51.01:773][683]LogNet: NotifyAcceptingConnection accepted from: 127.0.0.1:60463
[2020.12.15-12.51.01:774][683]LogHandshake: SendConnectChallenge. Timestamp: 1.179830, Cookie: 152204061088196244201237122208020229056234127162034132078176
[2020.12.15-12.51.01:775][683]LogHandshake: SendChallengeResponse. Timestamp: 1.179830, Cookie: 152204061088196244201237122208020229056234127162034132078176
[2020.12.15-12.51.01:782][684]LogNet: NotifyAcceptingConnection accepted from: 127.0.0.1:60463
[2020.12.15-12.51.01:782][684]LogHandshake: SendChallengeAck. InCookie: 152204061088196244201237122208020229056234127162034132078176
[2020.12.15-12.51.01:782][684]LogNet: Server accepting post-challenge connection from: 127.0.0.1:60463
[2020.12.15-12.51.01:782][684]PacketHandlerLog: Loaded PacketHandler component: Engine.EngineHandlerComponentFactory (StatelessConnectHandlerComponent)
[2020.12.15-12.51.01:783][684]LogNet: NotifyAcceptedConnection: Name: Game, TimeStamp: 12/15/20 13:51:01, [UNetConnection] RemoteAddr: 127.0.0.1:60463, Name: IpConnection_1, Driver: GameNetDriver IpNetDriver_0, IsServer: YES, PC: NULL, Owner: NULL, UniqueId: INVALID
[2020.12.15-12.51.01:783][684]LogNet: AddClientConnection: Added client connection: [UNetConnection] RemoteAddr: 127.0.0.1:60463, Name: IpConnection_1, Driver: GameNetDriver IpNetDriver_0, IsServer: YES, PC: NULL, Owner: NULL, UniqueId: INVALID
[2020.12.15-12.51.01:784][684]LogNetVersion: Dzik_scene 1.0.0.0, NetCL: 0, EngineNetVer: 14, GameNetVer: 0 (Checksum: 480656900)
[2020.12.15-12.51.01:784][684]LogNet: UPendingNetGame::SendInitialJoin: Sending hello. [UNetConnection] RemoteAddr: 127.0.0.1:17777, Name: IpConnection_0, Driver: PendingNetDriver IpNetDriver_1, IsServer: NO, PC: NULL, Owner: NULL, UniqueId: INVALID
[2020.12.15-12.51.01:791][685]LogNet: NotifyAcceptingChannel Control 0 server World /Game/Maps/UEDPIE_0_Game.Game: Accepted
[2020.12.15-12.51.01:792][685]LogNet: Remote platform little endian=1
[2020.12.15-12.51.01:792][685]LogNet: This platform little endian=1
[2020.12.15-12.51.01:793][685]LogOnline: OSS: Creating online subsystem instance for: :Context_2
[2020.12.15-12.51.01:799][686]LogNet: Login request: ?Name=DESKTOP-G72MMHD-C0746E414A31465D520FD38FFAD4C1E3 userId: NULL:DESKTOP-G72MMHD-C0746E414A31465D520FD38FFAD4C1E3 platform: NULL
[2020.12.15-12.51.01:800][686]LogNet: Welcomed by server (Level: /Game/Maps/UEDPIE_0_Game, Game: /Game/GameModeState/GameModeBP.GameModeBP_C)
[2020.12.15-12.51.01:800][686]LogLoad: LoadMap: 127.0.0.1:17777/Game/Maps/UEDPIE_0_Game?game=/Game/GameModeState/GameModeBP.GameModeBP_C
[2020.12.15-12.51.01:800][686]LogWorld: BeginTearingDown for /Temp/Untitled_1
[2020.12.15-12.51.01:800][686]LogWorld: UWorld::CleanupWorld for Untitled, bSessionEnded=true, bCleanupResources=true
[2020.12.15-12.51.01:800][686]LogSlate: InvalidateAllWidgets triggered.  All widgets were invalidated
[2020.12.15-12.51.01:813][686]LogUObjectHash: Compacting FUObjectHashTables data took   1.41ms
[2020.12.15-12.51.01:831][686]LogAIModule: Creating AISystem for world Game
[2020.12.15-12.51.01:831][686]LogAISub: UAISubsystem::UAISubsystem EnvQueryManager (00000212D6A69000), frame # 686
[2020.12.15-12.51.01:831][686]LogAISub: UAISubsystem::UAISubsystem AIPerceptionSystem (00000212D6A5BC40), frame # 686
[2020.12.15-12.51.01:834][686]LogWorld: Bringing World /Game/Maps/UEDPIE_1_Game.Game up for play (max tick rate 0) at 2020.12.15-13.51.01
[2020.12.15-12.51.01:835][686]LogWorld: Bringing up level for play took: 0.002859
[2020.12.15-12.51.01:836][686]LogLoad: Took 0.035507 seconds to LoadMap(/Game/Maps/UEDPIE_0_Game)
[2020.12.15-12.51.01:849][687]LogNet: Client netspeed is 10000
[2020.12.15-12.51.01:849][687]LogNet: Join request: /Game/Levels/Game?Name=DESKTOP-G72MMHD-C0746E414A31465D520FD38FFAD4C1E3?SplitscreenCount=1
[2020.12.15-12.51.01:850][687]LogOnlineSession: Warning: OSS: No game present to join for session (GameSession)
[2020.12.15-12.51.01:857][687]LogBlueprintUserMessages: [GameModeBP_C_0] Server: 1
[2020.12.15-12.51.01:857][687]LogGameMode: Display: Match State Changed from WaitingToStart to InProgress
[2020.12.15-12.51.01:857][687]LogGameState: Match State Changed from WaitingToStart to InProgress
[2020.12.15-12.51.01:858][687]LogNet: Join succeeded: DESKTOP-G72MMHD-C074
[2020.12.15-12.51.02:038][707]LogOnlineSession: Warning: OSS: No game present to join for session (GameSession)
[2020.12.15-12.51.03:805][913]LogSlate: Updating window title bar state: overlay mode, drag disabled, window buttons hidden, title bar hidden
[2020.12.15-12.51.03:805][913]LogWorld: BeginTearingDown for /Game/Maps/UEDPIE_1_Game
[2020.12.15-12.51.03:807][913]LogWorld: UWorld::CleanupWorld for Game, bSessionEnded=true, bCleanupResources=true
[2020.12.15-12.51.03:808][913]LogSlate: InvalidateAllWidgets triggered.  All widgets were invalidated
[2020.12.15-12.51.03:818][913]LogNet: World NetDriver shutdown IpNetDriver_1 [GameNetDriver]
[2020.12.15-12.51.03:818][913]LogNet: DestroyNamedNetDriver IpNetDriver_1 [GameNetDriver]
[2020.12.15-12.51.03:819][913]LogNet: UNetConnection::Close: [UNetConnection] RemoteAddr: 127.0.0.1:17777, Name: IpConnection_0, Driver: GameNetDriver IpNetDriver_1, IsServer: NO, PC: PlayerControllerBP_C_0, Owner: PlayerControllerBP_C_0, UniqueId: NULL:DESKTOP-G72MMHD-C0746E414A31465D520FD38FFAD4C1E3, Channels: 8, Time: 2020.12.15-12.51.03
[2020.12.15-12.51.03:819][913]LogNet: UChannel::Close: Sending CloseBunch. ChIndex == 0. Name: [UChannel] ChIndex: 0, Closing: 0 [UNetConnection] RemoteAddr: 127.0.0.1:17777, Name: IpConnection_0, Driver: GameNetDriver IpNetDriver_1, IsServer: NO, PC: PlayerControllerBP_C_0, Owner: PlayerControllerBP_C_0, UniqueId: NULL:DESKTOP-G72MMHD-C0746E414A31465D520FD38FFAD4C1E3
[2020.12.15-12.51.03:819][913]LogExit: GameNetDriver IpNetDriver_1 shut down
[2020.12.15-12.51.03:820][913]LogWorld: BeginTearingDown for /Game/Maps/UEDPIE_0_Game
[2020.12.15-12.51.03:821][913]LogWorld: UWorld::CleanupWorld for Game, bSessionEnded=true, bCleanupResources=true
[2020.12.15-12.51.03:821][913]LogSlate: InvalidateAllWidgets triggered.  All widgets were invalidated
[2020.12.15-12.51.03:822][913]LogNet: World NetDriver shutdown IpNetDriver_0 [GameNetDriver]
[2020.12.15-12.51.03:822][913]LogNet: DestroyNamedNetDriver IpNetDriver_0 [GameNetDriver]
[2020.12.15-12.51.03:822][913]LogNet: UNetConnection::Cleanup: Closing open connection. [UNetConnection] RemoteAddr: 127.0.0.1:60463, Name: IpConnection_1, Driver: GameNetDriver IpNetDriver_0, IsServer: YES, PC: PlayerControllerBP_C_0, Owner: PlayerControllerBP_C_0, UniqueId: NULL:DESKTOP-G72MMHD-C0746E414A31465D520FD38FFAD4C1E3
[2020.12.15-12.51.03:822][913]LogNet: UNetConnection::Close: [UNetConnection] RemoteAddr: 127.0.0.1:60463, Name: IpConnection_1, Driver: GameNetDriver IpNetDriver_0, IsServer: YES, PC: PlayerControllerBP_C_0, Owner: PlayerControllerBP_C_0, UniqueId: NULL:DESKTOP-G72MMHD-C0746E414A31465D520FD38FFAD4C1E3, Channels: 8, Time: 2020.12.15-12.51.03
[2020.12.15-12.51.03:822][913]LogNet: UChannel::Close: Sending CloseBunch. ChIndex == 0. Name: [UChannel] ChIndex: 0, Closing: 0 [UNetConnection] RemoteAddr: 127.0.0.1:60463, Name: IpConnection_1, Driver: GameNetDriver IpNetDriver_0, IsServer: YES, PC: PlayerControllerBP_C_0, Owner: PlayerControllerBP_C_0, UniqueId: NULL:DESKTOP-G72MMHD-C0746E414A31465D520FD38FFAD4C1E3
[2020.12.15-12.51.03:822][913]LogExit: GameNetDriver IpNetDriver_0 shut down
[2020.12.15-12.51.03:823][913]LogPlayLevel: Display: Shutting down PIE online subsystems
[2020.12.15-12.51.03:826][913]LogSlate: InvalidateAllWidgets triggered.  All widgets were invalidated
[2020.12.15-12.51.03:839][913]LogSlate: Updating window title bar state: overlay mode, drag disabled, window buttons hidden, title bar hidden
[2020.12.15-12.51.03:861][913]LogAISub: UAISubsystem::~UAISubsystem AIPerceptionSystem (00000212B4634680), frame # 913
[2020.12.15-12.51.03:861][913]LogAISub: UAISubsystem::~UAISubsystem EnvQueryManager (00000212B2BCD400), frame # 913
[2020.12.15-12.51.03:862][913]LogAISub: UAISubsystem::~UAISubsystem EnvQueryManager (00000212D6A69000), frame # 913
[2020.12.15-12.51.03:862][913]LogAISub: UAISubsystem::~UAISubsystem AIPerceptionSystem (00000212D6A5BC40), frame # 913
[2020.12.15-12.51.03:864][913]LogUObjectHash: Compacting FUObjectHashTables data took   0.63ms
[2020.12.15-12.51.03:904][914]LogPlayLevel: Display: Destroying online subsystem :Context_2
[2020.12.15-12.51.03:904][914]LogPlayLevel: Display: Destroying online subsystem :Context_1
