Log file open, 11/30/20 23:01:18
LogInit: Display: Running engine for game: Dzik_scene
LogPlatformFile: Not using cached read wrapper
LogTaskGraph: Started task graph with 5 named threads and 35 total threads with 3 sets of task threads.
LogStats: Stats thread started at 0.629342
LogD3D11RHI: Loaded GFSDK_Aftermath_Lib.x64.dll
LogICUInternationalization: ICU TimeZone Detection - Raw Offset: +1:00, Platform Override: ''
LogPluginManager: Mounting plugin Paper2D
LogPluginManager: Mounting plugin AISupport
LogPluginManager: Mounting plugin LightPropagationVolume
LogPluginManager: Mounting plugin CameraShakePreviewer
LogPluginManager: Mounting plugin ActorLayerUtilities
LogPluginManager: Mounting plugin AnimationSharing
LogPluginManager: Mounting plugin CLionSourceCodeAccess
LogPluginManager: Mounting plugin CodeLiteSourceCodeAccess
LogPluginManager: Mounting plugin GitSourceControl
LogPluginManager: Mounting plugin KDevelopSourceCodeAccess
LogPluginManager: Mounting plugin NullSourceCodeAccess
LogPluginManager: Mounting plugin PerforceSourceControl
LogPluginManager: Mounting plugin PlasticSourceControl
LogPluginManager: Mounting plugin RiderSourceCodeAccess
LogPluginManager: Mounting plugin SubversionSourceControl
LogPluginManager: Mounting plugin UObjectPlugin
LogPluginManager: Mounting plugin VisualStudioCodeSourceCodeAccess
LogPluginManager: Mounting plugin VisualStudioSourceCodeAccess
LogPluginManager: Mounting plugin XCodeSourceCodeAccess
LogPluginManager: Mounting plugin AssetManagerEditor
LogPluginManager: Mounting plugin CryptoKeys
LogPluginManager: Mounting plugin CurveEditorTools
LogPluginManager: Mounting plugin DataValidation
LogPluginManager: Mounting plugin EditorScriptingUtilities
LogPluginManager: Mounting plugin FacialAnimation
LogPluginManager: Mounting plugin GameplayTagsEditor
LogPluginManager: Mounting plugin GeometryMode
LogPluginManager: Mounting plugin MacGraphicsSwitching
LogPluginManager: Mounting plugin MaterialAnalyzer
LogPluginManager: Mounting plugin MobileLauncherProfileWizard
LogPluginManager: Mounting plugin PluginBrowser
LogPluginManager: Mounting plugin SpeedTreeImporter
LogPluginManager: Mounting plugin DatasmithContent
LogPluginManager: Mounting plugin VariantManagerContent
LogPluginManager: Mounting plugin AlembicImporter
LogPluginManager: Mounting plugin AutomationUtils
LogPluginManager: Mounting plugin BackChannel
LogPluginManager: Mounting plugin ChaosCloth
LogPluginManager: Mounting plugin ChaosClothEditor
LogPluginManager: Mounting plugin ChaosEditor
LogPluginManager: Mounting plugin ChaosNiagara
LogPluginManager: Mounting plugin ChaosSolverPlugin
LogPluginManager: Mounting plugin CharacterAI
LogPluginManager: Mounting plugin GeometryCache
LogPluginManager: Mounting plugin GeometryCollectionPlugin
LogPluginManager: Mounting plugin GeometryProcessing
LogPluginManager: Mounting plugin PlanarCut
LogPluginManager: Mounting plugin PlatformCrypto
LogPluginManager: Mounting plugin ProxyLODPlugin
LogPluginManager: Mounting plugin SkeletalReduction
LogPluginManager: Mounting plugin Niagara
LogPluginManager: Mounting plugin MagicLeap
LogPluginManager: Mounting plugin MagicLeapLightEstimation
LogPluginManager: Mounting plugin MagicLeapMedia
LogPluginManager: Mounting plugin MagicLeapPassableWorld
LogPluginManager: Mounting plugin MLSDK
LogPluginManager: Mounting plugin AndroidMedia
LogPluginManager: Mounting plugin AvfMedia
LogPluginManager: Mounting plugin ImgMedia
LogPluginManager: Mounting plugin MediaCompositing
LogPluginManager: Mounting plugin MediaPlayerEditor
LogPluginManager: Mounting plugin WebMMedia
LogPluginManager: Mounting plugin WmfMedia
LogPluginManager: Mounting plugin MeshPainting
LogPluginManager: Mounting plugin TcpMessaging
LogPluginManager: Mounting plugin UdpMessaging
LogPluginManager: Mounting plugin ActorSequence
LogPluginManager: Mounting plugin LevelSequenceEditor
LogPluginManager: Mounting plugin MatineeToLevelSequence
LogPluginManager: Mounting plugin MovieRenderPipeline
LogPluginManager: Mounting plugin TemplateSequence
LogPluginManager: Mounting plugin NetcodeUnitTest
LogPluginManager: Mounting plugin NUTUnrealEngine4
LogPluginManager: Mounting plugin OnlineSubsystemGooglePlay
LogPluginManager: Mounting plugin OnlineSubsystemIOS
LogPluginManager: Mounting plugin OnlineSubsystem
LogPluginManager: Mounting plugin OnlineSubsystemNull
LogPluginManager: Mounting plugin OnlineSubsystemUtils
LogPluginManager: Mounting plugin LauncherChunkInstaller
LogPluginManager: Mounting plugin AndroidDeviceProfileSelector
LogPluginManager: Mounting plugin AndroidMoviePlayer
LogPluginManager: Mounting plugin AndroidPermission
LogPluginManager: Mounting plugin AppleImageUtils
LogPluginManager: Mounting plugin AppleMoviePlayer
LogPluginManager: Mounting plugin ArchVisCharacter
LogPluginManager: Mounting plugin AssetTags
LogPluginManager: Mounting plugin AudioCapture
LogPluginManager: Mounting plugin CableComponent
LogPluginManager: Mounting plugin CustomMeshComponent
LogPluginManager: Mounting plugin EditableMesh
LogPluginManager: Mounting plugin ExampleDeviceProfileSelector
LogPluginManager: Mounting plugin GoogleCloudMessaging
LogPluginManager: Mounting plugin GooglePAD
LogPluginManager: Mounting plugin IOSDeviceProfileSelector
LogPluginManager: Mounting plugin LinuxDeviceProfileSelector
LogPluginManager: Mounting plugin LocationServicesBPLibrary
LogPluginManager: Mounting plugin MobilePatchingUtils
LogPluginManager: Mounting plugin OculusVR
LogPluginManager: Mounting plugin PhysXVehicles
LogPluginManager: Mounting plugin PostSplashScreen
LogPluginManager: Mounting plugin ProceduralMeshComponent
LogPluginManager: Mounting plugin RuntimePhysXCooking
LogPluginManager: Mounting plugin SignificanceManager
LogPluginManager: Mounting plugin SoundFields
LogPluginManager: Mounting plugin SteamVR
LogPluginManager: Mounting plugin Synthesis
LogPluginManager: Mounting plugin WebMMoviePlayer
LogPluginManager: Mounting plugin WindowsMoviePlayer
LogPluginManager: Mounting plugin ScreenshotTools
LogInit: Using libcurl 7.55.1-DEV
LogInit:  - built for x86_64-pc-win32
LogInit:  - supports SSL with OpenSSL/1.1.1
LogInit:  - supports HTTP deflate (compression) using libz 1.2.8
LogInit:  - other features:
LogInit:      CURL_VERSION_SSL
LogInit:      CURL_VERSION_LIBZ
LogInit:      CURL_VERSION_IPV6
LogInit:      CURL_VERSION_ASYNCHDNS
LogInit:      CURL_VERSION_LARGEFILE
LogInit:      CURL_VERSION_IDN
LogInit:  CurlRequestOptions (configurable via config and command line):
LogInit:  - bVerifyPeer = true  - Libcurl will verify peer certificate
LogInit:  - bUseHttpProxy = false  - Libcurl will NOT use HTTP proxy
LogInit:  - bDontReuseConnections = false  - Libcurl will reuse connections
LogInit:  - MaxHostConnections = 16  - Libcurl will limit the number of connections to a host
LogInit:  - LocalHostAddr = Default
LogInit:  - BufferSize = 65536
LogOnline: OSS: Creating online subsystem instance for: NULL
LogInit: WinSock: version 1.1 (2.2), MaxSocks=32767, MaxUdp=65467
LogOnline: OSS: TryLoadSubsystemAndSetDefault: Loaded subsystem for module [NULL]
LogInit: Build: ++UE4+Release-4.25-CL-0
LogInit: Engine Version: 4.25.4-0+++UE4+Release-4.25
LogInit: Compatible Engine Version: 4.25.0-0+++UE4+Release-4.25
LogInit: Net CL: 0
LogInit: OS: Windows 10 (Release 1909) (), CPU: AMD Ryzen 5 2600 Six-Core Processor            , GPU: Radeon RX 580 Series
LogInit: Compiled (64-bit): Nov 24 2020 12:52:40
LogInit: Compiled with Visual C++: 19.27.29112.00
LogInit: Build Configuration: Development
LogInit: Branch Name: ++UE4+Release-4.25
LogInit: Command Line: 
LogInit: Base Directory: D:/UE4.25.4/Engine/Binaries/Win64/
LogInit: Allocator: TBB
LogInit: Installed Engine Build: 0
LogDevObjectVersion: Number of dev versions registered: 26
LogDevObjectVersion:   Dev-Blueprints (B0D832E4-1F89-4F0D-ACCF-7EB736FD4AA2): 10
LogDevObjectVersion:   Dev-Build (E1C64328-A22C-4D53-A36C-8E866417BD8C): 0
LogDevObjectVersion:   Dev-Core (375EC13C-06E4-48FB-B500-84F0262A717E): 4
LogDevObjectVersion:   Dev-Editor (E4B068ED-F494-42E9-A231-DA0B2E46BB41): 38
LogDevObjectVersion:   Dev-Framework (CFFC743F-43B0-4480-9391-14DF171D2073): 37
LogDevObjectVersion:   Dev-Mobile (B02B49B5-BB20-44E9-A304-32B752E40360): 2
LogDevObjectVersion:   Dev-Networking (A4E4105C-59A1-49B5-A7C5-40C4547EDFEE): 0
LogDevObjectVersion:   Dev-Online (39C831C9-5AE6-47DC-9A44-9C173E1C8E7C): 0
LogDevObjectVersion:   Dev-Physics (78F01B33-EBEA-4F98-B9B4-84EACCB95AA2): 4
LogDevObjectVersion:   Dev-Platform (6631380F-2D4D-43E0-8009-CF276956A95A): 0
LogDevObjectVersion:   Dev-Rendering (12F88B9F-8875-4AFC-A67C-D90C383ABD29): 43
LogDevObjectVersion:   Dev-Sequencer (7B5AE74C-D270-4C10-A958-57980B212A5A): 12
LogDevObjectVersion:   Dev-VR (D7296918-1DD6-4BDD-9DE2-64A83CC13884): 3
LogDevObjectVersion:   Dev-LoadTimes (C2A15278-BFE7-4AFE-6C17-90FF531DF755): 1
LogDevObjectVersion:   Private-Geometry (6EACA3D4-40EC-4CC1-B786-8BED09428FC5): 3
LogDevObjectVersion:   Dev-AnimPhys (29E575DD-E0A3-4627-9D10-D276232CDCEA): 17
LogDevObjectVersion:   Dev-Anim (AF43A65D-7FD3-4947-9873-3E8ED9C1BB05): 7
LogDevObjectVersion:   Dev-ReflectionCapture (6B266CEC-1EC7-4B8F-A30B-E4D90942FC07): 1
LogDevObjectVersion:   Dev-Automation (0DF73D61-A23F-47EA-B727-89E90C41499A): 1
LogDevObjectVersion:   FortniteMain (601D1886-AC64-4F84-AA16-D3DE0DEAC7D6): 31
LogDevObjectVersion:   Dev-Enterprise (9DFFBCD6-494F-0158-E221-12823C92A888): 10
LogDevObjectVersion:   Dev-Niagara (F2AED0AC-9AFE-416F-8664-AA7FFA26D6FC): 1
LogDevObjectVersion:   Dev-Destruction (174F1F0B-B4C6-45A5-B13F-2EE8D0FB917D): 10
LogDevObjectVersion:   Dev-Physics-Ext (35F94A83-E258-406C-A318-09F59610247C): 37
LogDevObjectVersion:   Dev-PhysicsMaterial-Chaos (B68FC16E-8B1B-42E2-B453-215C058844FE): 1
LogDevObjectVersion:   Dev-CineCamera (B2E18506-4273-CFC2-A54E-F4BB758BBA07): 1
LogInit: Presizing for max 25165824 objects, including 0 objects not considered by GC, pre-allocating 0 bytes for permanent pool.
LogConfig: Applying CVar settings from Section [/Script/Engine.StreamingSettings] File [C:/Users/Tomek/Desktop/Dzik scene (1)/Dzik_scene/Saved/Config/Windows/Engine.ini]
LogConfig: Setting CVar [[s.MinBulkDataSizeForAsyncLoading:131072]]
LogConfig: Setting CVar [[s.AsyncLoadingThreadEnabled:0]]
LogConfig: Setting CVar [[s.EventDrivenLoaderEnabled:1]]
LogConfig: Setting CVar [[s.WarnIfTimeLimitExceeded:0]]
LogConfig: Setting CVar [[s.TimeLimitExceededMultiplier:1.5]]
LogConfig: Setting CVar [[s.TimeLimitExceededMinTime:0.005]]
LogConfig: Setting CVar [[s.UseBackgroundLevelStreaming:1]]
LogConfig: Setting CVar [[s.PriorityAsyncLoadingExtraTime:15.0]]
LogConfig: Setting CVar [[s.LevelStreamingActorsUpdateTimeLimit:5.0]]
LogConfig: Setting CVar [[s.PriorityLevelStreamingActorsUpdateExtraTime:5.0]]
LogConfig: Setting CVar [[s.LevelStreamingComponentsRegistrationGranularity:10]]
LogConfig: Setting CVar [[s.UnregisterComponentsTimeLimit:1.0]]
LogConfig: Setting CVar [[s.LevelStreamingComponentsUnregistrationGranularity:5]]
LogConfig: Setting CVar [[s.FlushStreamingOnExit:1]]
LogInit: Object subsystem initialized
LogConfig: Setting CVar [[con.DebugEarlyDefault:1]]
LogConfig: Setting CVar [[r.setres:1280x720]]
[2020.11.30-22.01.19:462][  0]LogConfig: Setting CVar [[r.VSync:0]]
[2020.11.30-22.01.19:462][  0]LogConfig: Setting CVar [[r.RHICmdBypass:0]]
[2020.11.30-22.01.19:463][  0]LogConfig: Applying CVar settings from Section [/Script/Engine.RendererSettings] File [C:/Users/Tomek/Desktop/Dzik scene (1)/Dzik_scene/Saved/Config/Windows/Engine.ini]
[2020.11.30-22.01.19:463][  0]LogConfig: Setting CVar [[r.GPUCrashDebugging:0]]
[2020.11.30-22.01.19:463][  0]LogConfig: Applying CVar settings from Section [/Script/Engine.RendererOverrideSettings] File [C:/Users/Tomek/Desktop/Dzik scene (1)/Dzik_scene/Saved/Config/Windows/Engine.ini]
[2020.11.30-22.01.19:463][  0]LogConfig: Applying CVar settings from Section [/Script/Engine.StreamingSettings] File [C:/Users/Tomek/Desktop/Dzik scene (1)/Dzik_scene/Saved/Config/Windows/Engine.ini]
[2020.11.30-22.01.19:463][  0]LogConfig: Setting CVar [[s.MinBulkDataSizeForAsyncLoading:131072]]
[2020.11.30-22.01.19:463][  0]LogConfig: Setting CVar [[s.AsyncLoadingThreadEnabled:0]]
[2020.11.30-22.01.19:463][  0]LogConfig: Setting CVar [[s.EventDrivenLoaderEnabled:1]]
[2020.11.30-22.01.19:463][  0]LogConfig: Setting CVar [[s.WarnIfTimeLimitExceeded:0]]
[2020.11.30-22.01.19:463][  0]LogConfig: Setting CVar [[s.TimeLimitExceededMultiplier:1.5]]
[2020.11.30-22.01.19:463][  0]LogConfig: Setting CVar [[s.TimeLimitExceededMinTime:0.005]]
[2020.11.30-22.01.19:463][  0]LogConfig: Setting CVar [[s.UseBackgroundLevelStreaming:1]]
[2020.11.30-22.01.19:463][  0]LogConfig: Setting CVar [[s.PriorityAsyncLoadingExtraTime:15.0]]
[2020.11.30-22.01.19:463][  0]LogConfig: Setting CVar [[s.LevelStreamingActorsUpdateTimeLimit:5.0]]
[2020.11.30-22.01.19:463][  0]LogConfig: Setting CVar [[s.PriorityLevelStreamingActorsUpdateExtraTime:5.0]]
[2020.11.30-22.01.19:463][  0]LogConfig: Setting CVar [[s.LevelStreamingComponentsRegistrationGranularity:10]]
[2020.11.30-22.01.19:463][  0]LogConfig: Setting CVar [[s.UnregisterComponentsTimeLimit:1.0]]
[2020.11.30-22.01.19:463][  0]LogConfig: Setting CVar [[s.LevelStreamingComponentsUnregistrationGranularity:5]]
[2020.11.30-22.01.19:463][  0]LogConfig: Setting CVar [[s.FlushStreamingOnExit:1]]
[2020.11.30-22.01.19:463][  0]LogConfig: Applying CVar settings from Section [/Script/Engine.GarbageCollectionSettings] File [C:/Users/Tomek/Desktop/Dzik scene (1)/Dzik_scene/Saved/Config/Windows/Engine.ini]
[2020.11.30-22.01.19:463][  0]LogConfig: Setting CVar [[gc.MaxObjectsNotConsideredByGC:1]]
[2020.11.30-22.01.19:463][  0]LogConfig: Setting CVar [[gc.SizeOfPermanentObjectPool:0]]
[2020.11.30-22.01.19:463][  0]LogConfig: Setting CVar [[gc.FlushStreamingOnGC:0]]
[2020.11.30-22.01.19:463][  0]LogConfig: Setting CVar [[gc.NumRetriesBeforeForcingGC:10]]
[2020.11.30-22.01.19:463][  0]LogConfig: Setting CVar [[gc.AllowParallelGC:1]]
[2020.11.30-22.01.19:463][  0]LogConfig: Setting CVar [[gc.TimeBetweenPurgingPendingKillObjects:61.1]]
[2020.11.30-22.01.19:463][  0]LogConfig: Setting CVar [[gc.MaxObjectsInEditor:25165824]]
[2020.11.30-22.01.19:463][  0]LogConfig: Setting CVar [[gc.IncrementalBeginDestroyEnabled:1]]
[2020.11.30-22.01.19:463][  0]LogConfig: Setting CVar [[gc.CreateGCClusters:1]]
[2020.11.30-22.01.19:463][  0]LogConfig: Setting CVar [[gc.MinGCClusterSize:5]]
[2020.11.30-22.01.19:463][  0]LogConfig: Setting CVar [[gc.ActorClusteringEnabled:0]]
[2020.11.30-22.01.19:463][  0]LogConfig: Setting CVar [[gc.BlueprintClusteringEnabled:0]]
[2020.11.30-22.01.19:463][  0]LogConfig: Setting CVar [[gc.UseDisregardForGCOnDedicatedServers:0]]
[2020.11.30-22.01.19:463][  0]LogConfig: Applying CVar settings from Section [/Script/Engine.NetworkSettings] File [C:/Users/Tomek/Desktop/Dzik scene (1)/Dzik_scene/Saved/Config/Windows/Engine.ini]
[2020.11.30-22.01.19:463][  0]LogConfig: Applying CVar settings from Section [/Script/UnrealEd.CookerSettings] File [C:/Users/Tomek/Desktop/Dzik scene (1)/Dzik_scene/Saved/Config/Windows/Engine.ini]
[2020.11.30-22.01.19:469][  0]LogConfig: Applying CVar settings from Section [ViewDistanceQuality@3] File [C:/Users/Tomek/Desktop/Dzik scene (1)/Dzik_scene/Saved/Config/Windows/Scalability.ini]
[2020.11.30-22.01.19:469][  0]LogConfig: Setting CVar [[r.SkeletalMeshLODBias:0]]
[2020.11.30-22.01.19:469][  0]LogConfig: Setting CVar [[r.ViewDistanceScale:1.0]]
[2020.11.30-22.01.19:469][  0]LogConfig: Applying CVar settings from Section [AntiAliasingQuality@3] File [C:/Users/Tomek/Desktop/Dzik scene (1)/Dzik_scene/Saved/Config/Windows/Scalability.ini]
[2020.11.30-22.01.19:469][  0]LogConfig: Setting CVar [[r.PostProcessAAQuality:4]]
[2020.11.30-22.01.19:469][  0]LogConfig: Applying CVar settings from Section [ShadowQuality@3] File [C:/Users/Tomek/Desktop/Dzik scene (1)/Dzik_scene/Saved/Config/Windows/Scalability.ini]
[2020.11.30-22.01.19:469][  0]LogConfig: Setting CVar [[r.LightFunctionQuality:1]]
[2020.11.30-22.01.19:469][  0]LogConfig: Setting CVar [[r.ShadowQuality:5]]
[2020.11.30-22.01.19:469][  0]LogConfig: Setting CVar [[r.Shadow.CSM.MaxCascades:10]]
[2020.11.30-22.01.19:469][  0]LogConfig: Setting CVar [[r.Shadow.MaxResolution:2048]]
[2020.11.30-22.01.19:469][  0]LogConfig: Setting CVar [[r.Shadow.MaxCSMResolution:2048]]
[2020.11.30-22.01.19:469][  0]LogConfig: Setting CVar [[r.Shadow.RadiusThreshold:0.01]]
[2020.11.30-22.01.19:469][  0]LogConfig: Setting CVar [[r.Shadow.DistanceScale:1.0]]
[2020.11.30-22.01.19:469][  0]LogConfig: Setting CVar [[r.Shadow.CSM.TransitionScale:1.0]]
[2020.11.30-22.01.19:469][  0]LogConfig: Setting CVar [[r.Shadow.PreShadowResolutionFactor:1.0]]
[2020.11.30-22.01.19:470][  0]LogConfig: Setting CVar [[r.DistanceFieldShadowing:1]]
[2020.11.30-22.01.19:470][  0]LogConfig: Setting CVar [[r.DistanceFieldAO:1]]
[2020.11.30-22.01.19:470][  0]LogConfig: Setting CVar [[r.AOQuality:2]]
[2020.11.30-22.01.19:470][  0]LogConfig: Setting CVar [[r.VolumetricFog:1]]
[2020.11.30-22.01.19:470][  0]LogConfig: Setting CVar [[r.VolumetricFog.GridPixelSize:8]]
[2020.11.30-22.01.19:470][  0]LogConfig: Setting CVar [[r.VolumetricFog.GridSizeZ:128]]
[2020.11.30-22.01.19:470][  0]LogConfig: Setting CVar [[r.VolumetricFog.HistoryMissSupersampleCount:4]]
[2020.11.30-22.01.19:470][  0]LogConfig: Setting CVar [[r.LightMaxDrawDistanceScale:1]]
[2020.11.30-22.01.19:470][  0]LogConfig: Setting CVar [[r.CapsuleShadows:1]]
[2020.11.30-22.01.19:470][  0]LogConfig: Applying CVar settings from Section [PostProcessQuality@3] File [C:/Users/Tomek/Desktop/Dzik scene (1)/Dzik_scene/Saved/Config/Windows/Scalability.ini]
[2020.11.30-22.01.19:470][  0]LogConfig: Setting CVar [[r.MotionBlurQuality:4]]
[2020.11.30-22.01.19:470][  0]LogConfig: Setting CVar [[r.AmbientOcclusionMipLevelFactor:0.4]]
[2020.11.30-22.01.19:470][  0]LogConfig: Setting CVar [[r.AmbientOcclusionMaxQuality:100]]
[2020.11.30-22.01.19:470][  0]LogConfig: Setting CVar [[r.AmbientOcclusionLevels:-1]]
[2020.11.30-22.01.19:470][  0]LogConfig: Setting CVar [[r.AmbientOcclusionRadiusScale:1.0]]
[2020.11.30-22.01.19:470][  0]LogConfig: Setting CVar [[r.DepthOfFieldQuality:2]]
[2020.11.30-22.01.19:470][  0]LogConfig: Setting CVar [[r.RenderTargetPoolMin:400]]
[2020.11.30-22.01.19:470][  0]LogConfig: Setting CVar [[r.LensFlareQuality:2]]
[2020.11.30-22.01.19:470][  0]LogConfig: Setting CVar [[r.SceneColorFringeQuality:1]]
[2020.11.30-22.01.19:470][  0]LogConfig: Setting CVar [[r.EyeAdaptationQuality:2]]
[2020.11.30-22.01.19:470][  0]LogConfig: Setting CVar [[r.BloomQuality:5]]
[2020.11.30-22.01.19:470][  0]LogConfig: Setting CVar [[r.FastBlurThreshold:100]]
[2020.11.30-22.01.19:470][  0]LogConfig: Setting CVar [[r.Upscale.Quality:3]]
[2020.11.30-22.01.19:470][  0]LogConfig: Setting CVar [[r.Tonemapper.GrainQuantization:1]]
[2020.11.30-22.01.19:470][  0]LogConfig: Setting CVar [[r.LightShaftQuality:1]]
[2020.11.30-22.01.19:470][  0]LogConfig: Setting CVar [[r.Filter.SizeScale:1]]
[2020.11.30-22.01.19:470][  0]LogConfig: Setting CVar [[r.Tonemapper.Quality:5]]
[2020.11.30-22.01.19:470][  0]LogConfig: Setting CVar [[r.DOF.Gather.AccumulatorQuality:1        ; higher gathering accumulator quality]]
[2020.11.30-22.01.19:470][  0]LogConfig: Setting CVar [[r.DOF.Gather.PostfilterMethod:1          ; Median3x3 postfilering method]]
[2020.11.30-22.01.19:470][  0]LogConfig: Setting CVar [[r.DOF.Gather.EnableBokehSettings:0       ; no bokeh simulation when gathering]]
[2020.11.30-22.01.19:470][  0]LogConfig: Setting CVar [[r.DOF.Gather.RingCount:4                 ; medium number of samples when gathering]]
[2020.11.30-22.01.19:470][  0]LogConfig: Setting CVar [[r.DOF.Scatter.ForegroundCompositing:1    ; additive foreground scattering]]
[2020.11.30-22.01.19:470][  0]LogConfig: Setting CVar [[r.DOF.Scatter.BackgroundCompositing:2    ; additive background scattering]]
[2020.11.30-22.01.19:470][  0]LogConfig: Setting CVar [[r.DOF.Scatter.EnableBokehSettings:1      ; bokeh simulation when scattering]]
[2020.11.30-22.01.19:470][  0]LogConfig: Setting CVar [[r.DOF.Scatter.MaxSpriteRatio:0.1         ; only a maximum of 10% of scattered bokeh]]
[2020.11.30-22.01.19:470][  0]LogConfig: Setting CVar [[r.DOF.Recombine.Quality:1                ; cheap slight out of focus]]
[2020.11.30-22.01.19:470][  0]LogConfig: Setting CVar [[r.DOF.Recombine.EnableBokehSettings:0    ; no bokeh simulation on slight out of focus]]
[2020.11.30-22.01.19:470][  0]LogConfig: Setting CVar [[r.DOF.TemporalAAQuality:1                ; more stable temporal accumulation]]
[2020.11.30-22.01.19:470][  0]LogConfig: Setting CVar [[r.DOF.Kernel.MaxForegroundRadius:0.025]]
[2020.11.30-22.01.19:470][  0]LogConfig: Setting CVar [[r.DOF.Kernel.MaxBackgroundRadius:0.025]]
[2020.11.30-22.01.19:470][  0]LogConfig: Applying CVar settings from Section [TextureQuality@3] File [C:/Users/Tomek/Desktop/Dzik scene (1)/Dzik_scene/Saved/Config/Windows/Scalability.ini]
[2020.11.30-22.01.19:470][  0]LogConfig: Setting CVar [[r.Streaming.MipBias:0]]
[2020.11.30-22.01.19:470][  0]LogConfig: Setting CVar [[r.Streaming.AmortizeCPUToGPUCopy:0]]
[2020.11.30-22.01.19:470][  0]LogConfig: Setting CVar [[r.Streaming.MaxNumTexturesToStreamPerFrame:0]]
[2020.11.30-22.01.19:470][  0]LogConfig: Setting CVar [[r.Streaming.Boost:1]]
[2020.11.30-22.01.19:470][  0]LogConfig: Setting CVar [[r.MaxAnisotropy:8]]
[2020.11.30-22.01.19:470][  0]LogConfig: Setting CVar [[r.VT.MaxAnisotropy:8]]
[2020.11.30-22.01.19:470][  0]LogConfig: Setting CVar [[r.Streaming.LimitPoolSizeToVRAM:0]]
[2020.11.30-22.01.19:470][  0]LogConfig: Setting CVar [[r.Streaming.PoolSize:1000]]
[2020.11.30-22.01.19:470][  0]LogConfig: Setting CVar [[r.Streaming.MaxEffectiveScreenSize:0]]
[2020.11.30-22.01.19:470][  0]LogConfig: Applying CVar settings from Section [EffectsQuality@3] File [C:/Users/Tomek/Desktop/Dzik scene (1)/Dzik_scene/Saved/Config/Windows/Scalability.ini]
[2020.11.30-22.01.19:470][  0]LogConfig: Setting CVar [[r.TranslucencyLightingVolumeDim:64]]
[2020.11.30-22.01.19:470][  0]LogConfig: Setting CVar [[r.RefractionQuality:2]]
[2020.11.30-22.01.19:470][  0]LogConfig: Setting CVar [[r.SSR.Quality:3]]
[2020.11.30-22.01.19:470][  0]LogConfig: Setting CVar [[r.SSR.HalfResSceneColor:0]]
[2020.11.30-22.01.19:470][  0]LogConfig: Setting CVar [[r.SceneColorFormat:4]]
[2020.11.30-22.01.19:470][  0]LogConfig: Setting CVar [[r.DetailMode:2]]
[2020.11.30-22.01.19:470][  0]LogConfig: Setting CVar [[r.TranslucencyVolumeBlur:1]]
[2020.11.30-22.01.19:470][  0]LogConfig: Setting CVar [[r.MaterialQualityLevel:1 ; High quality]]
[2020.11.30-22.01.19:470][  0]LogConfig: Setting CVar [[r.SSS.Scale:1]]
[2020.11.30-22.01.19:470][  0]LogConfig: Setting CVar [[r.SSS.SampleSet:2]]
[2020.11.30-22.01.19:470][  0]LogConfig: Setting CVar [[r.SSS.Quality:1]]
[2020.11.30-22.01.19:470][  0]LogConfig: Setting CVar [[r.SSS.HalfRes:0]]
[2020.11.30-22.01.19:470][  0]LogConfig: Setting CVar [[r.SSGI.Quality:3]]
[2020.11.30-22.01.19:470][  0]LogConfig: Setting CVar [[r.EmitterSpawnRateScale:1.0]]
[2020.11.30-22.01.19:470][  0]LogConfig: Setting CVar [[r.ParticleLightQuality:2]]
[2020.11.30-22.01.19:470][  0]LogConfig: Setting CVar [[r.SkyAtmosphere.AerialPerspectiveLUT.FastApplyOnOpaque:1 ; Always have FastSkyLUT 1 in this case to avoid wrong sky]]
[2020.11.30-22.01.19:470][  0]LogConfig: Setting CVar [[r.SkyAtmosphere.AerialPerspectiveLUT.SampleCountPerSlice:1]]
[2020.11.30-22.01.19:470][  0]LogConfig: Setting CVar [[r.SkyAtmosphere.AerialPerspectiveLUT.DepthResolution:16.0]]
[2020.11.30-22.01.19:470][  0]LogConfig: Setting CVar [[r.SkyAtmosphere.FastSkyLUT:1]]
[2020.11.30-22.01.19:470][  0]LogConfig: Setting CVar [[r.SkyAtmosphere.FastSkyLUT.SampleCountMin:4.0]]
[2020.11.30-22.01.19:470][  0]LogConfig: Setting CVar [[r.SkyAtmosphere.FastSkyLUT.SampleCountMax:32.0]]
[2020.11.30-22.01.19:470][  0]LogConfig: Setting CVar [[r.SkyAtmosphere.SampleCountMin:4.0]]
[2020.11.30-22.01.19:470][  0]LogConfig: Setting CVar [[r.SkyAtmosphere.SampleCountMax:32.0]]
[2020.11.30-22.01.19:470][  0]LogConfig: Setting CVar [[r.SkyAtmosphere.TransmittanceLUT.UseSmallFormat:0]]
[2020.11.30-22.01.19:471][  0]LogConfig: Setting CVar [[r.SkyAtmosphere.TransmittanceLUT.SampleCount:10.0]]
[2020.11.30-22.01.19:471][  0]LogConfig: Setting CVar [[r.SkyAtmosphere.MultiScatteringLUT.SampleCount:15.0]]
[2020.11.30-22.01.19:471][  0]LogConfig: Applying CVar settings from Section [FoliageQuality@3] File [C:/Users/Tomek/Desktop/Dzik scene (1)/Dzik_scene/Saved/Config/Windows/Scalability.ini]
[2020.11.30-22.01.19:471][  0]LogConfig: Setting CVar [[foliage.DensityScale:1.0]]
[2020.11.30-22.01.19:471][  0]LogConfig: Setting CVar [[grass.DensityScale:1.0]]
[2020.11.30-22.01.19:471][  0]LogConfig: Applying CVar settings from Section [ShadingQuality@3] File [C:/Users/Tomek/Desktop/Dzik scene (1)/Dzik_scene/Saved/Config/Windows/Scalability.ini]
[2020.11.30-22.01.19:471][  0]LogConfig: Setting CVar [[r.HairStrands.SkyLighting.SampleCount:16]]
[2020.11.30-22.01.19:471][  0]LogConfig: Setting CVar [[r.HairStrands.SkyLighting.JitterIntegration:0]]
[2020.11.30-22.01.19:471][  0]LogConfig: Setting CVar [[r.HairStrands.SkyAO.SampleCount:16]]
[2020.11.30-22.01.19:471][  0]LogConfig: Setting CVar [[r.HairStrands.DeepShadow.SuperSampling:0]]
[2020.11.30-22.01.19:471][  0]LogConfig: Setting CVar [[r.HairStrands.VisibilityPPLL:0]]
[2020.11.30-22.01.19:471][  0]LogConfig: Setting CVar [[r.HairStrands.RasterizationScale:0.5]]
[2020.11.30-22.01.19:471][  0]LogConfig: Setting CVar [[r.HairStrands.VelocityRasterizationScale:1]]
[2020.11.30-22.01.19:471][  0]LogInit: Selected Device Profile: [Windows]
[2020.11.30-22.01.19:471][  0]LogInit: Applying CVar settings loaded from the selected device profile: [Windows]
[2020.11.30-22.01.19:472][  0]LogHAL: Display: Platform has ~ 16 GB [17128329216 / 17179869184 / 16], which maps to Larger [LargestMinGB=32, LargerMinGB=12, DefaultMinGB=8, SmallerMinGB=6, SmallestMinGB=0)
[2020.11.30-22.01.19:472][  0]LogInit: Going up to parent DeviceProfile []
[2020.11.30-22.01.19:472][  0]LogConfig: Applying CVar settings from Section [ViewDistanceQuality@3] File [C:/Users/Tomek/Desktop/Dzik scene (1)/Dzik_scene/Saved/Config/Windows/Scalability.ini]
[2020.11.30-22.01.19:472][  0]LogConfig: Setting CVar [[r.SkeletalMeshLODBias:0]]
[2020.11.30-22.01.19:472][  0]LogConfig: Setting CVar [[r.ViewDistanceScale:1.0]]
[2020.11.30-22.01.19:472][  0]LogConfig: Applying CVar settings from Section [AntiAliasingQuality@3] File [C:/Users/Tomek/Desktop/Dzik scene (1)/Dzik_scene/Saved/Config/Windows/Scalability.ini]
[2020.11.30-22.01.19:472][  0]LogConfig: Setting CVar [[r.PostProcessAAQuality:4]]
[2020.11.30-22.01.19:472][  0]LogConfig: Applying CVar settings from Section [ShadowQuality@3] File [C:/Users/Tomek/Desktop/Dzik scene (1)/Dzik_scene/Saved/Config/Windows/Scalability.ini]
[2020.11.30-22.01.19:472][  0]LogConfig: Setting CVar [[r.LightFunctionQuality:1]]
[2020.11.30-22.01.19:472][  0]LogConfig: Setting CVar [[r.ShadowQuality:5]]
[2020.11.30-22.01.19:472][  0]LogConfig: Setting CVar [[r.Shadow.CSM.MaxCascades:10]]
[2020.11.30-22.01.19:472][  0]LogConfig: Setting CVar [[r.Shadow.MaxResolution:2048]]
[2020.11.30-22.01.19:472][  0]LogConfig: Setting CVar [[r.Shadow.MaxCSMResolution:2048]]
[2020.11.30-22.01.19:472][  0]LogConfig: Setting CVar [[r.Shadow.RadiusThreshold:0.01]]
[2020.11.30-22.01.19:472][  0]LogConfig: Setting CVar [[r.Shadow.DistanceScale:1.0]]
[2020.11.30-22.01.19:472][  0]LogConfig: Setting CVar [[r.Shadow.CSM.TransitionScale:1.0]]
[2020.11.30-22.01.19:472][  0]LogConfig: Setting CVar [[r.Shadow.PreShadowResolutionFactor:1.0]]
[2020.11.30-22.01.19:472][  0]LogConfig: Setting CVar [[r.DistanceFieldShadowing:1]]
[2020.11.30-22.01.19:472][  0]LogConfig: Setting CVar [[r.DistanceFieldAO:1]]
[2020.11.30-22.01.19:472][  0]LogConfig: Setting CVar [[r.AOQuality:2]]
[2020.11.30-22.01.19:472][  0]LogConfig: Setting CVar [[r.VolumetricFog:1]]
[2020.11.30-22.01.19:472][  0]LogConfig: Setting CVar [[r.VolumetricFog.GridPixelSize:8]]
[2020.11.30-22.01.19:472][  0]LogConfig: Setting CVar [[r.VolumetricFog.GridSizeZ:128]]
[2020.11.30-22.01.19:472][  0]LogConfig: Setting CVar [[r.VolumetricFog.HistoryMissSupersampleCount:4]]
[2020.11.30-22.01.19:472][  0]LogConfig: Setting CVar [[r.LightMaxDrawDistanceScale:1]]
[2020.11.30-22.01.19:472][  0]LogConfig: Setting CVar [[r.CapsuleShadows:1]]
[2020.11.30-22.01.19:472][  0]LogConfig: Applying CVar settings from Section [PostProcessQuality@3] File [C:/Users/Tomek/Desktop/Dzik scene (1)/Dzik_scene/Saved/Config/Windows/Scalability.ini]
[2020.11.30-22.01.19:472][  0]LogConfig: Setting CVar [[r.MotionBlurQuality:4]]
[2020.11.30-22.01.19:472][  0]LogConfig: Setting CVar [[r.AmbientOcclusionMipLevelFactor:0.4]]
[2020.11.30-22.01.19:472][  0]LogConfig: Setting CVar [[r.AmbientOcclusionMaxQuality:100]]
[2020.11.30-22.01.19:472][  0]LogConfig: Setting CVar [[r.AmbientOcclusionLevels:-1]]
[2020.11.30-22.01.19:472][  0]LogConfig: Setting CVar [[r.AmbientOcclusionRadiusScale:1.0]]
[2020.11.30-22.01.19:472][  0]LogConfig: Setting CVar [[r.DepthOfFieldQuality:2]]
[2020.11.30-22.01.19:472][  0]LogConfig: Setting CVar [[r.RenderTargetPoolMin:400]]
[2020.11.30-22.01.19:472][  0]LogConfig: Setting CVar [[r.LensFlareQuality:2]]
[2020.11.30-22.01.19:472][  0]LogConfig: Setting CVar [[r.SceneColorFringeQuality:1]]
[2020.11.30-22.01.19:472][  0]LogConfig: Setting CVar [[r.EyeAdaptationQuality:2]]
[2020.11.30-22.01.19:472][  0]LogConfig: Setting CVar [[r.BloomQuality:5]]
[2020.11.30-22.01.19:472][  0]LogConfig: Setting CVar [[r.FastBlurThreshold:100]]
[2020.11.30-22.01.19:472][  0]LogConfig: Setting CVar [[r.Upscale.Quality:3]]
[2020.11.30-22.01.19:472][  0]LogConfig: Setting CVar [[r.Tonemapper.GrainQuantization:1]]
[2020.11.30-22.01.19:472][  0]LogConfig: Setting CVar [[r.LightShaftQuality:1]]
[2020.11.30-22.01.19:472][  0]LogConfig: Setting CVar [[r.Filter.SizeScale:1]]
[2020.11.30-22.01.19:472][  0]LogConfig: Setting CVar [[r.Tonemapper.Quality:5]]
[2020.11.30-22.01.19:472][  0]LogConfig: Setting CVar [[r.DOF.Gather.AccumulatorQuality:1        ; higher gathering accumulator quality]]
[2020.11.30-22.01.19:472][  0]LogConfig: Setting CVar [[r.DOF.Gather.PostfilterMethod:1          ; Median3x3 postfilering method]]
[2020.11.30-22.01.19:472][  0]LogConfig: Setting CVar [[r.DOF.Gather.EnableBokehSettings:0       ; no bokeh simulation when gathering]]
[2020.11.30-22.01.19:472][  0]LogConfig: Setting CVar [[r.DOF.Gather.RingCount:4                 ; medium number of samples when gathering]]
[2020.11.30-22.01.19:472][  0]LogConfig: Setting CVar [[r.DOF.Scatter.ForegroundCompositing:1    ; additive foreground scattering]]
[2020.11.30-22.01.19:472][  0]LogConfig: Setting CVar [[r.DOF.Scatter.BackgroundCompositing:2    ; additive background scattering]]
[2020.11.30-22.01.19:472][  0]LogConfig: Setting CVar [[r.DOF.Scatter.EnableBokehSettings:1      ; bokeh simulation when scattering]]
[2020.11.30-22.01.19:472][  0]LogConfig: Setting CVar [[r.DOF.Scatter.MaxSpriteRatio:0.1         ; only a maximum of 10% of scattered bokeh]]
[2020.11.30-22.01.19:472][  0]LogConfig: Setting CVar [[r.DOF.Recombine.Quality:1                ; cheap slight out of focus]]
[2020.11.30-22.01.19:472][  0]LogConfig: Setting CVar [[r.DOF.Recombine.EnableBokehSettings:0    ; no bokeh simulation on slight out of focus]]
[2020.11.30-22.01.19:472][  0]LogConfig: Setting CVar [[r.DOF.TemporalAAQuality:1                ; more stable temporal accumulation]]
[2020.11.30-22.01.19:472][  0]LogConfig: Setting CVar [[r.DOF.Kernel.MaxForegroundRadius:0.025]]
[2020.11.30-22.01.19:472][  0]LogConfig: Setting CVar [[r.DOF.Kernel.MaxBackgroundRadius:0.025]]
[2020.11.30-22.01.19:472][  0]LogConfig: Applying CVar settings from Section [TextureQuality@3] File [C:/Users/Tomek/Desktop/Dzik scene (1)/Dzik_scene/Saved/Config/Windows/Scalability.ini]
[2020.11.30-22.01.19:472][  0]LogConfig: Setting CVar [[r.Streaming.MipBias:0]]
[2020.11.30-22.01.19:472][  0]LogConfig: Setting CVar [[r.Streaming.AmortizeCPUToGPUCopy:0]]
[2020.11.30-22.01.19:472][  0]LogConfig: Setting CVar [[r.Streaming.MaxNumTexturesToStreamPerFrame:0]]
[2020.11.30-22.01.19:472][  0]LogConfig: Setting CVar [[r.Streaming.Boost:1]]
[2020.11.30-22.01.19:472][  0]LogConfig: Setting CVar [[r.MaxAnisotropy:8]]
[2020.11.30-22.01.19:472][  0]LogConfig: Setting CVar [[r.VT.MaxAnisotropy:8]]
[2020.11.30-22.01.19:472][  0]LogConfig: Setting CVar [[r.Streaming.LimitPoolSizeToVRAM:0]]
[2020.11.30-22.01.19:472][  0]LogConfig: Setting CVar [[r.Streaming.PoolSize:1000]]
[2020.11.30-22.01.19:472][  0]LogConfig: Setting CVar [[r.Streaming.MaxEffectiveScreenSize:0]]
[2020.11.30-22.01.19:472][  0]LogConfig: Applying CVar settings from Section [EffectsQuality@3] File [C:/Users/Tomek/Desktop/Dzik scene (1)/Dzik_scene/Saved/Config/Windows/Scalability.ini]
[2020.11.30-22.01.19:472][  0]LogConfig: Setting CVar [[r.TranslucencyLightingVolumeDim:64]]
[2020.11.30-22.01.19:472][  0]LogConfig: Setting CVar [[r.RefractionQuality:2]]
[2020.11.30-22.01.19:472][  0]LogConfig: Setting CVar [[r.SSR.Quality:3]]
[2020.11.30-22.01.19:472][  0]LogConfig: Setting CVar [[r.SSR.HalfResSceneColor:0]]
[2020.11.30-22.01.19:472][  0]LogConfig: Setting CVar [[r.SceneColorFormat:4]]
[2020.11.30-22.01.19:473][  0]LogConfig: Setting CVar [[r.DetailMode:2]]
[2020.11.30-22.01.19:473][  0]LogConfig: Setting CVar [[r.TranslucencyVolumeBlur:1]]
[2020.11.30-22.01.19:473][  0]LogConfig: Setting CVar [[r.MaterialQualityLevel:1 ; High quality]]
[2020.11.30-22.01.19:473][  0]LogConfig: Setting CVar [[r.SSS.Scale:1]]
[2020.11.30-22.01.19:473][  0]LogConfig: Setting CVar [[r.SSS.SampleSet:2]]
[2020.11.30-22.01.19:473][  0]LogConfig: Setting CVar [[r.SSS.Quality:1]]
[2020.11.30-22.01.19:473][  0]LogConfig: Setting CVar [[r.SSS.HalfRes:0]]
[2020.11.30-22.01.19:473][  0]LogConfig: Setting CVar [[r.SSGI.Quality:3]]
[2020.11.30-22.01.19:473][  0]LogConfig: Setting CVar [[r.EmitterSpawnRateScale:1.0]]
[2020.11.30-22.01.19:473][  0]LogConfig: Setting CVar [[r.ParticleLightQuality:2]]
[2020.11.30-22.01.19:473][  0]LogConfig: Setting CVar [[r.SkyAtmosphere.AerialPerspectiveLUT.FastApplyOnOpaque:1 ; Always have FastSkyLUT 1 in this case to avoid wrong sky]]
[2020.11.30-22.01.19:473][  0]LogConfig: Setting CVar [[r.SkyAtmosphere.AerialPerspectiveLUT.SampleCountPerSlice:1]]
[2020.11.30-22.01.19:473][  0]LogConfig: Setting CVar [[r.SkyAtmosphere.AerialPerspectiveLUT.DepthResolution:16.0]]
[2020.11.30-22.01.19:473][  0]LogConfig: Setting CVar [[r.SkyAtmosphere.FastSkyLUT:1]]
[2020.11.30-22.01.19:473][  0]LogConfig: Setting CVar [[r.SkyAtmosphere.FastSkyLUT.SampleCountMin:4.0]]
[2020.11.30-22.01.19:473][  0]LogConfig: Setting CVar [[r.SkyAtmosphere.FastSkyLUT.SampleCountMax:32.0]]
[2020.11.30-22.01.19:473][  0]LogConfig: Setting CVar [[r.SkyAtmosphere.SampleCountMin:4.0]]
[2020.11.30-22.01.19:473][  0]LogConfig: Setting CVar [[r.SkyAtmosphere.SampleCountMax:32.0]]
[2020.11.30-22.01.19:473][  0]LogConfig: Setting CVar [[r.SkyAtmosphere.TransmittanceLUT.UseSmallFormat:0]]
[2020.11.30-22.01.19:473][  0]LogConfig: Setting CVar [[r.SkyAtmosphere.TransmittanceLUT.SampleCount:10.0]]
[2020.11.30-22.01.19:473][  0]LogConfig: Setting CVar [[r.SkyAtmosphere.MultiScatteringLUT.SampleCount:15.0]]
[2020.11.30-22.01.19:473][  0]LogConfig: Applying CVar settings from Section [FoliageQuality@3] File [C:/Users/Tomek/Desktop/Dzik scene (1)/Dzik_scene/Saved/Config/Windows/Scalability.ini]
[2020.11.30-22.01.19:473][  0]LogConfig: Setting CVar [[foliage.DensityScale:1.0]]
[2020.11.30-22.01.19:473][  0]LogConfig: Setting CVar [[grass.DensityScale:1.0]]
[2020.11.30-22.01.19:473][  0]LogConfig: Applying CVar settings from Section [ShadingQuality@3] File [C:/Users/Tomek/Desktop/Dzik scene (1)/Dzik_scene/Saved/Config/Windows/Scalability.ini]
[2020.11.30-22.01.19:473][  0]LogConfig: Setting CVar [[r.HairStrands.SkyLighting.SampleCount:16]]
[2020.11.30-22.01.19:473][  0]LogConfig: Setting CVar [[r.HairStrands.SkyLighting.JitterIntegration:0]]
[2020.11.30-22.01.19:473][  0]LogConfig: Setting CVar [[r.HairStrands.SkyAO.SampleCount:16]]
[2020.11.30-22.01.19:473][  0]LogConfig: Setting CVar [[r.HairStrands.DeepShadow.SuperSampling:0]]
[2020.11.30-22.01.19:473][  0]LogConfig: Setting CVar [[r.HairStrands.VisibilityPPLL:0]]
[2020.11.30-22.01.19:473][  0]LogConfig: Setting CVar [[r.HairStrands.RasterizationScale:0.5]]
[2020.11.30-22.01.19:473][  0]LogConfig: Setting CVar [[r.HairStrands.VelocityRasterizationScale:1]]
[2020.11.30-22.01.19:473][  0]LogConfig: Applying CVar settings from Section [Startup] File [../../../Engine/Config/ConsoleVariables.ini]
[2020.11.30-22.01.19:479][  0]LogConfig: Setting CVar [[net.UseAdaptiveNetUpdateFrequency:0]]
[2020.11.30-22.01.19:479][  0]LogConfig: Setting CVar [[p.chaos.AllowCreatePhysxBodies:1]]
[2020.11.30-22.01.19:479][  0]LogConfig: Setting CVar [[fx.SkipVectorVMBackendOptimizations:1]]
[2020.11.30-22.01.19:479][  0]LogConfig: Applying CVar settings from Section [ConsoleVariables] File [C:/Users/Tomek/Desktop/Dzik scene (1)/Dzik_scene/Saved/Config/Windows/Engine.ini]
[2020.11.30-22.01.19:479][  0]LogInit: Computer: DESKTOP-G72MMHD
[2020.11.30-22.01.19:479][  0]LogInit: User: Tomek
[2020.11.30-22.01.19:479][  0]LogInit: CPU Page size=4096, Cores=6
[2020.11.30-22.01.19:480][  0]LogInit: High frequency timer resolution =10.000000 MHz
[2020.11.30-22.01.19:480][  0]LogMemory: Memory total: Physical=16.0GB (16GB approx)
[2020.11.30-22.01.19:480][  0]LogMemory: Platform Memory Stats for Windows
[2020.11.30-22.01.19:480][  0]LogMemory: Process Physical Memory: 114.64 MB used, 114.64 MB peak
[2020.11.30-22.01.19:480][  0]LogMemory: Process Virtual Memory: 95.33 MB used, 95.33 MB peak
[2020.11.30-22.01.19:480][  0]LogMemory: Physical Memory: 7650.68 MB used,  8684.17 MB free, 16334.85 MB total
[2020.11.30-22.01.19:480][  0]LogMemory: Virtual Memory: 5165.14 MB used,  134212560.00 MB free, 134217728.00 MB total
[2020.11.30-22.01.19:486][  0]LogWindows: WindowsPlatformFeatures enabled
[2020.11.30-22.01.19:795][  0]LogInit: Physics initialised using underlying interface: PhysX
[2020.11.30-22.01.19:803][  0]LogInit: Using OS detected language (pl-PL).
[2020.11.30-22.01.19:803][  0]LogInit: Using OS detected locale (pl-PL).
[2020.11.30-22.01.19:819][  0]LogTextLocalizationManager: No specific localization for 'pl-PL' exists, so the 'pl' localization will be used.
[2020.11.30-22.01.19:819][  0]LogTextLocalizationResource: LocRes '../../../Engine/Content/Localization/Editor/pl/Editor.locres' could not be opened for reading!
[2020.11.30-22.01.19:820][  0]LogTextLocalizationResource: LocRes '../../../Engine/Content/Localization/EditorTutorials/pl/EditorTutorials.locres' could not be opened for reading!
[2020.11.30-22.01.19:820][  0]LogTextLocalizationResource: LocRes '../../../Engine/Content/Localization/Keywords/pl/Keywords.locres' could not be opened for reading!
[2020.11.30-22.01.19:820][  0]LogTextLocalizationResource: LocRes '../../../Engine/Content/Localization/Category/pl/Category.locres' could not be opened for reading!
[2020.11.30-22.01.19:821][  0]LogTextLocalizationResource: LocRes '../../../Engine/Content/Localization/ToolTips/pl/ToolTips.locres' could not be opened for reading!
[2020.11.30-22.01.19:821][  0]LogTextLocalizationResource: LocRes '../../../Engine/Content/Localization/PropertyNames/pl/PropertyNames.locres' could not be opened for reading!
[2020.11.30-22.01.19:822][  0]LogTextLocalizationResource: LocRes '../../../Engine/Content/Localization/Engine/pl/Engine.locres' could not be opened for reading!
[2020.11.30-22.01.19:848][  0]LogInit: Setting process to per monitor DPI aware
[2020.11.30-22.01.19:951][  0]LogSlate: New Slate User Created.  User Index 0, Is Virtual User: 0
[2020.11.30-22.01.19:951][  0]LogSlate: Slate User Registered.  User Index 0, Is Virtual User: 0
[2020.11.30-22.01.23:001][  0]LogHMD: Failed to initialize OpenVR with code 103
[2020.11.30-22.01.23:001][  0]LogD3D11RHI: D3D11 min allowed feature level: 11_0
[2020.11.30-22.01.23:001][  0]LogD3D11RHI: D3D11 max allowed feature level: 11_0
[2020.11.30-22.01.23:001][  0]LogD3D11RHI: D3D11 adapters:
[2020.11.30-22.01.23:083][  0]LogD3D11RHI:    0. 'Radeon RX 580 Series' (Feature Level 11_0)
[2020.11.30-22.01.23:083][  0]LogD3D11RHI:       4041/0/8167 MB DedicatedVideo/DedicatedSystem/SharedSystem, Outputs:1, VendorId:0x1002
[2020.11.30-22.01.23:086][  0]LogD3D11RHI:    1. 'Microsoft Basic Render Driver' (Feature Level 11_0)
[2020.11.30-22.01.23:086][  0]LogD3D11RHI:       0/0/8167 MB DedicatedVideo/DedicatedSystem/SharedSystem, Outputs:0, VendorId:0x1414
[2020.11.30-22.01.23:086][  0]LogD3D11RHI: Chosen D3D11 Adapter: 0
[2020.11.30-22.01.23:095][  0]LogD3D11RHI: Creating new Direct3DDevice
[2020.11.30-22.01.23:095][  0]LogD3D11RHI:     GPU DeviceId: 0x67df (for the marketing name, search the web for "GPU Device Id")
[2020.11.30-22.01.23:095][  0]LogWindows: EnumDisplayDevices:
[2020.11.30-22.01.23:096][  0]LogWindows:    0. 'Radeon RX 580 Series' (P:1 D:1)
[2020.11.30-22.01.23:096][  0]LogWindows:    1. 'Radeon RX 580 Series' (P:0 D:0)
[2020.11.30-22.01.23:096][  0]LogWindows:    2. 'Radeon RX 580 Series' (P:0 D:0)
[2020.11.30-22.01.23:097][  0]LogWindows:    3. 'Radeon RX 580 Series' (P:0 D:0)
[2020.11.30-22.01.23:097][  0]LogWindows:    4. 'Radeon RX 580 Series' (P:0 D:0)
[2020.11.30-22.01.23:097][  0]LogWindows:    5. 'Radeon RX 580 Series' (P:0 D:0)
[2020.11.30-22.01.23:097][  0]LogWindows:    6. 'Radeon RX 580 Series' (P:0 D:0)
[2020.11.30-22.01.23:098][  0]LogWindows:    7. 'Radeon RX 580 Series' (P:0 D:0)
[2020.11.30-22.01.23:098][  0]LogWindows: DebugString: FoundDriverCount:8 
[2020.11.30-22.01.23:098][  0]LogD3D11RHI:     Adapter Name: Radeon RX 580 Series
[2020.11.30-22.01.23:098][  0]LogD3D11RHI:   Driver Version: Adrenalin 19.20 (internal:26.20.12028.2, unified:26.20.12028.2)
[2020.11.30-22.01.23:098][  0]LogD3D11RHI:      Driver Date: 8-16-2019
[2020.11.30-22.01.23:098][  0]LogRHI: Texture pool is 2404 MB (70% of 3434 MB)
[2020.11.30-22.01.23:160][  0]LogD3D11RHI: RHI does not have support for 64 bit atomics
[2020.11.30-22.01.23:161][  0]LogD3D11RHI: Async texture creation enabled
[2020.11.30-22.01.23:161][  0]LogD3D11RHI: Array index from any shader is supported
[2020.11.30-22.01.23:186][  0]LogD3D11RHI: GPU Timing Frequency: 25.000000 (Debug: 2 1)
[2020.11.30-22.01.23:690][  0]LogTargetPlatformManager: Display: Loaded TargetPlatform 'AllDesktop'
[2020.11.30-22.01.23:725][  0]LogTargetPlatformManager: Display: Loaded TargetPlatform 'Android'
[2020.11.30-22.01.23:725][  0]LogTargetPlatformManager: Display: Loaded TargetPlatform 'Android_ASTC'
[2020.11.30-22.01.23:725][  0]LogTargetPlatformManager: Display: Loaded TargetPlatform 'Android_DXT'
[2020.11.30-22.01.23:725][  0]LogTargetPlatformManager: Display: Loaded TargetPlatform 'Android_ETC2'
[2020.11.30-22.01.23:725][  0]LogTargetPlatformManager: Display: Loaded TargetPlatform 'AndroidClient'
[2020.11.30-22.01.23:725][  0]LogTargetPlatformManager: Display: Loaded TargetPlatform 'Android_ASTCClient'
[2020.11.30-22.01.23:725][  0]LogTargetPlatformManager: Display: Loaded TargetPlatform 'Android_DXTClient'
[2020.11.30-22.01.23:725][  0]LogTargetPlatformManager: Display: Loaded TargetPlatform 'Android_ETC2Client'
[2020.11.30-22.01.23:725][  0]LogTargetPlatformManager: Display: Loaded TargetPlatform 'Android_Multi'
[2020.11.30-22.01.23:725][  0]LogTargetPlatformManager: Display: Loaded TargetPlatform 'Android_MultiClient'
[2020.11.30-22.01.23:797][  0]LogTargetPlatformManager: Display: Loaded TargetPlatform 'IOSClient'
[2020.11.30-22.01.23:797][  0]LogTargetPlatformManager: Display: Loaded TargetPlatform 'IOS'
[2020.11.30-22.01.23:842][  0]LogTargetPlatformManager: Display: Loaded TargetPlatform 'Lumin'
[2020.11.30-22.01.23:842][  0]LogTargetPlatformManager: Display: Loaded TargetPlatform 'LuminClient'
[2020.11.30-22.01.23:870][  0]LogTargetPlatformManager: Display: Loaded TargetPlatform 'TVOSClient'
[2020.11.30-22.01.23:870][  0]LogTargetPlatformManager: Display: Loaded TargetPlatform 'TVOS'
[2020.11.30-22.01.23:893][  0]LogTargetPlatformManager: Display: Loaded TargetPlatform 'WindowsNoEditor'
[2020.11.30-22.01.23:917][  0]LogTargetPlatformManager: Display: Loaded TargetPlatform 'Windows'
[2020.11.30-22.01.23:941][  0]LogTargetPlatformManager: Display: Loaded TargetPlatform 'WindowsClient'
[2020.11.30-22.01.23:965][  0]LogTargetPlatformManager: Display: Loaded TargetPlatform 'WindowsServer'
[2020.11.30-22.01.23:992][  0]LogTargetPlatformManager: Display: Loaded TargetPlatform 'XXX'
[2020.11.30-22.01.23:992][  0]LogTargetPlatformManager: Display: Building Assets For Windows
[2020.11.30-22.01.24:061][  0]LogAudioDebug: Display: Lib vorbis DLL was dynamically loaded.
[2020.11.30-22.01.24:405][  0]LogShaderCompilers: Guid format shader working directory is -3 characters bigger than the processId version (C:/Users/Tomek/Desktop/Dzik scene (1)/Dzik_scene/Intermediate/Shaders/WorkingDirectory/18952/).
[2020.11.30-22.01.24:405][  0]LogShaderCompilers: Cleaned the shader compiler working directory 'C:/Users/Tomek/AppData/Local/Temp/UnrealShaderWorkingDir/F52EDA574680D16485B6B991C796C32B/'.
[2020.11.30-22.01.24:406][  0]LogXGEController: Cleaning working directory: C:/Users/Tomek/AppData/Local/Temp/UnrealXGEWorkingDir/
[2020.11.30-22.01.24:406][  0]LogXGEController: Cannot use XGE Controller as Incredibuild is not installed on this machine.
[2020.11.30-22.01.24:406][  0]LogShaderCompilers: Cannot use XGE Shader Compiler as Incredibuild is not installed on this machine.
[2020.11.30-22.01.24:406][  0]LogShaderCompilers: Display: Using Local Shader Compiler.
[2020.11.30-22.01.28:022][  0]LogDerivedDataCache: Display: Max Cache Size: 512 MB
[2020.11.30-22.01.28:022][  0]LogDerivedDataCache: Display: Starting with empty Boot cache
[2020.11.30-22.01.28:023][  0]LogDerivedDataCache: FDerivedDataBackendGraph:  Pak pak cache file C:/Users/Tomek/Desktop/Dzik scene (1)/Dzik_scene/DerivedDataCache/DDC.ddp not found, will not use a pak cache.
[2020.11.30-22.01.28:023][  0]LogDerivedDataCache: Unable to find inner node Pak for hierarchical cache Hierarchy.
[2020.11.30-22.01.28:023][  0]LogDerivedDataCache: FDerivedDataBackendGraph:  EnginePak pak cache file ../../../Engine/DerivedDataCache/DDC.ddp not found, will not use a pak cache.
[2020.11.30-22.01.28:023][  0]LogDerivedDataCache: Unable to find inner node EnginePak for hierarchical cache Hierarchy.
[2020.11.30-22.01.28:024][  0]LogDerivedDataCache: Using Local data cache path ../../../Engine/DerivedDataCache: Writable
[2020.11.30-22.01.28:024][  0]LogDerivedDataCache: Shared data cache path not found in *engine.ini, will not use an Shared cache.
[2020.11.30-22.01.28:024][  0]LogDerivedDataCache: Unable to find inner node Shared for hierarchical cache Hierarchy.
[2020.11.30-22.01.28:416][  0]LogSlate: Using FreeType 2.10.0
[2020.11.30-22.01.28:428][  0]LogSlate: SlateFontServices - WITH_FREETYPE: 1, WITH_HARFBUZZ: 1
[2020.11.30-22.01.28:799][  0]LogAssetRegistry: FAssetRegistry took 0.0050 seconds to start up
[2020.11.30-22.01.29:210][  0]LogInit: Selected Device Profile: [Windows]
[2020.11.30-22.01.29:736][  0]LogMeshReduction: Using QuadricMeshReduction for automatic static mesh reduction
[2020.11.30-22.01.29:736][  0]LogMeshReduction: Using SimplygonMeshReduction for automatic skeletal mesh reduction
[2020.11.30-22.01.29:736][  0]LogMeshReduction: Using ProxyLODMeshReduction for automatic mesh merging
[2020.11.30-22.01.29:736][  0]LogMeshReduction: No distributed automatic mesh merging module available
[2020.11.30-22.01.29:736][  0]LogMeshMerging: No distributed automatic mesh merging module available
[2020.11.30-22.01.29:879][  0]LogNetVersion: Dzik_scene 1.0.0, NetCL: 0, EngineNetVer: 14, GameNetVer: 0 (Checksum: 3233855641)
[2020.11.30-22.01.35:489][  0]LogAISub: UAISubsystem::UAISubsystem AISubsystem (000001D3B606AE00), frame # 0
[2020.11.30-22.01.35:489][  0]LogAISub: UAISubsystem::UAISubsystem AIPerceptionSystem (000001D3B5EDE700), frame # 0
[2020.11.30-22.01.35:494][  0]LogAISub: UAISubsystem::UAISubsystem EnvQueryManager (000001D3B5EE7600), frame # 0
[2020.11.30-22.01.35:603][  0]LogPackageLocalizationCache: Processed 19 localized package path(s) for 1 prioritized culture(s) in 0.071580 seconds
[2020.11.30-22.01.35:609][  0]LogUObjectArray: 15903 objects as part of root set at end of initial load.
[2020.11.30-22.01.35:609][  0]LogUObjectAllocator: 3962048 out of 0 bytes used by permanent object pool.
[2020.11.30-22.01.35:609][  0]LogUObjectArray: CloseDisregardForGC: 0/0 objects in disregard for GC pool
[2020.11.30-22.01.37:774][  0]LogTcpMessaging: Initializing TcpMessaging bridge
[2020.11.30-22.01.37:795][  0]LogUdpMessaging: Initializing bridge on interface 0.0.0.0:0 to multicast group 230.0.0.1:6666.
[2020.11.30-22.01.38:243][  0]SourceControl: Source control is disabled
[2020.11.30-22.01.38:243][  0]SourceControl: Source control is disabled
[2020.11.30-22.01.38:270][  0]SourceControl: Source control is disabled
[2020.11.30-22.01.38:291][  0]SourceControl: Source control is disabled
[2020.11.30-22.01.38:329][  0]SourceControl: Source control is disabled
[2020.11.30-22.01.39:655][  0]LogAndroidPermission: UAndroidPermissionCallbackProxy::GetInstance
[2020.11.30-22.01.39:752][  0]LogAudioCaptureCore: Display: No Audio Capture implementations found. Audio input will be silent.
[2020.11.30-22.01.39:752][  0]LogAudioCaptureCore: Display: No Audio Capture implementations found. Audio input will be silent.
[2020.11.30-22.01.39:970][  0]LogOcInput: OculusInput pre-init called
[2020.11.30-22.01.40:012][  0]LogWindows: Failed to load 'OVRPlugin.dll' (GetLastError=126)
[2020.11.30-22.01.40:012][  0]LogWindows: File 'OVRPlugin.dll' does not exist
[2020.11.30-22.01.40:274][  0]LogEngine: Initializing Engine...
[2020.11.30-22.01.40:308][  0]LogHMD: Failed to initialize OpenVR with code 103
[2020.11.30-22.01.40:308][  0]LogMagicLeap: Warning: VR disabled because ZI is not enabled.  To enable, in the editor, Edit -> Project Settings -> Plugins -> Magic Leap Plugin -> Enable Zero Iteration
[2020.11.30-22.01.40:311][  0]LogStats: UGameplayTagsManager::InitializeManager -  0.001 s
[2020.11.30-22.01.40:857][  0]LogInit: Initializing FReadOnlyCVARCache
[2020.11.30-22.01.40:907][  0]LogAIModule: Creating AISystem for world Untitled
[2020.11.30-22.01.40:908][  0]LogAISub: UAISubsystem::UAISubsystem EnvQueryManager (000001D3C2760800), frame # 0
[2020.11.30-22.01.40:908][  0]LogAISub: UAISubsystem::UAISubsystem AIPerceptionSystem (000001D3C2717100), frame # 0
[2020.11.30-22.01.40:933][  0]LogAudioMixer: Display: Audio Mixer Platform Settings:
[2020.11.30-22.01.40:933][  0]LogAudioMixer: Display: 	Sample Rate:						  48000
[2020.11.30-22.01.40:933][  0]LogAudioMixer: Display: 	Callback Buffer Frame Size Requested: 1024
[2020.11.30-22.01.40:933][  0]LogAudioMixer: Display: 	Callback Buffer Frame Size To Use:	  1024
[2020.11.30-22.01.40:933][  0]LogAudioMixer: Display: 	Number of buffers to queue:			  2
[2020.11.30-22.01.40:933][  0]LogAudioMixer: Display: 	Max Channels (voices):				  32
[2020.11.30-22.01.40:933][  0]LogAudioMixer: Display: 	Number of Async Source Workers:		  0
[2020.11.30-22.01.40:933][  0]LogAudio: Display: AudioDevice MaxSources: 32
[2020.11.30-22.01.40:935][  0]LogAudio: Display: Using built-in audio occlusion.
[2020.11.30-22.01.40:935][  0]LogAudioMixer: Display: Initializing audio mixer.
[2020.11.30-22.01.40:983][  0]LogAudioMixer: Display: 0: FrontLeft
[2020.11.30-22.01.40:983][  0]LogAudioMixer: Display: 1: FrontRight
[2020.11.30-22.01.41:041][  0]LogAudioMixer: Display: Using Audio Device Głośniki (2 — High Definition Audio Device)
[2020.11.30-22.01.41:043][  0]LogAudioMixer: Display: Initializing Sound Submixes...
[2020.11.30-22.01.41:046][  0]LogAudioMixer: Display: Creating Master Submix 'MasterSubmixDefault'
[2020.11.30-22.01.41:046][  0]LogAudioMixer: Display: Creating Master Submix 'MasterReverbSubmixDefault'
[2020.11.30-22.01.41:048][  0]LogAudioMixer: Display: Creating Master Submix 'MasterEQSubmixDefault'
[2020.11.30-22.01.41:049][  0]LogInit: FAudioDevice initialized.
[2020.11.30-22.01.41:051][  0]LogNetVersion: Set ProjectVersion to 1.0.0.0. Version Checksum will be recalculated on next use.
[2020.11.30-22.01.41:109][  0]LogDerivedDataCache: Saved boot cache 0.06s 76MB C:/Users/Tomek/Desktop/Dzik scene (1)/Dzik_scene/DerivedDataCache/Boot.ddc.
[2020.11.30-22.01.41:115][  0]LogInit: Texture streaming: Enabled
[2020.11.30-22.01.41:188][  0]LogEngineSessionManager: EngineSessionManager initialized
[2020.11.30-22.01.41:188][  0]LogEngineSessionManager: EngineSessionManager sent abnormal shutdown report. Type=AbnormalShutdown, SessionId={684F8455-4E58-FB11-7F00-D595E7BA65C3}
[2020.11.30-22.01.41:188][  0]LogEditorSessionSummary: Verbose: Initializing EditorSessionSummaryWriter for editor session tracking
[2020.11.30-22.01.41:190][  0]LogEditorSessionSummary: EditorSessionSummaryWriter initialized
[2020.11.30-22.01.41:474][  0]LogInit: Transaction tracking system initialized
[2020.11.30-22.01.41:638][  0]BlueprintLog: New page: Editor Load
[2020.11.30-22.01.42:076][  0]LocalizationService: Localization service is disabled
[2020.11.30-22.01.42:847][  0]LogCook: Display: Max memory allowance for cook 16384mb min free memory 0mb
[2020.11.30-22.01.42:847][  0]LogCook: Display: Mobile HDR setting 1
[2020.11.30-22.01.43:753][  0]LogFileCache: Scanning file cache for directory 'C:/Users/Tomek/Desktop/Dzik scene (1)/Dzik_scene/Content/' took 0.01s
[2020.11.30-22.01.44:081][  0]SourceControl: Source control is disabled
[2020.11.30-22.01.44:081][  0]LogUnrealEdMisc: Loading editor; pre map load, took 30.760
[2020.11.30-22.01.44:082][  0]Cmd: MAP LOAD FILE="C:/Users/Tomek/Desktop/Dzik scene (1)/Dzik_scene/Content/StarterContent/Maps/Minimal_Default.umap" TEMPLATE=0 SHOWPROGRESS=1 FEATURELEVEL=3
[2020.11.30-22.01.44:083][  0]LightingResults: New page: Lighting Build
[2020.11.30-22.01.44:087][  0]LogWorld: UWorld::CleanupWorld for Untitled, bSessionEnded=true, bCleanupResources=true
[2020.11.30-22.01.44:088][  0]LogSlate: InvalidateAllWidgets triggered.  All widgets were invalidated
[2020.11.30-22.01.44:089][  0]MapCheck: New page: Map Check
[2020.11.30-22.01.44:089][  0]LightingResults: New page: Lighting Build
[2020.11.30-22.01.44:109][  0]LogAISub: UAISubsystem::~UAISubsystem EnvQueryManager (000001D3C2760800), frame # 0
[2020.11.30-22.01.44:109][  0]LogAISub: UAISubsystem::~UAISubsystem AIPerceptionSystem (000001D3C2717100), frame # 0
[2020.11.30-22.01.44:110][  0]LogUObjectHash: Compacting FUObjectHashTables data took   0.95ms
[2020.11.30-22.01.44:164][  0]LogAIModule: Creating AISystem for world Minimal_Default
[2020.11.30-22.01.44:164][  0]LogAISub: UAISubsystem::UAISubsystem EnvQueryManager (000001D3B09AFE00), frame # 0
[2020.11.30-22.01.44:164][  0]LogAISub: UAISubsystem::UAISubsystem AIPerceptionSystem (000001D3C2096840), frame # 0
[2020.11.30-22.01.44:185][  0]LogEditorServer: Finished looking for orphan Actors (0.000 secs)
[2020.11.30-22.01.44:202][  0]LogUObjectHash: Compacting FUObjectHashTables data took   0.56ms
[2020.11.30-22.01.44:202][  0]Cmd: MAP CHECKDEP NOCLEARLOG
[2020.11.30-22.01.44:203][  0]MapCheck: Map check complete: 0 Error(s), 0 Warning(s), took 0,701ms to complete.
[2020.11.30-22.01.44:203][  0]LogFileHelpers: Loading map 'Minimal_Default' took 0.122
[2020.11.30-22.01.44:228][  0]LogUnrealEdMisc: Total Editor Startup Time, took 30.908
[2020.11.30-22.01.44:410][  0]LogSlate: Updating window title bar state: overlay mode, drag disabled, window buttons hidden, title bar hidden
[2020.11.30-22.01.44:418][  0]LogSlate: Updating window title bar state: overlay mode, drag disabled, window buttons hidden, title bar hidden
[2020.11.30-22.01.44:426][  0]LogSlate: Updating window title bar state: overlay mode, drag disabled, window buttons hidden, title bar hidden
[2020.11.30-22.01.44:433][  0]LogSlate: Updating window title bar state: overlay mode, drag disabled, window buttons hidden, title bar hidden
[2020.11.30-22.01.44:464][  0]LogCollectionManager: Loaded 0 collections in 0.001033 seconds
[2020.11.30-22.01.44:500][  0]LogFileCache: Scanning file cache for directory 'C:/Users/Tomek/Desktop/Dzik scene (1)/Dzik_scene/Saved/Collections/' took 0.00s
[2020.11.30-22.01.44:500][  0]LogFileCache: Scanning file cache for directory 'C:/Users/Tomek/Desktop/Dzik scene (1)/Dzik_scene/Content/Developers/Tomek/Collections/' took 0.00s
[2020.11.30-22.01.44:500][  0]LogFileCache: Scanning file cache for directory 'C:/Users/Tomek/Desktop/Dzik scene (1)/Dzik_scene/Content/Collections/' took 0.00s
[2020.11.30-22.01.44:500][  0]LogContentBrowser: Native class hierarchy populated in 0.0110 seconds. Added 3426 classes and 819 folders.
[2020.11.30-22.01.44:510][  0]LogContentBrowser: Native class hierarchy updated for 'WidgetCarousel' in 0.0003 seconds. Added 0 classes and 0 folders.
[2020.11.30-22.01.45:166][  0]LogContentBrowser: Native class hierarchy updated for 'AddContentDialog' in 0.0003 seconds. Added 0 classes and 0 folders.
[2020.11.30-22.01.45:177][  0]LogContentBrowser: Native class hierarchy updated for 'SceneOutliner' in 0.0003 seconds. Added 2 classes and 0 folders.
[2020.11.30-22.01.45:377][  0]LogSlate: Took 0.006898 seconds to synchronously load lazily loaded font '../../../Engine/Content/Slate/Fonts/Roboto-Regular.ttf' (155K)
[2020.11.30-22.01.45:386][  0]LogSlate: Took 0.006078 seconds to synchronously load lazily loaded font '../../../Engine/Content/Slate/Fonts/Roboto-Bold.ttf' (160K)
[2020.11.30-22.01.45:398][  0]LogSlate: Took 0.006334 seconds to synchronously load lazily loaded font '../../../Engine/Content/Editor/Slate/Fonts/FontAwesome.ttf' (139K)
[2020.11.30-22.01.45:407][  0]LogSlate: Took 0.007009 seconds to synchronously load lazily loaded font '../../../Engine/Content/Slate/Fonts/DroidSansMono.ttf' (77K)
[2020.11.30-22.01.45:595][  0]LogRenderer: Reallocating scene render targets to support 1208x572 Format 10 NumSamples 1 (Frame:1).
[2020.11.30-22.01.45:743][  0]LogContentBrowser: Native class hierarchy updated for 'HierarchicalLODOutliner' in 0.0003 seconds. Added 0 classes and 0 folders.
[2020.11.30-22.01.45:743][  0]LogLoad: (Engine Initialization) Total time: 32.42 seconds
[2020.11.30-22.01.45:743][  0]LogLoad: (Engine Initialization) Total Blueprint compile time: 0.00 seconds
[2020.11.30-22.01.45:786][  0]LogContentStreaming: Texture pool size now 1000 MB
[2020.11.30-22.01.45:813][  0]LogSlate: Took 0.006640 seconds to synchronously load lazily loaded font '../../../Engine/Content/Slate/Fonts/Roboto-Light.ttf' (167K)
[2020.11.30-22.01.46:939][111]LogAssetRegistry: Asset discovery search completed in 18.1404 seconds
[2020.11.30-22.01.46:943][111]LogCollectionManager: Fixed up redirectors for 0 collections in 0.000007 seconds (updated 0 objects)
[2020.11.30-22.02.46:776][288]LogEditorSessionSummary: EditorSessionSummary sent report. Type=AbnormalShutdown, SessionId={684F8455-4E58-FB11-7F00-D595E7BA65C3}
[2020.11.30-22.02.55:875][820]Cmd: CAMERA ALIGN ACTIVEVIEWPORTONLY
[2020.11.30-22.02.57:219][977]LogNavigationPoint: PostEditMove Clear paths rebuilt
[2020.11.30-22.03.08:064][247]LogSlate: Took 0.000155 seconds to synchronously load lazily loaded font '../../../Engine/Content/Slate/Fonts/Roboto-Light.ttf' (167K)
[2020.11.30-22.03.08:510][247]LogTexture: Display: Building textures: stats_hovered (AutoDXT, 36X32)
[2020.11.30-22.03.08:510][247]LogTexture: Display: Building textures: profile_hovered (BGRA8, 38X38)
[2020.11.30-22.03.08:510][247]LogTexture: Display: Building textures: stats (AutoDXT, 32X28)
[2020.11.30-22.03.08:510][247]LogTexture: Display: Building textures: Settings (AutoDXT, 36X36)
[2020.11.30-22.03.08:510][247]LogTexture: Display: Building textures: Settings_hovered (BGRA8, 38X38)
[2020.11.30-22.03.08:510][247]LogTexture: Display: Building textures: profile (BGRA8, 34X34)
[2020.11.30-22.03.08:510][247]LogTexture: Display: Building textures: icon_and_label (BGRA8, 425X89)
[2020.11.30-22.03.08:510][247]LogTexture: Display: Building textures: hovered_button (BGRA8, 433X97)
[2020.11.30-22.03.08:510][247]LogTexture: Display: Building textures: Background (AutoDXT, 3248X1500)
[2020.11.30-22.03.08:514][247]LogAssetEditorSubsystem: Opening Asset editor for World /Game/Levels/Main_menu_level.Main_menu_level
[2020.11.30-22.03.08:542][247]LogUObjectHash: Compacting FUObjectHashTables data took   0.81ms
[2020.11.30-22.03.10:135][247]LogSlate: Window 'Save Content' being destroyed
[2020.11.30-22.03.10:139][247]Cmd: MAP LOAD FILE="C:/Users/Tomek/Desktop/Dzik scene (1)/Dzik_scene/Content/Levels/Main_menu_level.umap" TEMPLATE=0 SHOWPROGRESS=1 FEATURELEVEL=3
[2020.11.30-22.03.10:141][247]LightingResults: New page: Lighting Build
[2020.11.30-22.03.10:141][247]LoadErrors: New page: Loading map: Main_menu_level.umap
[2020.11.30-22.03.10:185][247]LogWorld: UWorld::CleanupWorld for Minimal_Default, bSessionEnded=true, bCleanupResources=true
[2020.11.30-22.03.10:185][247]LogSlate: InvalidateAllWidgets triggered.  All widgets were invalidated
[2020.11.30-22.03.10:185][247]MapCheck: New page: Map Check
[2020.11.30-22.03.10:185][247]LightingResults: New page: Lighting Build
[2020.11.30-22.03.10:198][247]LogAISub: UAISubsystem::~UAISubsystem EnvQueryManager (000001D3B09AFE00), frame # 2247
[2020.11.30-22.03.10:198][247]LogAISub: UAISubsystem::~UAISubsystem AIPerceptionSystem (000001D3C2096840), frame # 2247
[2020.11.30-22.03.10:198][247]LogUObjectHash: Compacting FUObjectHashTables data took   0.65ms
[2020.11.30-22.03.10:259][247]LogEditorServer: Finished looking for orphan Actors (0.000 secs)
[2020.11.30-22.03.10:259][247]LogAIModule: Creating AISystem for world Main_menu_level
[2020.11.30-22.03.10:259][247]LogAISub: UAISubsystem::UAISubsystem EnvQueryManager (000001D3E7E03C00), frame # 2247
[2020.11.30-22.03.10:259][247]LogAISub: UAISubsystem::UAISubsystem AIPerceptionSystem (000001D3AB5B2340), frame # 2247
[2020.11.30-22.03.10:272][247]LogUObjectHash: Compacting FUObjectHashTables data took   0.58ms
[2020.11.30-22.03.10:296][247]Cmd: MAP CHECKDEP NOCLEARLOG
[2020.11.30-22.03.10:297][247]MapCheck: Map check complete: 0 Error(s), 0 Warning(s), took 0,13ms to complete.
[2020.11.30-22.03.10:297][247]LogFileHelpers: Loading map 'Main_menu_level' took 0.158
[2020.11.30-22.03.14:880][742]LogMaterial: Display: Missing cached shader map for material Rock1_1_001, compiling. 
[2020.11.30-22.03.14:922][742]LogMaterial: Display: Missing cached shader map for material Branch1_1, compiling. 
[2020.11.30-22.03.14:957][742]LogShaderCompilers: Display: Worker (1/9): shaders left to compile 15
[2020.11.30-22.03.14:957][742]LogShaderCompilers: Display: Worker (2/9): shaders left to compile 13
[2020.11.30-22.03.14:957][742]LogShaderCompilers: Display: Worker (3/9): shaders left to compile 11
[2020.11.30-22.03.14:957][742]LogShaderCompilers: Display: Worker (4/9): shaders left to compile 9
[2020.11.30-22.03.14:957][742]LogShaderCompilers: Display: Worker (5/9): shaders left to compile 7
[2020.11.30-22.03.14:957][742]LogShaderCompilers: Display: Worker (6/9): shaders left to compile 5
[2020.11.30-22.03.14:957][742]LogShaderCompilers: Display: Worker (7/9): shaders left to compile 3
[2020.11.30-22.03.14:957][742]LogShaderCompilers: Display: Worker (8/9): shaders left to compile 1
[2020.11.30-22.03.14:957][742]LogMaterial: Display: Missing cached shader map for material Rocks2, compiling. 
[2020.11.30-22.03.14:966][742]LogStaticMesh: Building static mesh Picket_Fence_Fence_Outwards_Corner...
[2020.11.30-22.03.14:985][742]LogStaticMesh: Built static mesh [0.02s] /Game/Boar_level/Picket_Fence_Fence_Outwards_Corner.Picket_Fence_Fence_Outwards_Corner
[2020.11.30-22.03.14:989][742]LogStaticMesh: Building static mesh Picket_Fence_Fence_Blank...
[2020.11.30-22.03.14:997][742]LogStaticMesh: Built static mesh [0.01s] /Game/Boar_level/Picket_Fence_Fence_Blank.Picket_Fence_Fence_Blank
[2020.11.30-22.03.14:999][742]LogMaterial: Display: Missing cached shader map for material Stump1_2, compiling. 
[2020.11.30-22.03.15:008][742]LogMaterial: Display: Missing cached shader map for material Stump1_1, compiling. 
[2020.11.30-22.03.15:019][742]LogStaticMesh: Building static mesh NatureFreePack1_Stump1...
[2020.11.30-22.03.15:028][742]LogStaticMesh: Built static mesh [0.01s] /Game/Boar_level/NatureFreePack1_Stump1.NatureFreePack1_Stump1
[2020.11.30-22.03.15:030][742]LogMaterial: Display: Missing cached shader map for material Rock1_1, compiling. 
[2020.11.30-22.03.15:043][742]LogStaticMesh: Building static mesh NatureFreePack1_Rock4...
[2020.11.30-22.03.15:049][742]LogStaticMesh: Built static mesh [0.01s] /Game/Boar_level/NatureFreePack1_Rock4.NatureFreePack1_Rock4
[2020.11.30-22.03.15:051][742]LogMaterial: Display: Missing cached shader map for material Branch1_2, compiling. 
[2020.11.30-22.03.15:063][742]LogStaticMesh: Building static mesh NatureFreePack1_Branch...
[2020.11.30-22.03.15:069][742]LogStaticMesh: Built static mesh [0.01s] /Game/Boar_level/NatureFreePack1_Branch.NatureFreePack1_Branch
[2020.11.30-22.03.15:074][742]LogMaterial: Display: Missing cached shader map for material Trunk_001, compiling. 
[2020.11.30-22.03.15:086][742]LogStaticMesh: Building static mesh NatureFreePack1_Rock1...
[2020.11.30-22.03.15:092][742]LogStaticMesh: Built static mesh [0.01s] /Game/Boar_level/NatureFreePack1_Rock1.NatureFreePack1_Rock1
[2020.11.30-22.03.15:093][742]LogMaterial: Display: Missing cached shader map for material Bush1_1, compiling. 
[2020.11.30-22.03.15:105][742]LogStaticMesh: Building static mesh NatureFreePack1_Bush2...
[2020.11.30-22.03.15:111][742]LogStaticMesh: Built static mesh [0.01s] /Game/Boar_level/NatureFreePack1_Bush2.NatureFreePack1_Bush2
[2020.11.30-22.03.15:114][742]LogMaterial: Display: Missing cached shader map for material Green_2, compiling. 
[2020.11.30-22.03.15:123][742]LogStaticMesh: Building static mesh Fir_Tree...
[2020.11.30-22.03.15:133][742]LogStaticMesh: Built static mesh [0.01s] /Game/Boar_level/Fir_Tree.Fir_Tree
[2020.11.30-22.03.15:136][742]LogMaterial: Display: Missing cached shader map for material Map_water_1, compiling. 
[2020.11.30-22.03.15:147][742]LogMaterial: Display: Missing cached shader map for material Map_mountain_1, compiling. 
[2020.11.30-22.03.15:157][742]LogMaterial: Display: Missing cached shader map for material Map_Grass_1, compiling. 
[2020.11.30-22.03.15:167][742]LogStaticMesh: Building static mesh dzik_scene_final...
[2020.11.30-22.03.15:202][742]LogStaticMesh: Built static mesh [0.03s] /Game/Boar_level/dzik_scene_final.dzik_scene_final
[2020.11.30-22.03.15:210][742]LogMaterial: Display: Missing cached shader map for material Material, compiling. 
[2020.11.30-22.03.15:220][742]LogStaticMesh: Building static mesh boar_Plane...
[2020.11.30-22.03.15:234][742]LogStaticMesh: Built static mesh [0.01s] /Game/Boar_level/boar_Plane.boar_Plane
[2020.11.30-22.03.15:240][742]LogMaterial: Display: Missing cached shader map for material M_LightStage_Skybox_Master, compiling. 
[2020.11.30-22.03.15:245][742]LogMaterial: Display: Missing cached shader map for material M_LightStage_Skybox_Master, compiling. 
[2020.11.30-22.03.15:280][742]LogAssetEditorSubsystem: Opening Asset editor for World /Game/Levels/Boar_level.Boar_level
[2020.11.30-22.03.15:292][742]LogUObjectHash: Compacting FUObjectHashTables data took   0.50ms
[2020.11.30-22.03.15:293][742]Cmd: MAP LOAD FILE="C:/Users/Tomek/Desktop/Dzik scene (1)/Dzik_scene/Content/Levels/Boar_level.umap" TEMPLATE=0 SHOWPROGRESS=1 FEATURELEVEL=3
[2020.11.30-22.03.15:293][742]LightingResults: New page: Lighting Build
[2020.11.30-22.03.15:293][742]LoadErrors: New page: Loading map: Boar_level.umap
[2020.11.30-22.03.15:294][742]LogWorld: UWorld::CleanupWorld for Main_menu_level, bSessionEnded=true, bCleanupResources=true
[2020.11.30-22.03.15:294][742]LogSlate: InvalidateAllWidgets triggered.  All widgets were invalidated
[2020.11.30-22.03.15:294][742]MapCheck: New page: Map Check
[2020.11.30-22.03.15:294][742]LightingResults: New page: Lighting Build
[2020.11.30-22.03.15:304][742]LogAISub: UAISubsystem::~UAISubsystem AIPerceptionSystem (000001D3AB5B2340), frame # 2742
[2020.11.30-22.03.15:304][742]LogAISub: UAISubsystem::~UAISubsystem EnvQueryManager (000001D3E7E03C00), frame # 2742
[2020.11.30-22.03.15:306][742]LogUObjectHash: Compacting FUObjectHashTables data took   1.21ms
[2020.11.30-22.03.15:401][742]LogEditorServer: Finished looking for orphan Actors (0.000 secs)
[2020.11.30-22.03.15:401][742]LogAIModule: Creating AISystem for world Boar_level
[2020.11.30-22.03.15:401][742]LogAISub: UAISubsystem::UAISubsystem EnvQueryManager (000001D3DCBDAA00), frame # 2742
[2020.11.30-22.03.15:401][742]LogAISub: UAISubsystem::UAISubsystem AIPerceptionSystem (000001D3DC4D6340), frame # 2742
[2020.11.30-22.03.15:415][742]LogUObjectHash: Compacting FUObjectHashTables data took   0.57ms
[2020.11.30-22.03.15:440][742]Cmd: MAP CHECKDEP NOCLEARLOG
[2020.11.30-22.03.15:440][742]MapCheck: Map check complete: 0 Error(s), 0 Warning(s), took 0,127ms to complete.
[2020.11.30-22.03.15:440][742]LogFileHelpers: Loading map 'Boar_level' took 0.147
[2020.11.30-22.03.15:773][770]LogShaderCompilers: Display: Worker (8/9): shaders left to compile 203
[2020.11.30-22.03.16:146][806]LogShaderCompilers: Display: Worker (7/9): shaders left to compile 193
[2020.11.30-22.03.16:527][840]LogShaderCompilers: Display: Worker (2/9): shaders left to compile 183
[2020.11.30-22.03.16:576][841]LogShaderCompilers: Display: Worker (1/9): shaders left to compile 173
[2020.11.30-22.03.16:576][841]LogShaderCompilers: Display: Worker (6/9): shaders left to compile 163
[2020.11.30-22.03.16:644][843]LogShaderCompilers: Display: Worker (4/9): shaders left to compile 153
[2020.11.30-22.03.16:843][848]LogShaderCompilers: Display: Worker (3/9): shaders left to compile 143
[2020.11.30-22.03.16:845][848]LogShaderCompilers: Display: Worker (5/9): shaders left to compile 133
[2020.11.30-22.03.20:208][199]LogShaderCompilers: Display: Worker (7/9): shaders left to compile 123
[2020.11.30-22.03.20:644][244]LogShaderCompilers: Display: Worker (6/9): shaders left to compile 113
[2020.11.30-22.03.20:970][279]LogShaderCompilers: Display: Worker (5/9): shaders left to compile 103
[2020.11.30-22.03.21:150][293]LogShaderCompilers: Display: Worker (2/9): shaders left to compile 93
[2020.11.30-22.03.21:239][299]LogShaderCompilers: Display: Worker (4/9): shaders left to compile 83
[2020.11.30-22.03.21:313][307]LogShaderCompilers: Display: Worker (8/9): shaders left to compile 73
[2020.11.30-22.03.22:060][383]LogShaderCompilers: Display: Worker (1/9): shaders left to compile 63
[2020.11.30-22.03.22:271][403]LogShaderCompilers: Display: Worker (3/9): shaders left to compile 55
[2020.11.30-22.03.24:864][682]LogShaderCompilers: Display: Worker (7/9): shaders left to compile 48
[2020.11.30-22.03.25:114][709]LogShaderCompilers: Display: Worker (5/9): shaders left to compile 41
[2020.11.30-22.03.25:275][727]LogShaderCompilers: Display: Worker (3/9): shaders left to compile 35
[2020.11.30-22.03.25:451][745]LogShaderCompilers: Display: Worker (8/9): shaders left to compile 30
[2020.11.30-22.03.25:739][776]LogShaderCompilers: Display: Worker (2/9): shaders left to compile 26
[2020.11.30-22.03.26:150][820]LogShaderCompilers: Display: Worker (1/9): shaders left to compile 22
[2020.11.30-22.03.26:222][825]LogShaderCompilers: Display: Worker (6/9): shaders left to compile 19
[2020.11.30-22.03.26:668][873]LogShaderCompilers: Display: Worker (4/9): shaders left to compile 16
[2020.11.30-22.03.27:127][924]LogShaderCompilers: Display: Worker (2/9): shaders left to compile 13
[2020.11.30-22.03.27:284][941]LogShaderCompilers: Display: Worker (5/9): shaders left to compile 11
[2020.11.30-22.03.27:351][949]LogShaderCompilers: Display: Worker (1/9): shaders left to compile 9
[2020.11.30-22.03.27:750][992]LogShaderCompilers: Display: Worker (8/9): shaders left to compile 7
[2020.11.30-22.03.27:833][  2]LogShaderCompilers: Display: Worker (5/9): shaders left to compile 6
[2020.11.30-22.03.27:858][  5]LogShaderCompilers: Display: Worker (1/9): shaders left to compile 5
[2020.11.30-22.03.27:876][  7]LogShaderCompilers: Display: Worker (6/9): shaders left to compile 4
[2020.11.30-22.03.27:918][ 12]LogShaderCompilers: Display: Worker (3/9): shaders left to compile 3
[2020.11.30-22.03.28:017][ 21]LogShaderCompilers: Display: Worker (5/9): shaders left to compile 2
[2020.11.30-22.03.28:132][ 33]LogShaderCompilers: Display: Worker (2/9): shaders left to compile 1
[2020.11.30-22.03.33:566][673]LogEditorViewport: Clicking on Actor (LMB): StaticMeshActor (boar_Plane)
[2020.11.30-22.03.43:451][838]LogTemp: Repeating last play command: Selected Viewport
[2020.11.30-22.03.43:466][838]LogPlayLevel: PlayLevel: No blueprints needed recompiling
[2020.11.30-22.03.43:466][838]PIE: New page: PIE session: Boar_level (1 gru 2020, 00:03:43)
[2020.11.30-22.03.43:468][838]LogOnline: OSS: Creating online subsystem instance for: NULL
[2020.11.30-22.03.43:469][838]LogOnline: OSS: TryLoadSubsystemAndSetDefault: Loaded subsystem for module [NULL]
[2020.11.30-22.03.43:469][838]LogPlayLevel: Creating play world package: /Game/Levels/UEDPIE_0_Boar_level
[2020.11.30-22.03.43:475][838]LogPlayLevel: PIE: StaticDuplicateObject took: (0.005212s)
[2020.11.30-22.03.43:475][838]LogAIModule: Creating AISystem for world Boar_level
[2020.11.30-22.03.43:475][838]LogAISub: UAISubsystem::UAISubsystem EnvQueryManager (000001D3E4DFCC00), frame # 5838
[2020.11.30-22.03.43:476][838]LogAISub: UAISubsystem::UAISubsystem AIPerceptionSystem (000001D3A00F20C0), frame # 5838
[2020.11.30-22.03.43:476][838]LogPlayLevel: PIE: World Init took: (0.001025s)
[2020.11.30-22.03.43:476][838]LogPlayLevel: PIE: Created PIE world by copying editor world from /Game/Levels/Boar_level.Boar_level to /Game/Levels/UEDPIE_0_Boar_level.Boar_level (0.006369s)
[2020.11.30-22.03.43:487][838]LogUObjectHash: Compacting FUObjectHashTables data took   0.60ms
[2020.11.30-22.03.43:490][838]LogAudioMixer: Display: Audio Mixer Platform Settings:
[2020.11.30-22.03.43:490][838]LogAudioMixer: Display: 	Sample Rate:						  48000
[2020.11.30-22.03.43:490][838]LogAudioMixer: Display: 	Callback Buffer Frame Size Requested: 1024
[2020.11.30-22.03.43:490][838]LogAudioMixer: Display: 	Callback Buffer Frame Size To Use:	  1024
[2020.11.30-22.03.43:490][838]LogAudioMixer: Display: 	Number of buffers to queue:			  2
[2020.11.30-22.03.43:490][838]LogAudioMixer: Display: 	Max Channels (voices):				  32
[2020.11.30-22.03.43:490][838]LogAudioMixer: Display: 	Number of Async Source Workers:		  0
[2020.11.30-22.03.43:490][838]LogAudio: Display: AudioDevice MaxSources: 32
[2020.11.30-22.03.43:490][838]LogAudio: Display: Using built-in audio occlusion.
[2020.11.30-22.03.43:490][838]LogAudioMixer: Display: Initializing audio mixer.
[2020.11.30-22.03.43:495][838]LogAudioMixer: Display: 0: FrontLeft
[2020.11.30-22.03.43:495][838]LogAudioMixer: Display: 1: FrontRight
[2020.11.30-22.03.43:513][838]LogAudioMixer: Display: Using Audio Device Głośniki (2 — High Definition Audio Device)
[2020.11.30-22.03.43:513][838]LogAudioMixer: Display: Initializing Sound Submixes...
[2020.11.30-22.03.43:513][838]LogAudioMixer: Display: Creating Master Submix 'MasterSubmixDefault'
[2020.11.30-22.03.43:513][838]LogAudioMixer: Display: Creating Master Submix 'MasterReverbSubmixDefault'
[2020.11.30-22.03.43:513][838]LogAudioMixer: Display: Creating Master Submix 'MasterEQSubmixDefault'
[2020.11.30-22.03.43:525][838]LogInit: FAudioDevice initialized.
[2020.11.30-22.03.43:531][838]LogLoad: Game class is 'GameModeBase'
[2020.11.30-22.03.43:535][838]LogWorld: Bringing World /Game/Levels/UEDPIE_0_Boar_level.Boar_level up for play (max tick rate 0) at 2020.11.30-23.03.43
[2020.11.30-22.03.43:535][838]LogWorld: Bringing up level for play took: 0.002840
[2020.11.30-22.03.43:536][838]LogOnline: OSS: Creating online subsystem instance for: :Context_3
[2020.11.30-22.03.43:540][838]LogContentBrowser: Native class hierarchy updated for 'MovieSceneCapture' in 0.0003 seconds. Added 20 classes and 0 folders.
[2020.11.30-22.03.43:543][838]PIE: Server logged in
[2020.11.30-22.03.43:544][838]PIE: Play in editor total start time 0,08 seconds.
[2020.11.30-22.03.59:385][727]LogSlate: Updating window title bar state: overlay mode, drag disabled, window buttons hidden, title bar hidden
[2020.11.30-22.03.59:385][727]LogWorld: BeginTearingDown for /Game/Levels/UEDPIE_0_Boar_level
[2020.11.30-22.03.59:386][727]LogWorld: UWorld::CleanupWorld for Boar_level, bSessionEnded=true, bCleanupResources=true
[2020.11.30-22.03.59:386][727]LogSlate: InvalidateAllWidgets triggered.  All widgets were invalidated
[2020.11.30-22.03.59:396][727]LogPlayLevel: Display: Shutting down PIE online subsystems
[2020.11.30-22.03.59:397][727]LogSlate: InvalidateAllWidgets triggered.  All widgets were invalidated
[2020.11.30-22.03.59:421][727]LogSlate: Updating window title bar state: overlay mode, drag disabled, window buttons hidden, title bar hidden
[2020.11.30-22.03.59:422][727]LogAISub: UAISubsystem::~UAISubsystem EnvQueryManager (000001D3E4DFCC00), frame # 7727
[2020.11.30-22.03.59:422][727]LogAISub: UAISubsystem::~UAISubsystem AIPerceptionSystem (000001D3A00F20C0), frame # 7727
[2020.11.30-22.03.59:423][727]LogUObjectHash: Compacting FUObjectHashTables data took   0.60ms
[2020.11.30-22.03.59:477][729]LogPlayLevel: Display: Destroying online subsystem :Context_3
[2020.11.30-22.04.54:411][507]Cmd: CAMERA ALIGN ACTIVEVIEWPORTONLY
[2020.11.30-22.04.55:565][641]LogEditorViewport: Clicking on Actor (context menu): StaticMeshActor (dzik_scene_final2)
[2020.11.30-22.05.10:329][394]LogTemp: Repeating last play command: Selected Viewport
[2020.11.30-22.05.10:343][394]LogPlayLevel: PlayLevel: No blueprints needed recompiling
[2020.11.30-22.05.10:343][394]PIE: New page: PIE session: Boar_level (1 gru 2020, 00:05:10)
[2020.11.30-22.05.10:343][394]LogPlayLevel: Creating play world package: /Game/Levels/UEDPIE_0_Boar_level
[2020.11.30-22.05.10:347][394]LogPlayLevel: PIE: StaticDuplicateObject took: (0.004472s)
[2020.11.30-22.05.10:348][394]LogAIModule: Creating AISystem for world Boar_level
[2020.11.30-22.05.10:348][394]LogAISub: UAISubsystem::UAISubsystem EnvQueryManager (000001D3DCBD9600), frame # 15394
[2020.11.30-22.05.10:348][394]LogAISub: UAISubsystem::UAISubsystem AIPerceptionSystem (000001D3E509A700), frame # 15394
[2020.11.30-22.05.10:348][394]LogPlayLevel: PIE: World Init took: (0.000897s)
[2020.11.30-22.05.10:348][394]LogPlayLevel: PIE: Created PIE world by copying editor world from /Game/Levels/Boar_level.Boar_level to /Game/Levels/UEDPIE_0_Boar_level.Boar_level (0.005470s)
[2020.11.30-22.05.10:360][394]LogUObjectHash: Compacting FUObjectHashTables data took   0.58ms
[2020.11.30-22.05.10:361][394]LogAudioMixer: Display: Audio Mixer Platform Settings:
[2020.11.30-22.05.10:361][394]LogAudioMixer: Display: 	Sample Rate:						  48000
[2020.11.30-22.05.10:361][394]LogAudioMixer: Display: 	Callback Buffer Frame Size Requested: 1024
[2020.11.30-22.05.10:361][394]LogAudioMixer: Display: 	Callback Buffer Frame Size To Use:	  1024
[2020.11.30-22.05.10:361][394]LogAudioMixer: Display: 	Number of buffers to queue:			  2
[2020.11.30-22.05.10:361][394]LogAudioMixer: Display: 	Max Channels (voices):				  32
[2020.11.30-22.05.10:361][394]LogAudioMixer: Display: 	Number of Async Source Workers:		  0
[2020.11.30-22.05.10:361][394]LogAudio: Display: AudioDevice MaxSources: 32
[2020.11.30-22.05.10:361][394]LogAudio: Display: Using built-in audio occlusion.
[2020.11.30-22.05.10:361][394]LogAudioMixer: Display: Initializing audio mixer.
[2020.11.30-22.05.10:366][394]LogAudioMixer: Display: 0: FrontLeft
[2020.11.30-22.05.10:367][394]LogAudioMixer: Display: 1: FrontRight
[2020.11.30-22.05.10:384][394]LogAudioMixer: Display: Using Audio Device Głośniki (2 — High Definition Audio Device)
[2020.11.30-22.05.10:384][394]LogAudioMixer: Display: Initializing Sound Submixes...
[2020.11.30-22.05.10:384][394]LogAudioMixer: Display: Creating Master Submix 'MasterSubmixDefault'
[2020.11.30-22.05.10:384][394]LogAudioMixer: Display: Creating Master Submix 'MasterReverbSubmixDefault'
[2020.11.30-22.05.10:384][394]LogAudioMixer: Display: Creating Master Submix 'MasterEQSubmixDefault'
[2020.11.30-22.05.10:396][394]LogInit: FAudioDevice initialized.
[2020.11.30-22.05.10:404][394]LogLoad: Game class is 'GameModeBase'
[2020.11.30-22.05.10:407][394]LogWorld: Bringing World /Game/Levels/UEDPIE_0_Boar_level.Boar_level up for play (max tick rate 0) at 2020.11.30-23.05.10
[2020.11.30-22.05.10:407][394]LogWorld: Bringing up level for play took: 0.002593
[2020.11.30-22.05.10:408][394]LogOnline: OSS: Creating online subsystem instance for: :Context_4
[2020.11.30-22.05.10:409][394]PIE: Server logged in
[2020.11.30-22.05.10:410][394]PIE: Play in editor total start time 0,068 seconds.
[2020.11.30-22.05.18:915][403]LogSlate: Updating window title bar state: overlay mode, drag disabled, window buttons hidden, title bar hidden
[2020.11.30-22.05.18:915][403]LogWorld: BeginTearingDown for /Game/Levels/UEDPIE_0_Boar_level
[2020.11.30-22.05.18:915][403]LogWorld: UWorld::CleanupWorld for Boar_level, bSessionEnded=true, bCleanupResources=true
[2020.11.30-22.05.18:916][403]LogSlate: InvalidateAllWidgets triggered.  All widgets were invalidated
[2020.11.30-22.05.18:925][403]LogPlayLevel: Display: Shutting down PIE online subsystems
[2020.11.30-22.05.18:926][403]LogSlate: InvalidateAllWidgets triggered.  All widgets were invalidated
[2020.11.30-22.05.18:950][403]LogSlate: Updating window title bar state: overlay mode, drag disabled, window buttons hidden, title bar hidden
[2020.11.30-22.05.18:951][403]LogAISub: UAISubsystem::~UAISubsystem AIPerceptionSystem (000001D3E509A700), frame # 16403
[2020.11.30-22.05.18:951][403]LogAISub: UAISubsystem::~UAISubsystem EnvQueryManager (000001D3DCBD9600), frame # 16403
[2020.11.30-22.05.18:952][403]LogUObjectHash: Compacting FUObjectHashTables data took   0.58ms
[2020.11.30-22.05.19:000][406]LogPlayLevel: Display: Destroying online subsystem :Context_4
[2020.11.30-22.13.39:494][876]LogUObjectHash: Compacting FUObjectHashTables data took   0.69ms
[2020.11.30-22.13.39:497][876]Cmd: OBJ SAVEPACKAGE PACKAGE="/Game/Levels/Boar_level" FILE="C:/Users/Tomek/Desktop/Dzik scene (1)/Dzik_scene/Saved/Autosaves/Game/Levels/Boar_level_Auto1.umap" SILENT=true AUTOSAVING=true KEEPDIRTY=false
[2020.11.30-22.13.39:539][876]LogSavePackage: Moving 'C:/Users/Tomek/Desktop/Dzik scene (1)/Dzik_scene/Saved/Boar_level_Auto1494F975D409C21557CF301A8BAD64D37.tmp' to 'C:/Users/Tomek/Desktop/Dzik scene (1)/Dzik_scene/Saved/Autosaves/Game/Levels/Boar_level_Auto1.umap'
[2020.11.30-22.13.39:545][876]LogFileHelpers: Editor autosave (incl. sublevels) for '/Game/Levels/Boar_level' took 0.062
[2020.11.30-22.13.39:545][876]LogFileHelpers: Editor autosave (incl. sublevels) for all levels took 0.062
[2020.11.30-22.27.18:702][738]LogEditorViewport: Clicking on Actor (LMB): StaticMeshActor (dzik_scene_final2)
[2020.11.30-22.27.19:169][788]LogEditorViewport: Clicking on Actor (LMB): StaticMeshActor (NatureFreePack1_Branch2)
[2020.11.30-22.27.19:992][881]LogEditorViewport: Clicking on Actor (LMB): StaticMeshActor (NatureFreePack1_Stump5)
[2020.11.30-22.27.20:824][974]LogEditorViewport: Clicking on Actor (LMB): StaticMeshActor (dzik_scene_final2)
[2020.11.30-22.27.21:351][ 31]LogEditorViewport: Clicking on Actor (LMB): StaticMeshActor (dzik_scene_final2)
[2020.11.30-22.27.22:256][138]LogEditorViewport: Clicking on Actor (LMB): StaticMeshActor (NatureFreePack1_Branch2)
[2020.11.30-22.42.51:940][233]LogEditorViewport: Clicking on Actor (LMB): StaticMeshActor (dzik_scene_final2)
[2020.11.30-22.42.52:555][301]LogEditorViewport: Clicking on Actor (LMB): StaticMeshActor (dzik_scene_final2)
[2020.11.30-22.42.53:167][373]LogEditorViewport: Clicking on Actor (LMB): StaticMeshActor (dzik_scene_final2)
[2020.11.30-22.42.53:463][407]LogEditorViewport: Clicking on Component (LMB): StaticMeshComponent (StaticMeshComponent0)
[2020.11.30-22.42.53:802][444]LogEditorViewport: Clicking on Component (LMB): StaticMeshComponent (StaticMeshComponent0)
[2020.11.30-22.42.53:930][458]LogEditorViewport: Clicking on Actor (double click): StaticMeshActor (dzik_scene_final2)
[2020.11.30-22.42.54:329][502]LogEditorViewport: Clicking on Actor (LMB): StaticMeshActor (dzik_scene_final2)
