Log file open, 02/24/21 23:31:41
LogInit: Display: Running engine for game: Dzik_scene
LogPlatformFile: Not using cached read wrapper
LogTaskGraph: Started task graph with 5 named threads and 17 total threads with 3 sets of task threads.
LogStats: Stats thread started at 0.110551
LogD3D11RHI: Loaded GFSDK_Aftermath_Lib.x64.dll
LogICUInternationalization: ICU TimeZone Detection - Raw Offset: +1:00, Platform Override: ''
LogPluginManager: Mounting plugin Paper2D
LogPluginManager: Mounting plugin AISupport
LogPluginManager: Mounting plugin LightPropagationVolume
LogPluginManager: Mounting plugin CameraShakePreviewer
LogPluginManager: Mounting plugin ActorLayerUtilities
LogPluginManager: Mounting plugin AnimationSharing
LogPluginManager: Mounting plugin CLionSourceCodeAccess
LogPluginManager: Mounting plugin CodeLiteSourceCodeAccess
LogPluginManager: Mounting plugin GitSourceControl
LogPluginManager: Mounting plugin KDevelopSourceCodeAccess
LogPluginManager: Mounting plugin NullSourceCodeAccess
LogPluginManager: Mounting plugin PerforceSourceControl
LogPluginManager: Mounting plugin PlasticSourceControl
LogPluginManager: Mounting plugin RiderSourceCodeAccess
LogPluginManager: Mounting plugin SubversionSourceControl
LogPluginManager: Mounting plugin UObjectPlugin
LogPluginManager: Mounting plugin VisualStudioCodeSourceCodeAccess
LogPluginManager: Mounting plugin VisualStudioSourceCodeAccess
LogPluginManager: Mounting plugin XCodeSourceCodeAccess
LogPluginManager: Mounting plugin AssetManagerEditor
LogPluginManager: Mounting plugin CryptoKeys
LogPluginManager: Mounting plugin CurveEditorTools
LogPluginManager: Mounting plugin DataValidation
LogPluginManager: Mounting plugin EditorScriptingUtilities
LogPluginManager: Mounting plugin FacialAnimation
LogPluginManager: Mounting plugin GameplayTagsEditor
LogPluginManager: Mounting plugin GeometryMode
LogPluginManager: Mounting plugin MacGraphicsSwitching
LogPluginManager: Mounting plugin MaterialAnalyzer
LogPluginManager: Mounting plugin MobileLauncherProfileWizard
LogPluginManager: Mounting plugin PluginBrowser
LogPluginManager: Mounting plugin SpeedTreeImporter
LogPluginManager: Mounting plugin DatasmithContent
LogPluginManager: Mounting plugin VariantManagerContent
LogPluginManager: Mounting plugin AlembicImporter
LogPluginManager: Mounting plugin AutomationUtils
LogPluginManager: Mounting plugin BackChannel
LogPluginManager: Mounting plugin ChaosCloth
LogPluginManager: Mounting plugin ChaosClothEditor
LogPluginManager: Mounting plugin ChaosEditor
LogPluginManager: Mounting plugin ChaosNiagara
LogPluginManager: Mounting plugin ChaosSolverPlugin
LogPluginManager: Mounting plugin CharacterAI
LogPluginManager: Mounting plugin GeometryCache
LogPluginManager: Mounting plugin GeometryCollectionPlugin
LogPluginManager: Mounting plugin GeometryProcessing
LogPluginManager: Mounting plugin PlanarCut
LogPluginManager: Mounting plugin PlatformCrypto
LogPluginManager: Mounting plugin ProxyLODPlugin
LogPluginManager: Mounting plugin SkeletalReduction
LogPluginManager: Mounting plugin Niagara
LogPluginManager: Mounting plugin MagicLeap
LogPluginManager: Mounting plugin MagicLeapLightEstimation
LogPluginManager: Mounting plugin MagicLeapMedia
LogPluginManager: Mounting plugin MagicLeapPassableWorld
LogPluginManager: Mounting plugin MLSDK
LogPluginManager: Mounting plugin AndroidMedia
LogPluginManager: Mounting plugin AvfMedia
LogPluginManager: Mounting plugin ImgMedia
LogPluginManager: Mounting plugin MediaCompositing
LogPluginManager: Mounting plugin MediaPlayerEditor
LogPluginManager: Mounting plugin WebMMedia
LogPluginManager: Mounting plugin WmfMedia
LogPluginManager: Mounting plugin MeshPainting
LogPluginManager: Mounting plugin TcpMessaging
LogPluginManager: Mounting plugin UdpMessaging
LogPluginManager: Mounting plugin ActorSequence
LogPluginManager: Mounting plugin LevelSequenceEditor
LogPluginManager: Mounting plugin MatineeToLevelSequence
LogPluginManager: Mounting plugin MovieRenderPipeline
LogPluginManager: Mounting plugin TemplateSequence
LogPluginManager: Mounting plugin NetcodeUnitTest
LogPluginManager: Mounting plugin NUTUnrealEngine4
LogPluginManager: Mounting plugin OnlineSubsystemGooglePlay
LogPluginManager: Mounting plugin OnlineSubsystemIOS
LogPluginManager: Mounting plugin OnlineSubsystem
LogPluginManager: Mounting plugin OnlineSubsystemNull
LogPluginManager: Mounting plugin OnlineSubsystemUtils
LogPluginManager: Mounting plugin LauncherChunkInstaller
LogPluginManager: Mounting plugin AndroidDeviceProfileSelector
LogPluginManager: Mounting plugin AndroidMoviePlayer
LogPluginManager: Mounting plugin AndroidPermission
LogPluginManager: Mounting plugin AppleImageUtils
LogPluginManager: Mounting plugin AppleMoviePlayer
LogPluginManager: Mounting plugin ArchVisCharacter
LogPluginManager: Mounting plugin AssetTags
LogPluginManager: Mounting plugin AudioCapture
LogPluginManager: Mounting plugin CableComponent
LogPluginManager: Mounting plugin CustomMeshComponent
LogPluginManager: Mounting plugin EditableMesh
LogPluginManager: Mounting plugin ExampleDeviceProfileSelector
LogPluginManager: Mounting plugin GoogleCloudMessaging
LogPluginManager: Mounting plugin GooglePAD
LogPluginManager: Mounting plugin IOSDeviceProfileSelector
LogPluginManager: Mounting plugin LinuxDeviceProfileSelector
LogPluginManager: Mounting plugin LocationServicesBPLibrary
LogPluginManager: Mounting plugin MobilePatchingUtils
LogPluginManager: Mounting plugin OculusVR
LogPluginManager: Mounting plugin PhysXVehicles
LogPluginManager: Mounting plugin PostSplashScreen
LogPluginManager: Mounting plugin ProceduralMeshComponent
LogPluginManager: Mounting plugin RuntimePhysXCooking
LogPluginManager: Mounting plugin SignificanceManager
LogPluginManager: Mounting plugin SoundFields
LogPluginManager: Mounting plugin SteamVR
LogPluginManager: Mounting plugin Synthesis
LogPluginManager: Mounting plugin WebMMoviePlayer
LogPluginManager: Mounting plugin WindowsMoviePlayer
LogPluginManager: Mounting plugin ScreenshotTools
LogInit: Using libcurl 7.55.1-DEV
LogInit:  - built for x86_64-pc-win32
LogInit:  - supports SSL with OpenSSL/1.1.1
LogInit:  - supports HTTP deflate (compression) using libz 1.2.8
LogInit:  - other features:
LogInit:      CURL_VERSION_SSL
LogInit:      CURL_VERSION_LIBZ
LogInit:      CURL_VERSION_IPV6
LogInit:      CURL_VERSION_ASYNCHDNS
LogInit:      CURL_VERSION_LARGEFILE
LogInit:      CURL_VERSION_IDN
LogInit:  CurlRequestOptions (configurable via config and command line):
LogInit:  - bVerifyPeer = true  - Libcurl will verify peer certificate
LogInit:  - bUseHttpProxy = false  - Libcurl will NOT use HTTP proxy
LogInit:  - bDontReuseConnections = false  - Libcurl will reuse connections
LogInit:  - MaxHostConnections = 16  - Libcurl will limit the number of connections to a host
LogInit:  - LocalHostAddr = Default
LogInit:  - BufferSize = 65536
LogOnline: OSS: Creating online subsystem instance for: NULL
LogInit: WinSock: version 1.1 (2.2), MaxSocks=32767, MaxUdp=65467
LogOnline: OSS: TryLoadSubsystemAndSetDefault: Loaded subsystem for module [NULL]
LogInit: Build: ++UE4+Release-4.25-CL-0
LogInit: Engine Version: 4.25.4-0+++UE4+Release-4.25
LogInit: Compatible Engine Version: 4.25.0-0+++UE4+Release-4.25
LogInit: Net CL: 0
LogInit: OS: Windows 10 (Release 1909) (), CPU: AMD Ryzen 5 2600 Six-Core Processor            , GPU: Radeon RX 580 Series
LogInit: Compiled (64-bit): Jan  3 2021 15:07:52
LogInit: Compiled with Visual C++: 19.28.29335.00
LogInit: Build Configuration: Development
LogInit: Branch Name: ++UE4+Release-4.25
LogInit: Command Line:  /Game/Maps/Game -game -PIEVIACONSOLE -Multiprocess -server -logGameUserSettingsINI=C:/Users/Tomek/Documents/GitHub/PiraciZKaribu/Dzik_scene/Dzik_scene/Saved/Config/Windows/PIEGameUserSettings0.ini -MultiprocessSaveConfig -MultiprocessOSS -messaging -SessionName="Play in Standalone Game" -port=17777 -windowed
LogInit: Base Directory: D:/ue4.25.4/UnrealEngine-4.25.4-release/Engine/Binaries/Win64/
LogInit: Allocator: TBB
LogInit: Installed Engine Build: 0
LogDevObjectVersion: Number of dev versions registered: 26
LogDevObjectVersion:   Dev-Blueprints (B0D832E4-1F89-4F0D-ACCF-7EB736FD4AA2): 10
LogDevObjectVersion:   Dev-Build (E1C64328-A22C-4D53-A36C-8E866417BD8C): 0
LogDevObjectVersion:   Dev-Core (375EC13C-06E4-48FB-B500-84F0262A717E): 4
LogDevObjectVersion:   Dev-Editor (E4B068ED-F494-42E9-A231-DA0B2E46BB41): 38
LogDevObjectVersion:   Dev-Framework (CFFC743F-43B0-4480-9391-14DF171D2073): 37
LogDevObjectVersion:   Dev-Mobile (B02B49B5-BB20-44E9-A304-32B752E40360): 2
LogDevObjectVersion:   Dev-Networking (A4E4105C-59A1-49B5-A7C5-40C4547EDFEE): 0
LogDevObjectVersion:   Dev-Online (39C831C9-5AE6-47DC-9A44-9C173E1C8E7C): 0
LogDevObjectVersion:   Dev-Physics (78F01B33-EBEA-4F98-B9B4-84EACCB95AA2): 4
LogDevObjectVersion:   Dev-Platform (6631380F-2D4D-43E0-8009-CF276956A95A): 0
LogDevObjectVersion:   Dev-Rendering (12F88B9F-8875-4AFC-A67C-D90C383ABD29): 43
LogDevObjectVersion:   Dev-Sequencer (7B5AE74C-D270-4C10-A958-57980B212A5A): 12
LogDevObjectVersion:   Dev-VR (D7296918-1DD6-4BDD-9DE2-64A83CC13884): 3
LogDevObjectVersion:   Dev-LoadTimes (C2A15278-BFE7-4AFE-6C17-90FF531DF755): 1
LogDevObjectVersion:   Private-Geometry (6EACA3D4-40EC-4CC1-B786-8BED09428FC5): 3
LogDevObjectVersion:   Dev-AnimPhys (29E575DD-E0A3-4627-9D10-D276232CDCEA): 17
LogDevObjectVersion:   Dev-Anim (AF43A65D-7FD3-4947-9873-3E8ED9C1BB05): 7
LogDevObjectVersion:   Dev-ReflectionCapture (6B266CEC-1EC7-4B8F-A30B-E4D90942FC07): 1
LogDevObjectVersion:   Dev-Automation (0DF73D61-A23F-47EA-B727-89E90C41499A): 1
LogDevObjectVersion:   FortniteMain (601D1886-AC64-4F84-AA16-D3DE0DEAC7D6): 31
LogDevObjectVersion:   Dev-Enterprise (9DFFBCD6-494F-0158-E221-12823C92A888): 10
LogDevObjectVersion:   Dev-Niagara (F2AED0AC-9AFE-416F-8664-AA7FFA26D6FC): 1
LogDevObjectVersion:   Dev-Destruction (174F1F0B-B4C6-45A5-B13F-2EE8D0FB917D): 10
LogDevObjectVersion:   Dev-Physics-Ext (35F94A83-E258-406C-A318-09F59610247C): 37
LogDevObjectVersion:   Dev-PhysicsMaterial-Chaos (B68FC16E-8B1B-42E2-B453-215C058844FE): 1
LogDevObjectVersion:   Dev-CineCamera (B2E18506-4273-CFC2-A54E-F4BB758BBA07): 1
LogInit: Presizing for max 25165824 objects, including 0 objects not considered by GC, pre-allocating 0 bytes for permanent pool.
LogConfig: Applying CVar settings from Section [/Script/Engine.StreamingSettings] File [C:/Users/Tomek/Documents/GitHub/PiraciZKaribu/Dzik_scene/Dzik_scene/Saved/Config/Windows/Engine.ini]
LogConfig: Setting CVar [[s.MinBulkDataSizeForAsyncLoading:131072]]
LogConfig: Setting CVar [[s.AsyncLoadingThreadEnabled:0]]
LogConfig: Setting CVar [[s.EventDrivenLoaderEnabled:1]]
LogConfig: Setting CVar [[s.WarnIfTimeLimitExceeded:0]]
LogConfig: Setting CVar [[s.TimeLimitExceededMultiplier:1.5]]
LogConfig: Setting CVar [[s.TimeLimitExceededMinTime:0.005]]
LogConfig: Setting CVar [[s.UseBackgroundLevelStreaming:1]]
LogConfig: Setting CVar [[s.PriorityAsyncLoadingExtraTime:15.0]]
LogConfig: Setting CVar [[s.LevelStreamingActorsUpdateTimeLimit:5.0]]
LogConfig: Setting CVar [[s.PriorityLevelStreamingActorsUpdateExtraTime:5.0]]
LogConfig: Setting CVar [[s.LevelStreamingComponentsRegistrationGranularity:10]]
LogConfig: Setting CVar [[s.UnregisterComponentsTimeLimit:1.0]]
LogConfig: Setting CVar [[s.LevelStreamingComponentsUnregistrationGranularity:5]]
LogConfig: Setting CVar [[s.FlushStreamingOnExit:1]]
LogInit: Object subsystem initialized
LogConfig: Setting CVar [[con.DebugEarlyDefault:1]]
LogConfig: Setting CVar [[r.setres:1280x720]]
[2021.02.24-22.31.41:485][  0]LogConfig: Setting CVar [[con.DebugEarlyDefault:1]]
[2021.02.24-22.31.41:485][  0]LogConfig: Setting CVar [[r.setres:1280x720]]
[2021.02.24-22.31.41:485][  0]LogConfig: Applying CVar settings from Section [/Script/Engine.RendererSettings] File [C:/Users/Tomek/Documents/GitHub/PiraciZKaribu/Dzik_scene/Dzik_scene/Saved/Config/Windows/Engine.ini]
[2021.02.24-22.31.41:485][  0]LogConfig: Setting CVar [[r.GPUCrashDebugging:0]]
[2021.02.24-22.31.41:485][  0]LogConfig: Applying CVar settings from Section [/Script/Engine.RendererOverrideSettings] File [C:/Users/Tomek/Documents/GitHub/PiraciZKaribu/Dzik_scene/Dzik_scene/Saved/Config/Windows/Engine.ini]
[2021.02.24-22.31.41:485][  0]LogConfig: Applying CVar settings from Section [/Script/Engine.StreamingSettings] File [C:/Users/Tomek/Documents/GitHub/PiraciZKaribu/Dzik_scene/Dzik_scene/Saved/Config/Windows/Engine.ini]
[2021.02.24-22.31.41:485][  0]LogConfig: Setting CVar [[s.MinBulkDataSizeForAsyncLoading:131072]]
[2021.02.24-22.31.41:485][  0]LogConfig: Setting CVar [[s.AsyncLoadingThreadEnabled:0]]
[2021.02.24-22.31.41:485][  0]LogConfig: Setting CVar [[s.EventDrivenLoaderEnabled:1]]
[2021.02.24-22.31.41:485][  0]LogConfig: Setting CVar [[s.WarnIfTimeLimitExceeded:0]]
[2021.02.24-22.31.41:485][  0]LogConfig: Setting CVar [[s.TimeLimitExceededMultiplier:1.5]]
[2021.02.24-22.31.41:485][  0]LogConfig: Setting CVar [[s.TimeLimitExceededMinTime:0.005]]
[2021.02.24-22.31.41:485][  0]LogConfig: Setting CVar [[s.UseBackgroundLevelStreaming:1]]
[2021.02.24-22.31.41:485][  0]LogConfig: Setting CVar [[s.PriorityAsyncLoadingExtraTime:15.0]]
[2021.02.24-22.31.41:485][  0]LogConfig: Setting CVar [[s.LevelStreamingActorsUpdateTimeLimit:5.0]]
[2021.02.24-22.31.41:485][  0]LogConfig: Setting CVar [[s.PriorityLevelStreamingActorsUpdateExtraTime:5.0]]
[2021.02.24-22.31.41:485][  0]LogConfig: Setting CVar [[s.LevelStreamingComponentsRegistrationGranularity:10]]
[2021.02.24-22.31.41:485][  0]LogConfig: Setting CVar [[s.UnregisterComponentsTimeLimit:1.0]]
[2021.02.24-22.31.41:485][  0]LogConfig: Setting CVar [[s.LevelStreamingComponentsUnregistrationGranularity:5]]
[2021.02.24-22.31.41:485][  0]LogConfig: Setting CVar [[s.FlushStreamingOnExit:1]]
[2021.02.24-22.31.41:485][  0]LogConfig: Applying CVar settings from Section [/Script/Engine.GarbageCollectionSettings] File [C:/Users/Tomek/Documents/GitHub/PiraciZKaribu/Dzik_scene/Dzik_scene/Saved/Config/Windows/Engine.ini]
[2021.02.24-22.31.41:485][  0]LogConfig: Setting CVar [[gc.MaxObjectsNotConsideredByGC:1]]
[2021.02.24-22.31.41:485][  0]LogConfig: Setting CVar [[gc.SizeOfPermanentObjectPool:0]]
[2021.02.24-22.31.41:486][  0]LogConfig: Setting CVar [[gc.FlushStreamingOnGC:0]]
[2021.02.24-22.31.41:486][  0]LogConfig: Setting CVar [[gc.NumRetriesBeforeForcingGC:10]]
[2021.02.24-22.31.41:486][  0]LogConfig: Setting CVar [[gc.AllowParallelGC:1]]
[2021.02.24-22.31.41:486][  0]LogConfig: Setting CVar [[gc.TimeBetweenPurgingPendingKillObjects:61.1]]
[2021.02.24-22.31.41:486][  0]LogConfig: Setting CVar [[gc.MaxObjectsInEditor:25165824]]
[2021.02.24-22.31.41:486][  0]LogConfig: Setting CVar [[gc.IncrementalBeginDestroyEnabled:1]]
[2021.02.24-22.31.41:486][  0]LogConfig: Setting CVar [[gc.CreateGCClusters:1]]
[2021.02.24-22.31.41:486][  0]LogConfig: Setting CVar [[gc.MinGCClusterSize:5]]
[2021.02.24-22.31.41:486][  0]LogConfig: Setting CVar [[gc.ActorClusteringEnabled:0]]
[2021.02.24-22.31.41:486][  0]LogConfig: Setting CVar [[gc.BlueprintClusteringEnabled:0]]
[2021.02.24-22.31.41:486][  0]LogConfig: Setting CVar [[gc.UseDisregardForGCOnDedicatedServers:0]]
[2021.02.24-22.31.41:486][  0]LogConfig: Applying CVar settings from Section [/Script/Engine.NetworkSettings] File [C:/Users/Tomek/Documents/GitHub/PiraciZKaribu/Dzik_scene/Dzik_scene/Saved/Config/Windows/Engine.ini]
[2021.02.24-22.31.41:486][  0]LogConfig: Applying CVar settings from Section [/Script/UnrealEd.CookerSettings] File [C:/Users/Tomek/Documents/GitHub/PiraciZKaribu/Dzik_scene/Dzik_scene/Saved/Config/Windows/Engine.ini]
[2021.02.24-22.31.41:486][  0]LogConfig: Applying CVar settings from Section [ViewDistanceQuality@3] File [C:/Users/Tomek/Documents/GitHub/PiraciZKaribu/Dzik_scene/Dzik_scene/Saved/Config/Windows/Scalability.ini]
[2021.02.24-22.31.41:486][  0]LogConfig: Setting CVar [[r.SkeletalMeshLODBias:0]]
[2021.02.24-22.31.41:486][  0]LogConfig: Setting CVar [[r.ViewDistanceScale:1.0]]
[2021.02.24-22.31.41:486][  0]LogConfig: Applying CVar settings from Section [AntiAliasingQuality@3] File [C:/Users/Tomek/Documents/GitHub/PiraciZKaribu/Dzik_scene/Dzik_scene/Saved/Config/Windows/Scalability.ini]
[2021.02.24-22.31.41:486][  0]LogConfig: Setting CVar [[r.PostProcessAAQuality:4]]
[2021.02.24-22.31.41:486][  0]LogConfig: Applying CVar settings from Section [ShadowQuality@3] File [C:/Users/Tomek/Documents/GitHub/PiraciZKaribu/Dzik_scene/Dzik_scene/Saved/Config/Windows/Scalability.ini]
[2021.02.24-22.31.41:486][  0]LogConfig: Setting CVar [[r.LightFunctionQuality:1]]
[2021.02.24-22.31.41:486][  0]LogConfig: Setting CVar [[r.ShadowQuality:5]]
[2021.02.24-22.31.41:486][  0]LogConfig: Setting CVar [[r.Shadow.CSM.MaxCascades:10]]
[2021.02.24-22.31.41:486][  0]LogConfig: Setting CVar [[r.Shadow.MaxResolution:2048]]
[2021.02.24-22.31.41:486][  0]LogConfig: Setting CVar [[r.Shadow.MaxCSMResolution:2048]]
[2021.02.24-22.31.41:486][  0]LogConfig: Setting CVar [[r.Shadow.RadiusThreshold:0.01]]
[2021.02.24-22.31.41:486][  0]LogConfig: Setting CVar [[r.Shadow.DistanceScale:1.0]]
[2021.02.24-22.31.41:486][  0]LogConfig: Setting CVar [[r.Shadow.CSM.TransitionScale:1.0]]
[2021.02.24-22.31.41:486][  0]LogConfig: Setting CVar [[r.Shadow.PreShadowResolutionFactor:1.0]]
[2021.02.24-22.31.41:486][  0]LogConfig: Setting CVar [[r.DistanceFieldShadowing:1]]
[2021.02.24-22.31.41:486][  0]LogConfig: Setting CVar [[r.DistanceFieldAO:1]]
[2021.02.24-22.31.41:486][  0]LogConfig: Setting CVar [[r.AOQuality:2]]
[2021.02.24-22.31.41:486][  0]LogConfig: Setting CVar [[r.VolumetricFog:1]]
[2021.02.24-22.31.41:486][  0]LogConfig: Setting CVar [[r.VolumetricFog.GridPixelSize:8]]
[2021.02.24-22.31.41:486][  0]LogConfig: Setting CVar [[r.VolumetricFog.GridSizeZ:128]]
[2021.02.24-22.31.41:486][  0]LogConfig: Setting CVar [[r.VolumetricFog.HistoryMissSupersampleCount:4]]
[2021.02.24-22.31.41:486][  0]LogConfig: Setting CVar [[r.LightMaxDrawDistanceScale:1]]
[2021.02.24-22.31.41:486][  0]LogConfig: Setting CVar [[r.CapsuleShadows:1]]
[2021.02.24-22.31.41:486][  0]LogConfig: Applying CVar settings from Section [PostProcessQuality@3] File [C:/Users/Tomek/Documents/GitHub/PiraciZKaribu/Dzik_scene/Dzik_scene/Saved/Config/Windows/Scalability.ini]
[2021.02.24-22.31.41:486][  0]LogConfig: Setting CVar [[r.MotionBlurQuality:4]]
[2021.02.24-22.31.41:486][  0]LogConfig: Setting CVar [[r.AmbientOcclusionMipLevelFactor:0.4]]
[2021.02.24-22.31.41:486][  0]LogConfig: Setting CVar [[r.AmbientOcclusionMaxQuality:100]]
[2021.02.24-22.31.41:486][  0]LogConfig: Setting CVar [[r.AmbientOcclusionLevels:-1]]
[2021.02.24-22.31.41:486][  0]LogConfig: Setting CVar [[r.AmbientOcclusionRadiusScale:1.0]]
[2021.02.24-22.31.41:486][  0]LogConfig: Setting CVar [[r.DepthOfFieldQuality:2]]
[2021.02.24-22.31.41:486][  0]LogConfig: Setting CVar [[r.RenderTargetPoolMin:400]]
[2021.02.24-22.31.41:486][  0]LogConfig: Setting CVar [[r.LensFlareQuality:2]]
[2021.02.24-22.31.41:486][  0]LogConfig: Setting CVar [[r.SceneColorFringeQuality:1]]
[2021.02.24-22.31.41:486][  0]LogConfig: Setting CVar [[r.EyeAdaptationQuality:2]]
[2021.02.24-22.31.41:486][  0]LogConfig: Setting CVar [[r.BloomQuality:5]]
[2021.02.24-22.31.41:486][  0]LogConfig: Setting CVar [[r.FastBlurThreshold:100]]
[2021.02.24-22.31.41:486][  0]LogConfig: Setting CVar [[r.Upscale.Quality:3]]
[2021.02.24-22.31.41:486][  0]LogConfig: Setting CVar [[r.Tonemapper.GrainQuantization:1]]
[2021.02.24-22.31.41:486][  0]LogConfig: Setting CVar [[r.LightShaftQuality:1]]
[2021.02.24-22.31.41:486][  0]LogConfig: Setting CVar [[r.Filter.SizeScale:1]]
[2021.02.24-22.31.41:486][  0]LogConfig: Setting CVar [[r.Tonemapper.Quality:5]]
[2021.02.24-22.31.41:486][  0]LogConfig: Setting CVar [[r.DOF.Gather.AccumulatorQuality:1        ; higher gathering accumulator quality]]
[2021.02.24-22.31.41:486][  0]LogConfig: Setting CVar [[r.DOF.Gather.PostfilterMethod:1          ; Median3x3 postfilering method]]
[2021.02.24-22.31.41:486][  0]LogConfig: Setting CVar [[r.DOF.Gather.EnableBokehSettings:0       ; no bokeh simulation when gathering]]
[2021.02.24-22.31.41:486][  0]LogConfig: Setting CVar [[r.DOF.Gather.RingCount:4                 ; medium number of samples when gathering]]
[2021.02.24-22.31.41:486][  0]LogConfig: Setting CVar [[r.DOF.Scatter.ForegroundCompositing:1    ; additive foreground scattering]]
[2021.02.24-22.31.41:486][  0]LogConfig: Setting CVar [[r.DOF.Scatter.BackgroundCompositing:2    ; additive background scattering]]
[2021.02.24-22.31.41:486][  0]LogConfig: Setting CVar [[r.DOF.Scatter.EnableBokehSettings:1      ; bokeh simulation when scattering]]
[2021.02.24-22.31.41:486][  0]LogConfig: Setting CVar [[r.DOF.Scatter.MaxSpriteRatio:0.1         ; only a maximum of 10% of scattered bokeh]]
[2021.02.24-22.31.41:486][  0]LogConfig: Setting CVar [[r.DOF.Recombine.Quality:1                ; cheap slight out of focus]]
[2021.02.24-22.31.41:487][  0]LogConfig: Setting CVar [[r.DOF.Recombine.EnableBokehSettings:0    ; no bokeh simulation on slight out of focus]]
[2021.02.24-22.31.41:487][  0]LogConfig: Setting CVar [[r.DOF.TemporalAAQuality:1                ; more stable temporal accumulation]]
[2021.02.24-22.31.41:487][  0]LogConfig: Setting CVar [[r.DOF.Kernel.MaxForegroundRadius:0.025]]
[2021.02.24-22.31.41:487][  0]LogConfig: Setting CVar [[r.DOF.Kernel.MaxBackgroundRadius:0.025]]
[2021.02.24-22.31.41:487][  0]LogConfig: Applying CVar settings from Section [TextureQuality@3] File [C:/Users/Tomek/Documents/GitHub/PiraciZKaribu/Dzik_scene/Dzik_scene/Saved/Config/Windows/Scalability.ini]
[2021.02.24-22.31.41:487][  0]LogConfig: Setting CVar [[r.Streaming.MipBias:0]]
[2021.02.24-22.31.41:487][  0]LogConfig: Setting CVar [[r.Streaming.AmortizeCPUToGPUCopy:0]]
[2021.02.24-22.31.41:487][  0]LogConfig: Setting CVar [[r.Streaming.MaxNumTexturesToStreamPerFrame:0]]
[2021.02.24-22.31.41:487][  0]LogConfig: Setting CVar [[r.Streaming.Boost:1]]
[2021.02.24-22.31.41:487][  0]LogConfig: Setting CVar [[r.MaxAnisotropy:8]]
[2021.02.24-22.31.41:487][  0]LogConfig: Setting CVar [[r.VT.MaxAnisotropy:8]]
[2021.02.24-22.31.41:487][  0]LogConfig: Setting CVar [[r.Streaming.LimitPoolSizeToVRAM:0]]
[2021.02.24-22.31.41:487][  0]LogConfig: Setting CVar [[r.Streaming.PoolSize:1000]]
[2021.02.24-22.31.41:487][  0]LogConfig: Setting CVar [[r.Streaming.MaxEffectiveScreenSize:0]]
[2021.02.24-22.31.41:487][  0]LogConfig: Applying CVar settings from Section [EffectsQuality@3] File [C:/Users/Tomek/Documents/GitHub/PiraciZKaribu/Dzik_scene/Dzik_scene/Saved/Config/Windows/Scalability.ini]
[2021.02.24-22.31.41:487][  0]LogConfig: Setting CVar [[r.TranslucencyLightingVolumeDim:64]]
[2021.02.24-22.31.41:487][  0]LogConfig: Setting CVar [[r.RefractionQuality:2]]
[2021.02.24-22.31.41:487][  0]LogConfig: Setting CVar [[r.SSR.Quality:3]]
[2021.02.24-22.31.41:487][  0]LogConfig: Setting CVar [[r.SSR.HalfResSceneColor:0]]
[2021.02.24-22.31.41:487][  0]LogConfig: Setting CVar [[r.SceneColorFormat:4]]
[2021.02.24-22.31.41:487][  0]LogConfig: Setting CVar [[r.DetailMode:2]]
[2021.02.24-22.31.41:487][  0]LogConfig: Setting CVar [[r.TranslucencyVolumeBlur:1]]
[2021.02.24-22.31.41:487][  0]LogConfig: Setting CVar [[r.MaterialQualityLevel:1 ; High quality]]
[2021.02.24-22.31.41:487][  0]LogConfig: Setting CVar [[r.SSS.Scale:1]]
[2021.02.24-22.31.41:487][  0]LogConfig: Setting CVar [[r.SSS.SampleSet:2]]
[2021.02.24-22.31.41:487][  0]LogConfig: Setting CVar [[r.SSS.Quality:1]]
[2021.02.24-22.31.41:487][  0]LogConfig: Setting CVar [[r.SSS.HalfRes:0]]
[2021.02.24-22.31.41:487][  0]LogConfig: Setting CVar [[r.SSGI.Quality:3]]
[2021.02.24-22.31.41:487][  0]LogConfig: Setting CVar [[r.EmitterSpawnRateScale:1.0]]
[2021.02.24-22.31.41:487][  0]LogConfig: Setting CVar [[r.ParticleLightQuality:2]]
[2021.02.24-22.31.41:487][  0]LogConfig: Setting CVar [[r.SkyAtmosphere.AerialPerspectiveLUT.FastApplyOnOpaque:1 ; Always have FastSkyLUT 1 in this case to avoid wrong sky]]
[2021.02.24-22.31.41:487][  0]LogConfig: Setting CVar [[r.SkyAtmosphere.AerialPerspectiveLUT.SampleCountPerSlice:1]]
[2021.02.24-22.31.41:487][  0]LogConfig: Setting CVar [[r.SkyAtmosphere.AerialPerspectiveLUT.DepthResolution:16.0]]
[2021.02.24-22.31.41:487][  0]LogConfig: Setting CVar [[r.SkyAtmosphere.FastSkyLUT:1]]
[2021.02.24-22.31.41:487][  0]LogConfig: Setting CVar [[r.SkyAtmosphere.FastSkyLUT.SampleCountMin:4.0]]
[2021.02.24-22.31.41:487][  0]LogConfig: Setting CVar [[r.SkyAtmosphere.FastSkyLUT.SampleCountMax:32.0]]
[2021.02.24-22.31.41:487][  0]LogConfig: Setting CVar [[r.SkyAtmosphere.SampleCountMin:4.0]]
[2021.02.24-22.31.41:487][  0]LogConfig: Setting CVar [[r.SkyAtmosphere.SampleCountMax:32.0]]
[2021.02.24-22.31.41:487][  0]LogConfig: Setting CVar [[r.SkyAtmosphere.TransmittanceLUT.UseSmallFormat:0]]
[2021.02.24-22.31.41:487][  0]LogConfig: Setting CVar [[r.SkyAtmosphere.TransmittanceLUT.SampleCount:10.0]]
[2021.02.24-22.31.41:487][  0]LogConfig: Setting CVar [[r.SkyAtmosphere.MultiScatteringLUT.SampleCount:15.0]]
[2021.02.24-22.31.41:487][  0]LogConfig: Applying CVar settings from Section [FoliageQuality@3] File [C:/Users/Tomek/Documents/GitHub/PiraciZKaribu/Dzik_scene/Dzik_scene/Saved/Config/Windows/Scalability.ini]
[2021.02.24-22.31.41:487][  0]LogConfig: Setting CVar [[foliage.DensityScale:1.0]]
[2021.02.24-22.31.41:487][  0]LogConfig: Setting CVar [[grass.DensityScale:1.0]]
[2021.02.24-22.31.41:487][  0]LogConfig: Applying CVar settings from Section [ShadingQuality@3] File [C:/Users/Tomek/Documents/GitHub/PiraciZKaribu/Dzik_scene/Dzik_scene/Saved/Config/Windows/Scalability.ini]
[2021.02.24-22.31.41:487][  0]LogConfig: Setting CVar [[r.HairStrands.SkyLighting.SampleCount:16]]
[2021.02.24-22.31.41:487][  0]LogConfig: Setting CVar [[r.HairStrands.SkyLighting.JitterIntegration:0]]
[2021.02.24-22.31.41:487][  0]LogConfig: Setting CVar [[r.HairStrands.SkyAO.SampleCount:16]]
[2021.02.24-22.31.41:487][  0]LogConfig: Setting CVar [[r.HairStrands.DeepShadow.SuperSampling:0]]
[2021.02.24-22.31.41:487][  0]LogConfig: Setting CVar [[r.HairStrands.VisibilityPPLL:0]]
[2021.02.24-22.31.41:487][  0]LogConfig: Setting CVar [[r.HairStrands.RasterizationScale:0.5]]
[2021.02.24-22.31.41:487][  0]LogConfig: Setting CVar [[r.HairStrands.VelocityRasterizationScale:1]]
[2021.02.24-22.31.41:487][  0]LogInit: Selected Device Profile: [Windows]
[2021.02.24-22.31.41:487][  0]LogInit: Applying CVar settings loaded from the selected device profile: [Windows]
[2021.02.24-22.31.41:487][  0]LogHAL: Display: Platform has ~ 16 GB [17128165376 / 17179869184 / 16], which maps to Larger [LargestMinGB=32, LargerMinGB=12, DefaultMinGB=8, SmallerMinGB=6, SmallestMinGB=0)
[2021.02.24-22.31.41:487][  0]LogInit: Going up to parent DeviceProfile []
[2021.02.24-22.31.41:487][  0]LogConfig: Applying CVar settings from Section [ViewDistanceQuality@3] File [C:/Users/Tomek/Documents/GitHub/PiraciZKaribu/Dzik_scene/Dzik_scene/Saved/Config/Windows/Scalability.ini]
[2021.02.24-22.31.41:487][  0]LogConfig: Setting CVar [[r.SkeletalMeshLODBias:0]]
[2021.02.24-22.31.41:487][  0]LogConfig: Setting CVar [[r.ViewDistanceScale:1.0]]
[2021.02.24-22.31.41:487][  0]LogConfig: Applying CVar settings from Section [AntiAliasingQuality@3] File [C:/Users/Tomek/Documents/GitHub/PiraciZKaribu/Dzik_scene/Dzik_scene/Saved/Config/Windows/Scalability.ini]
[2021.02.24-22.31.41:487][  0]LogConfig: Setting CVar [[r.PostProcessAAQuality:4]]
[2021.02.24-22.31.41:487][  0]LogConfig: Applying CVar settings from Section [ShadowQuality@3] File [C:/Users/Tomek/Documents/GitHub/PiraciZKaribu/Dzik_scene/Dzik_scene/Saved/Config/Windows/Scalability.ini]
[2021.02.24-22.31.41:487][  0]LogConfig: Setting CVar [[r.LightFunctionQuality:1]]
[2021.02.24-22.31.41:487][  0]LogConfig: Setting CVar [[r.ShadowQuality:5]]
[2021.02.24-22.31.41:487][  0]LogConfig: Setting CVar [[r.Shadow.CSM.MaxCascades:10]]
[2021.02.24-22.31.41:488][  0]LogConfig: Setting CVar [[r.Shadow.MaxResolution:2048]]
[2021.02.24-22.31.41:488][  0]LogConfig: Setting CVar [[r.Shadow.MaxCSMResolution:2048]]
[2021.02.24-22.31.41:488][  0]LogConfig: Setting CVar [[r.Shadow.RadiusThreshold:0.01]]
[2021.02.24-22.31.41:488][  0]LogConfig: Setting CVar [[r.Shadow.DistanceScale:1.0]]
[2021.02.24-22.31.41:488][  0]LogConfig: Setting CVar [[r.Shadow.CSM.TransitionScale:1.0]]
[2021.02.24-22.31.41:488][  0]LogConfig: Setting CVar [[r.Shadow.PreShadowResolutionFactor:1.0]]
[2021.02.24-22.31.41:488][  0]LogConfig: Setting CVar [[r.DistanceFieldShadowing:1]]
[2021.02.24-22.31.41:488][  0]LogConfig: Setting CVar [[r.DistanceFieldAO:1]]
[2021.02.24-22.31.41:488][  0]LogConfig: Setting CVar [[r.AOQuality:2]]
[2021.02.24-22.31.41:488][  0]LogConfig: Setting CVar [[r.VolumetricFog:1]]
[2021.02.24-22.31.41:488][  0]LogConfig: Setting CVar [[r.VolumetricFog.GridPixelSize:8]]
[2021.02.24-22.31.41:488][  0]LogConfig: Setting CVar [[r.VolumetricFog.GridSizeZ:128]]
[2021.02.24-22.31.41:488][  0]LogConfig: Setting CVar [[r.VolumetricFog.HistoryMissSupersampleCount:4]]
[2021.02.24-22.31.41:488][  0]LogConfig: Setting CVar [[r.LightMaxDrawDistanceScale:1]]
[2021.02.24-22.31.41:488][  0]LogConfig: Setting CVar [[r.CapsuleShadows:1]]
[2021.02.24-22.31.41:488][  0]LogConfig: Applying CVar settings from Section [PostProcessQuality@3] File [C:/Users/Tomek/Documents/GitHub/PiraciZKaribu/Dzik_scene/Dzik_scene/Saved/Config/Windows/Scalability.ini]
[2021.02.24-22.31.41:488][  0]LogConfig: Setting CVar [[r.MotionBlurQuality:4]]
[2021.02.24-22.31.41:488][  0]LogConfig: Setting CVar [[r.AmbientOcclusionMipLevelFactor:0.4]]
[2021.02.24-22.31.41:488][  0]LogConfig: Setting CVar [[r.AmbientOcclusionMaxQuality:100]]
[2021.02.24-22.31.41:488][  0]LogConfig: Setting CVar [[r.AmbientOcclusionLevels:-1]]
[2021.02.24-22.31.41:488][  0]LogConfig: Setting CVar [[r.AmbientOcclusionRadiusScale:1.0]]
[2021.02.24-22.31.41:488][  0]LogConfig: Setting CVar [[r.DepthOfFieldQuality:2]]
[2021.02.24-22.31.41:488][  0]LogConfig: Setting CVar [[r.RenderTargetPoolMin:400]]
[2021.02.24-22.31.41:488][  0]LogConfig: Setting CVar [[r.LensFlareQuality:2]]
[2021.02.24-22.31.41:488][  0]LogConfig: Setting CVar [[r.SceneColorFringeQuality:1]]
[2021.02.24-22.31.41:488][  0]LogConfig: Setting CVar [[r.EyeAdaptationQuality:2]]
[2021.02.24-22.31.41:488][  0]LogConfig: Setting CVar [[r.BloomQuality:5]]
[2021.02.24-22.31.41:488][  0]LogConfig: Setting CVar [[r.FastBlurThreshold:100]]
[2021.02.24-22.31.41:488][  0]LogConfig: Setting CVar [[r.Upscale.Quality:3]]
[2021.02.24-22.31.41:488][  0]LogConfig: Setting CVar [[r.Tonemapper.GrainQuantization:1]]
[2021.02.24-22.31.41:488][  0]LogConfig: Setting CVar [[r.LightShaftQuality:1]]
[2021.02.24-22.31.41:488][  0]LogConfig: Setting CVar [[r.Filter.SizeScale:1]]
[2021.02.24-22.31.41:488][  0]LogConfig: Setting CVar [[r.Tonemapper.Quality:5]]
[2021.02.24-22.31.41:488][  0]LogConfig: Setting CVar [[r.DOF.Gather.AccumulatorQuality:1        ; higher gathering accumulator quality]]
[2021.02.24-22.31.41:488][  0]LogConfig: Setting CVar [[r.DOF.Gather.PostfilterMethod:1          ; Median3x3 postfilering method]]
[2021.02.24-22.31.41:488][  0]LogConfig: Setting CVar [[r.DOF.Gather.EnableBokehSettings:0       ; no bokeh simulation when gathering]]
[2021.02.24-22.31.41:488][  0]LogConfig: Setting CVar [[r.DOF.Gather.RingCount:4                 ; medium number of samples when gathering]]
[2021.02.24-22.31.41:488][  0]LogConfig: Setting CVar [[r.DOF.Scatter.ForegroundCompositing:1    ; additive foreground scattering]]
[2021.02.24-22.31.41:488][  0]LogConfig: Setting CVar [[r.DOF.Scatter.BackgroundCompositing:2    ; additive background scattering]]
[2021.02.24-22.31.41:488][  0]LogConfig: Setting CVar [[r.DOF.Scatter.EnableBokehSettings:1      ; bokeh simulation when scattering]]
[2021.02.24-22.31.41:488][  0]LogConfig: Setting CVar [[r.DOF.Scatter.MaxSpriteRatio:0.1         ; only a maximum of 10% of scattered bokeh]]
[2021.02.24-22.31.41:488][  0]LogConfig: Setting CVar [[r.DOF.Recombine.Quality:1                ; cheap slight out of focus]]
[2021.02.24-22.31.41:488][  0]LogConfig: Setting CVar [[r.DOF.Recombine.EnableBokehSettings:0    ; no bokeh simulation on slight out of focus]]
[2021.02.24-22.31.41:488][  0]LogConfig: Setting CVar [[r.DOF.TemporalAAQuality:1                ; more stable temporal accumulation]]
[2021.02.24-22.31.41:488][  0]LogConfig: Setting CVar [[r.DOF.Kernel.MaxForegroundRadius:0.025]]
[2021.02.24-22.31.41:488][  0]LogConfig: Setting CVar [[r.DOF.Kernel.MaxBackgroundRadius:0.025]]
[2021.02.24-22.31.41:488][  0]LogConfig: Applying CVar settings from Section [TextureQuality@3] File [C:/Users/Tomek/Documents/GitHub/PiraciZKaribu/Dzik_scene/Dzik_scene/Saved/Config/Windows/Scalability.ini]
[2021.02.24-22.31.41:488][  0]LogConfig: Setting CVar [[r.Streaming.MipBias:0]]
[2021.02.24-22.31.41:488][  0]LogConfig: Setting CVar [[r.Streaming.AmortizeCPUToGPUCopy:0]]
[2021.02.24-22.31.41:488][  0]LogConfig: Setting CVar [[r.Streaming.MaxNumTexturesToStreamPerFrame:0]]
[2021.02.24-22.31.41:488][  0]LogConfig: Setting CVar [[r.Streaming.Boost:1]]
[2021.02.24-22.31.41:488][  0]LogConfig: Setting CVar [[r.MaxAnisotropy:8]]
[2021.02.24-22.31.41:488][  0]LogConfig: Setting CVar [[r.VT.MaxAnisotropy:8]]
[2021.02.24-22.31.41:488][  0]LogConfig: Setting CVar [[r.Streaming.LimitPoolSizeToVRAM:0]]
[2021.02.24-22.31.41:488][  0]LogConfig: Setting CVar [[r.Streaming.PoolSize:1000]]
[2021.02.24-22.31.41:488][  0]LogConfig: Setting CVar [[r.Streaming.MaxEffectiveScreenSize:0]]
[2021.02.24-22.31.41:488][  0]LogConfig: Applying CVar settings from Section [EffectsQuality@3] File [C:/Users/Tomek/Documents/GitHub/PiraciZKaribu/Dzik_scene/Dzik_scene/Saved/Config/Windows/Scalability.ini]
[2021.02.24-22.31.41:488][  0]LogConfig: Setting CVar [[r.TranslucencyLightingVolumeDim:64]]
[2021.02.24-22.31.41:488][  0]LogConfig: Setting CVar [[r.RefractionQuality:2]]
[2021.02.24-22.31.41:488][  0]LogConfig: Setting CVar [[r.SSR.Quality:3]]
[2021.02.24-22.31.41:488][  0]LogConfig: Setting CVar [[r.SSR.HalfResSceneColor:0]]
[2021.02.24-22.31.41:488][  0]LogConfig: Setting CVar [[r.SceneColorFormat:4]]
[2021.02.24-22.31.41:488][  0]LogConfig: Setting CVar [[r.DetailMode:2]]
[2021.02.24-22.31.41:488][  0]LogConfig: Setting CVar [[r.TranslucencyVolumeBlur:1]]
[2021.02.24-22.31.41:488][  0]LogConfig: Setting CVar [[r.MaterialQualityLevel:1 ; High quality]]
[2021.02.24-22.31.41:488][  0]LogConfig: Setting CVar [[r.SSS.Scale:1]]
[2021.02.24-22.31.41:488][  0]LogConfig: Setting CVar [[r.SSS.SampleSet:2]]
[2021.02.24-22.31.41:488][  0]LogConfig: Setting CVar [[r.SSS.Quality:1]]
[2021.02.24-22.31.41:488][  0]LogConfig: Setting CVar [[r.SSS.HalfRes:0]]
[2021.02.24-22.31.41:488][  0]LogConfig: Setting CVar [[r.SSGI.Quality:3]]
[2021.02.24-22.31.41:488][  0]LogConfig: Setting CVar [[r.EmitterSpawnRateScale:1.0]]
[2021.02.24-22.31.41:488][  0]LogConfig: Setting CVar [[r.ParticleLightQuality:2]]
[2021.02.24-22.31.41:488][  0]LogConfig: Setting CVar [[r.SkyAtmosphere.AerialPerspectiveLUT.FastApplyOnOpaque:1 ; Always have FastSkyLUT 1 in this case to avoid wrong sky]]
[2021.02.24-22.31.41:489][  0]LogConfig: Setting CVar [[r.SkyAtmosphere.AerialPerspectiveLUT.SampleCountPerSlice:1]]
[2021.02.24-22.31.41:489][  0]LogConfig: Setting CVar [[r.SkyAtmosphere.AerialPerspectiveLUT.DepthResolution:16.0]]
[2021.02.24-22.31.41:489][  0]LogConfig: Setting CVar [[r.SkyAtmosphere.FastSkyLUT:1]]
[2021.02.24-22.31.41:489][  0]LogConfig: Setting CVar [[r.SkyAtmosphere.FastSkyLUT.SampleCountMin:4.0]]
[2021.02.24-22.31.41:489][  0]LogConfig: Setting CVar [[r.SkyAtmosphere.FastSkyLUT.SampleCountMax:32.0]]
[2021.02.24-22.31.41:489][  0]LogConfig: Setting CVar [[r.SkyAtmosphere.SampleCountMin:4.0]]
[2021.02.24-22.31.41:489][  0]LogConfig: Setting CVar [[r.SkyAtmosphere.SampleCountMax:32.0]]
[2021.02.24-22.31.41:489][  0]LogConfig: Setting CVar [[r.SkyAtmosphere.TransmittanceLUT.UseSmallFormat:0]]
[2021.02.24-22.31.41:489][  0]LogConfig: Setting CVar [[r.SkyAtmosphere.TransmittanceLUT.SampleCount:10.0]]
[2021.02.24-22.31.41:489][  0]LogConfig: Setting CVar [[r.SkyAtmosphere.MultiScatteringLUT.SampleCount:15.0]]
[2021.02.24-22.31.41:489][  0]LogConfig: Applying CVar settings from Section [FoliageQuality@3] File [C:/Users/Tomek/Documents/GitHub/PiraciZKaribu/Dzik_scene/Dzik_scene/Saved/Config/Windows/Scalability.ini]
[2021.02.24-22.31.41:489][  0]LogConfig: Setting CVar [[foliage.DensityScale:1.0]]
[2021.02.24-22.31.41:489][  0]LogConfig: Setting CVar [[grass.DensityScale:1.0]]
[2021.02.24-22.31.41:489][  0]LogConfig: Applying CVar settings from Section [ShadingQuality@3] File [C:/Users/Tomek/Documents/GitHub/PiraciZKaribu/Dzik_scene/Dzik_scene/Saved/Config/Windows/Scalability.ini]
[2021.02.24-22.31.41:489][  0]LogConfig: Setting CVar [[r.HairStrands.SkyLighting.SampleCount:16]]
[2021.02.24-22.31.41:489][  0]LogConfig: Setting CVar [[r.HairStrands.SkyLighting.JitterIntegration:0]]
[2021.02.24-22.31.41:489][  0]LogConfig: Setting CVar [[r.HairStrands.SkyAO.SampleCount:16]]
[2021.02.24-22.31.41:489][  0]LogConfig: Setting CVar [[r.HairStrands.DeepShadow.SuperSampling:0]]
[2021.02.24-22.31.41:489][  0]LogConfig: Setting CVar [[r.HairStrands.VisibilityPPLL:0]]
[2021.02.24-22.31.41:489][  0]LogConfig: Setting CVar [[r.HairStrands.RasterizationScale:0.5]]
[2021.02.24-22.31.41:489][  0]LogConfig: Setting CVar [[r.HairStrands.VelocityRasterizationScale:1]]
[2021.02.24-22.31.41:489][  0]LogConfig: Applying CVar settings from Section [Startup] File [../../../Engine/Config/ConsoleVariables.ini]
[2021.02.24-22.31.41:489][  0]LogConfig: Setting CVar [[net.UseAdaptiveNetUpdateFrequency:0]]
[2021.02.24-22.31.41:489][  0]LogConfig: Setting CVar [[p.chaos.AllowCreatePhysxBodies:1]]
[2021.02.24-22.31.41:489][  0]LogConfig: Setting CVar [[fx.SkipVectorVMBackendOptimizations:1]]
[2021.02.24-22.31.41:489][  0]LogConfig: Applying CVar settings from Section [ConsoleVariables] File [C:/Users/Tomek/Documents/GitHub/PiraciZKaribu/Dzik_scene/Dzik_scene/Saved/Config/Windows/Engine.ini]
[2021.02.24-22.31.41:489][  0]LogInit: Computer: DESKTOP-G72MMHD
[2021.02.24-22.31.41:489][  0]LogInit: User: Tomek
[2021.02.24-22.31.41:489][  0]LogInit: CPU Page size=4096, Cores=6
[2021.02.24-22.31.41:489][  0]LogInit: High frequency timer resolution =10.000000 MHz
[2021.02.24-22.31.41:489][  0]LogMemory: Memory total: Physical=16.0GB (16GB approx)
[2021.02.24-22.31.41:489][  0]LogMemory: Platform Memory Stats for Windows
[2021.02.24-22.31.41:489][  0]LogMemory: Process Physical Memory: 113.82 MB used, 113.83 MB peak
[2021.02.24-22.31.41:489][  0]LogMemory: Process Virtual Memory: 110.29 MB used, 110.29 MB peak
[2021.02.24-22.31.41:489][  0]LogMemory: Physical Memory: 9447.83 MB used,  6886.86 MB free, 16334.69 MB total
[2021.02.24-22.31.41:489][  0]LogMemory: Virtual Memory: 5143.69 MB used,  134212584.00 MB free, 134217728.00 MB total
[2021.02.24-22.31.41:501][  0]LogWindows: WindowsPlatformFeatures disabled or dedicated server build
[2021.02.24-22.31.41:521][  0]LogInit: Physics initialised using underlying interface: PhysX
[2021.02.24-22.31.41:522][  0]LogInit: Using OS detected language (pl-PL).
[2021.02.24-22.31.41:522][  0]LogInit: Using OS detected locale (pl-PL).
[2021.02.24-22.31.41:523][  0]LogTextLocalizationManager: No specific localization for 'pl-PL' exists, so the 'pl' localization will be used.
[2021.02.24-22.31.41:524][  0]LogTextLocalizationResource: LocRes '../../../Engine/Content/Localization/Editor/pl/Editor.locres' could not be opened for reading!
[2021.02.24-22.31.41:524][  0]LogTextLocalizationResource: LocRes '../../../Engine/Content/Localization/EditorTutorials/pl/EditorTutorials.locres' could not be opened for reading!
[2021.02.24-22.31.41:524][  0]LogTextLocalizationResource: LocRes '../../../Engine/Content/Localization/Keywords/pl/Keywords.locres' could not be opened for reading!
[2021.02.24-22.31.41:525][  0]LogTextLocalizationResource: LocRes '../../../Engine/Content/Localization/Category/pl/Category.locres' could not be opened for reading!
[2021.02.24-22.31.41:525][  0]LogTextLocalizationResource: LocRes '../../../Engine/Content/Localization/ToolTips/pl/ToolTips.locres' could not be opened for reading!
[2021.02.24-22.31.41:525][  0]LogTextLocalizationResource: LocRes '../../../Engine/Content/Localization/PropertyNames/pl/PropertyNames.locres' could not be opened for reading!
[2021.02.24-22.31.41:525][  0]LogTextLocalizationResource: LocRes '../../../Engine/Content/Localization/Engine/pl/Engine.locres' could not be opened for reading!
[2021.02.24-22.31.41:830][  0]LogTargetPlatformManager: Display: Loaded TargetPlatform 'WindowsNoEditor'
[2021.02.24-22.31.41:835][  0]LogTargetPlatformManager: Display: Loaded TargetPlatform 'Windows'
[2021.02.24-22.31.41:846][  0]LogTargetPlatformManager: Display: Loaded TargetPlatform 'WindowsClient'
[2021.02.24-22.31.41:857][  0]LogTargetPlatformManager: Display: Loaded TargetPlatform 'WindowsServer'
[2021.02.24-22.31.41:857][  0]LogTargetPlatformManager: Display: Building Assets For Windows
[2021.02.24-22.31.41:866][  0]LogAudioDebug: Display: Lib vorbis DLL was dynamically loaded.
[2021.02.24-22.31.41:932][  0]LogShaderCompilers: Guid format shader working directory is -22 characters bigger than the processId version (C:/Users/Tomek/Documents/GitHub/PiraciZKaribu/Dzik_scene/Dzik_scene/Intermediate/Shaders/WorkingDirectory/12748/).
[2021.02.24-22.31.41:932][  0]LogShaderCompilers: Cleaned the shader compiler working directory 'C:/Users/Tomek/AppData/Local/Temp/UnrealShaderWorkingDir/EE5D77864FC60B99D2D4348D901E9E9D/'.
[2021.02.24-22.31.41:933][  0]LogXGEController: Cannot use XGE Controller as Incredibuild is not installed on this machine.
[2021.02.24-22.31.41:933][  0]LogShaderCompilers: Cannot use XGE Shader Compiler as Incredibuild is not installed on this machine.
[2021.02.24-22.31.41:933][  0]LogShaderCompilers: Display: Using Local Shader Compiler.
[2021.02.24-22.31.42:512][  0]LogDerivedDataCache: Display: Max Cache Size: 512 MB
[2021.02.24-22.31.42:563][  0]LogDerivedDataCache: Loaded boot cache 0.05s 76MB C:/Users/Tomek/Documents/GitHub/PiraciZKaribu/Dzik_scene/Dzik_scene/DerivedDataCache/Boot.ddc.
[2021.02.24-22.31.42:563][  0]LogDerivedDataCache: Display: Loaded Boot cache: C:/Users/Tomek/Documents/GitHub/PiraciZKaribu/Dzik_scene/Dzik_scene/DerivedDataCache/Boot.ddc
[2021.02.24-22.31.42:563][  0]LogDerivedDataCache: FDerivedDataBackendGraph:  Pak pak cache file C:/Users/Tomek/Documents/GitHub/PiraciZKaribu/Dzik_scene/Dzik_scene/DerivedDataCache/DDC.ddp not found, will not use a pak cache.
[2021.02.24-22.31.42:563][  0]LogDerivedDataCache: Unable to find inner node Pak for hierarchical cache Hierarchy.
[2021.02.24-22.31.42:563][  0]LogDerivedDataCache: FDerivedDataBackendGraph:  EnginePak pak cache file ../../../Engine/DerivedDataCache/DDC.ddp not found, will not use a pak cache.
[2021.02.24-22.31.42:563][  0]LogDerivedDataCache: Unable to find inner node EnginePak for hierarchical cache Hierarchy.
[2021.02.24-22.31.42:564][  0]LogDerivedDataCache: Using Local data cache path ../../../Engine/DerivedDataCache: Writable
[2021.02.24-22.31.42:564][  0]LogDerivedDataCache: Shared data cache path not found in *engine.ini, will not use an Shared cache.
[2021.02.24-22.31.42:564][  0]LogDerivedDataCache: Unable to find inner node Shared for hierarchical cache Hierarchy.
[2021.02.24-22.31.42:567][  0]LogInit: Using OS detected language (pl-PL).
[2021.02.24-22.31.42:567][  0]LogInit: Using OS detected locale (pl-PL).
[2021.02.24-22.31.42:567][  0]LogTextLocalizationManager: No localization for 'pl-PL' exists, so 'en' will be used for the language.
[2021.02.24-22.31.42:567][  0]LogTextLocalizationManager: No localization for 'pl-PL' exists, so 'en' will be used for the locale.
[2021.02.24-22.31.42:567][  0]LogTextLocalizationManager: Compacting localization data took   0.00ms
[2021.02.24-22.31.42:570][  0]LogAssetRegistry: FAssetRegistry took 0.0017 seconds to start up
[2021.02.24-22.31.42:811][  0]LogPackageLocalizationCache: Processed 19 localized package path(s) for 1 prioritized culture(s) in 0.000852 seconds
[2021.02.24-22.31.42:871][  0]LogInit: Selected Device Profile: [Windows]
[2021.02.24-22.31.42:912][  0]LogMeshReduction: Using QuadricMeshReduction for automatic static mesh reduction
[2021.02.24-22.31.42:912][  0]LogMeshReduction: Using SimplygonMeshReduction for automatic skeletal mesh reduction
[2021.02.24-22.31.42:912][  0]LogMeshReduction: Using ProxyLODMeshReduction for automatic mesh merging
[2021.02.24-22.31.42:912][  0]LogMeshReduction: No distributed automatic mesh merging module available
[2021.02.24-22.31.42:912][  0]LogMeshMerging: No distributed automatic mesh merging module available
[2021.02.24-22.31.42:925][  0]LogNetVersion: Dzik_scene 1.0.0, NetCL: 0, EngineNetVer: 14, GameNetVer: 0 (Checksum: 3233855641)
[2021.02.24-22.31.43:029][  0]LogAISub: UAISubsystem::UAISubsystem AISubsystem (00000218CB49C240), frame # 0
[2021.02.24-22.31.43:029][  0]LogAISub: UAISubsystem::UAISubsystem AIPerceptionSystem (00000218CB3CFEC0), frame # 0
[2021.02.24-22.31.43:031][  0]LogAISub: UAISubsystem::UAISubsystem EnvQueryManager (00000218CB3E7400), frame # 0
[2021.02.24-22.31.43:292][  0]LogTcpMessaging: Initializing TcpMessaging bridge
[2021.02.24-22.31.43:296][  0]LogUdpMessaging: Initializing bridge on interface 0.0.0.0:0 to multicast group 230.0.0.1:6666.
[2021.02.24-22.31.43:344][  0]SourceControl: Source control is disabled
[2021.02.24-22.31.43:344][  0]SourceControl: Source control is disabled
[2021.02.24-22.31.43:352][  0]SourceControl: Source control is disabled
[2021.02.24-22.31.43:502][  0]LogAndroidPermission: UAndroidPermissionCallbackProxy::GetInstance
[2021.02.24-22.31.43:522][  0]LogAudioCaptureCore: Display: No Audio Capture implementations found. Audio input will be silent.
[2021.02.24-22.31.43:522][  0]LogAudioCaptureCore: Display: No Audio Capture implementations found. Audio input will be silent.
[2021.02.24-22.31.43:566][  0]LogOcInput: OculusInput pre-init called
[2021.02.24-22.31.43:583][  0]LogUObjectArray: 18909 objects as part of root set at end of initial load.
[2021.02.24-22.31.43:583][  0]LogUObjectAllocator: 4957328 out of 0 bytes used by permanent object pool.
[2021.02.24-22.31.43:583][  0]LogUObjectArray: CloseDisregardForGC: 0/0 objects in disregard for GC pool
[2021.02.24-22.31.43:624][  0]LogEngine: Initializing Engine...
[2021.02.24-22.31.43:626][  0]LogStats: UGameplayTagsManager::InitializeManager -  0.000 s
[2021.02.24-22.31.43:639][  0]LogInit: Initializing FReadOnlyCVARCache
[2021.02.24-22.31.43:639][  0]LogNetVersion: Set ProjectVersion to 1.0.0.0. Version Checksum will be recalculated on next use.
[2021.02.24-22.31.43:639][  0]LogInit: Texture streaming: Disabled
[2021.02.24-22.31.43:667][  0]LogInit: Display: Game Engine Initialized.
[2021.02.24-22.31.43:667][  0]LogNiagaraEditor: Warning: GEditor isn't valid! Particle reset commands will not work for Niagara components!
[2021.02.24-22.31.43:703][  0]LogInit: Display: Starting Game.
[2021.02.24-22.31.43:703][  0]LogNet: Browse: /Game/Maps/Game?Name=Player
[2021.02.24-22.31.43:703][  0]LogLoad: LoadMap: /Game/Maps/Game?Name=Player
[2021.02.24-22.31.43:703][  0]LogWorld: BeginTearingDown for /Temp/Untitled_0
[2021.02.24-22.31.43:704][  0]LogWorld: UWorld::CleanupWorld for Untitled, bSessionEnded=true, bCleanupResources=true
[2021.02.24-22.31.43:713][  0]LogUObjectHash: Compacting FUObjectHashTables data took   0.63ms
[2021.02.24-22.31.44:384][  0]LogBlueprint: Warning: USimpleConstructionScript::FixupRootNodeParentReferences() - Couldn't find native parent component 'Sprite' for 'StaticMesh' in BlueprintGeneratedClass 'Platform_C' (it may have been removed)
[2021.02.24-22.31.44:394][  0]LogAIModule: Creating AISystem for world Game
[2021.02.24-22.31.44:394][  0]LogAISub: UAISubsystem::UAISubsystem EnvQueryManager (00000218C9314600), frame # 0
[2021.02.24-22.31.44:394][  0]LogAISub: UAISubsystem::UAISubsystem AIPerceptionSystem (00000218C90747C0), frame # 0
[2021.02.24-22.31.44:395][  0]LogLoad: Game class is 'GameModeBP_C'
[2021.02.24-22.31.44:395][  0]LogNet: ReplicationDriverClass is null! Not using ReplicationDriver.
[2021.02.24-22.31.44:395][  0]LogNetCore: DDoS detection status: detection enabled: 0 analytics enabled: 0
[2021.02.24-22.31.44:395][  0]LogInit: WinSock: Socket queue. Rx: 131072 (config 131072) Tx: 131072 (config 131072)
[2021.02.24-22.31.44:395][  0]LogNet: Created socket for bind address: 0.0.0.0 on port 17777
[2021.02.24-22.31.44:395][  0]PacketHandlerLog: Loaded PacketHandler component: Engine.EngineHandlerComponentFactory (StatelessConnectHandlerComponent)
[2021.02.24-22.31.44:396][  0]LogNet: GameNetDriver IpNetDriver_0 IpNetDriver listening on port 17777
[2021.02.24-22.31.44:406][  0]LogWorld: Bringing World /Game/Maps/Game.Game up for play (max tick rate 30) at 2021.02.24-23.31.44
[2021.02.24-22.31.44:414][  0]LogWorld: Bringing up level for play took: 0.018039
[2021.02.24-22.31.44:414][  0]LogGameMode: Display: Match State Changed from EnteringMap to WaitingToStart
[2021.02.24-22.31.44:415][  0]LogGameState: Match State Changed from EnteringMap to WaitingToStart
[2021.02.24-22.31.44:415][  0]LogLoad: Took 0.712653 seconds to LoadMap(/Game/Maps/Game)
[2021.02.24-22.31.44:424][  0]LogLoad: (Engine Initialization) Total time: 3.99 seconds
[2021.02.24-22.31.44:424][  0]LogLoad: (Engine Initialization) Total Blueprint compile time: 0.00 seconds
[2021.02.24-22.31.44:593][  4]LogNet: NotifyAcceptingConnection accepted from: 127.0.0.1:52459
[2021.02.24-22.31.44:593][  4]LogHandshake: SendConnectChallenge. Timestamp: 0.166888, Cookie: 060210098236121093055211193034080175064159124154176192176231
[2021.02.24-22.31.44:923][ 14]LogNet: NotifyAcceptingConnection accepted from: 127.0.0.1:52459
[2021.02.24-22.31.44:923][ 14]LogHandshake: SendChallengeAck. InCookie: 060210098236121093055211193034080175064159124154176192176231
[2021.02.24-22.31.44:923][ 14]LogNet: Server accepting post-challenge connection from: 127.0.0.1:52459
[2021.02.24-22.31.44:923][ 14]PacketHandlerLog: Loaded PacketHandler component: Engine.EngineHandlerComponentFactory (StatelessConnectHandlerComponent)
[2021.02.24-22.31.44:923][ 14]LogNet: NotifyAcceptedConnection: Name: Game, TimeStamp: 02/24/21 23:31:44, [UNetConnection] RemoteAddr: 127.0.0.1:52459, Name: IpConnection_0, Driver: GameNetDriver IpNetDriver_0, IsServer: YES, PC: NULL, Owner: NULL, UniqueId: INVALID
[2021.02.24-22.31.44:923][ 14]LogNet: AddClientConnection: Added client connection: [UNetConnection] RemoteAddr: 127.0.0.1:52459, Name: IpConnection_0, Driver: GameNetDriver IpNetDriver_0, IsServer: YES, PC: NULL, Owner: NULL, UniqueId: INVALID
[2021.02.24-22.31.45:254][ 24]LogNet: NotifyAcceptingChannel Control 0 server World /Game/Maps/Game.Game: Accepted
[2021.02.24-22.31.45:254][ 24]LogNet: Remote platform little endian=1
[2021.02.24-22.31.45:254][ 24]LogNet: This platform little endian=1
[2021.02.24-22.31.45:254][ 24]LogNetVersion: Dzik_scene 1.0.0.0, NetCL: 0, EngineNetVer: 14, GameNetVer: 0 (Checksum: 480656900)
[2021.02.24-22.31.45:419][ 29]LogNet: NotifyAcceptingConnection accepted from: 127.0.0.1:54706
[2021.02.24-22.31.45:419][ 29]LogHandshake: SendConnectChallenge. Timestamp: 0.993635, Cookie: 019176148157187124161037131173148026192244219097198207007005
[2021.02.24-22.31.45:452][ 30]LogNet: NotifyAcceptingConnection accepted from: 127.0.0.1:54706
[2021.02.24-22.31.45:452][ 30]LogHandshake: SendChallengeAck. InCookie: 019176148157187124161037131173148026192244219097198207007005
[2021.02.24-22.31.45:452][ 30]LogNet: Server accepting post-challenge connection from: 127.0.0.1:54706
[2021.02.24-22.31.45:452][ 30]PacketHandlerLog: Loaded PacketHandler component: Engine.EngineHandlerComponentFactory (StatelessConnectHandlerComponent)
[2021.02.24-22.31.45:452][ 30]LogNet: NotifyAcceptedConnection: Name: Game, TimeStamp: 02/24/21 23:31:45, [UNetConnection] RemoteAddr: 127.0.0.1:54706, Name: IpConnection_1, Driver: GameNetDriver IpNetDriver_0, IsServer: YES, PC: NULL, Owner: NULL, UniqueId: INVALID
[2021.02.24-22.31.45:452][ 30]LogNet: AddClientConnection: Added client connection: [UNetConnection] RemoteAddr: 127.0.0.1:54706, Name: IpConnection_1, Driver: GameNetDriver IpNetDriver_0, IsServer: YES, PC: NULL, Owner: NULL, UniqueId: INVALID
[2021.02.24-22.31.45:452][ 30]LogNet: NotifyAcceptingConnection accepted from: 127.0.0.1:54707
[2021.02.24-22.31.45:452][ 30]LogHandshake: SendConnectChallenge. Timestamp: 1.026657, Cookie: 251015018084071117138205035034128161156075167248063239016158
[2021.02.24-22.31.45:486][ 31]LogNet: NotifyAcceptingChannel Control 0 server World /Game/Maps/Game.Game: Accepted
[2021.02.24-22.31.45:486][ 31]LogNet: Remote platform little endian=1
[2021.02.24-22.31.45:486][ 31]LogNet: This platform little endian=1
[2021.02.24-22.31.45:486][ 31]LogNet: NotifyAcceptingConnection accepted from: 127.0.0.1:54707
[2021.02.24-22.31.45:486][ 31]LogHandshake: SendChallengeAck. InCookie: 251015018084071117138205035034128161156075167248063239016158
[2021.02.24-22.31.45:486][ 31]LogNet: Server accepting post-challenge connection from: 127.0.0.1:54707
[2021.02.24-22.31.45:486][ 31]PacketHandlerLog: Loaded PacketHandler component: Engine.EngineHandlerComponentFactory (StatelessConnectHandlerComponent)
[2021.02.24-22.31.45:486][ 31]LogNet: NotifyAcceptedConnection: Name: Game, TimeStamp: 02/24/21 23:31:45, [UNetConnection] RemoteAddr: 127.0.0.1:54707, Name: IpConnection_2, Driver: GameNetDriver IpNetDriver_0, IsServer: YES, PC: NULL, Owner: NULL, UniqueId: INVALID
[2021.02.24-22.31.45:486][ 31]LogNet: AddClientConnection: Added client connection: [UNetConnection] RemoteAddr: 127.0.0.1:54707, Name: IpConnection_2, Driver: GameNetDriver IpNetDriver_0, IsServer: YES, PC: NULL, Owner: NULL, UniqueId: INVALID
[2021.02.24-22.31.45:486][ 31]LogNet: Login request: ?Name=DESKTOP-G72MMHD-FED646D840A1074E1A5A14A50655565F userId: NULL:DESKTOP-G72MMHD-FED646D840A1074E1A5A14A50655565F platform: NULL
[2021.02.24-22.31.45:487][ 31]LogNet: NotifyAcceptingChannel Control 0 server World /Game/Maps/Game.Game: Accepted
[2021.02.24-22.31.45:487][ 31]LogNet: Remote platform little endian=1
[2021.02.24-22.31.45:487][ 31]LogNet: This platform little endian=1
[2021.02.24-22.31.45:519][ 32]LogNet: Login request: ?Name=DESKTOP-G72MMHD-4BBFD7724CB9FE55B30E63ACDDA566E3 userId: NULL:DESKTOP-G72MMHD-4BBFD7724CB9FE55B30E63ACDDA566E3 platform: NULL
[2021.02.24-22.31.45:585][ 34]LogNet: Login request: ?Name=DESKTOP-G72MMHD-D1DD67164B812539911E869B22A2F0A9 userId: NULL:DESKTOP-G72MMHD-D1DD67164B812539911E869B22A2F0A9 platform: NULL
[2021.02.24-22.31.45:949][ 45]LogNet: Client netspeed is 10000
[2021.02.24-22.31.46:015][ 47]LogNet: Join request: /Game/Maps/Game?Name=DESKTOP-G72MMHD-D1DD67164B812539911E869B22A2F0A9?SplitscreenCount=1
[2021.02.24-22.31.46:015][ 47]LogOnlineSession: Warning: OSS: No game present to join for session (GameSession)
[2021.02.24-22.31.46:015][ 47]LogGameMode: FindPlayerStart: PATHS NOT DEFINED or NO PLAYERSTART with positive rating
[2021.02.24-22.31.46:016][ 47]LogGameMode: Display: Match State Changed from WaitingToStart to InProgress
[2021.02.24-22.31.46:016][ 47]LogGameState: Match State Changed from WaitingToStart to InProgress
[2021.02.24-22.31.46:016][ 47]LogNet: Join succeeded: DESKTOP-G72MMHD-D1DD
[2021.02.24-22.31.46:346][ 57]LogNet: Client netspeed is 10000
[2021.02.24-22.31.46:346][ 57]LogNet: Join request: /Game/Maps/Game?Name=DESKTOP-G72MMHD-FED646D840A1074E1A5A14A50655565F?SplitscreenCount=1
[2021.02.24-22.31.46:346][ 57]t.MaxFPS = "60"
[2021.02.24-22.31.46:346][ 57]LogOnlineSession: Warning: OSS: No game present to join for session (GameSession)
[2021.02.24-22.31.46:347][ 57]LogGameMode: FindPlayerStart: PATHS NOT DEFINED or NO PLAYERSTART with positive rating
[2021.02.24-22.31.46:347][ 57]LogNet: Join succeeded: DESKTOP-G72MMHD-FED6
[2021.02.24-22.31.46:347][ 57]LogNet: Client netspeed is 10000
[2021.02.24-22.31.46:347][ 57]LogNet: Join request: /Game/Maps/Game?Name=DESKTOP-G72MMHD-4BBFD7724CB9FE55B30E63ACDDA566E3?SplitscreenCount=1
[2021.02.24-22.31.46:347][ 57]t.MaxFPS = "60"
[2021.02.24-22.31.46:347][ 57]LogOnlineSession: Warning: OSS: No game present to join for session (GameSession)
[2021.02.24-22.31.46:347][ 57]LogGameMode: FindPlayerStart: PATHS NOT DEFINED or NO PLAYERSTART with positive rating
[2021.02.24-22.31.46:348][ 57]LogNet: Join succeeded: DESKTOP-G72MMHD-4BBF
[2021.02.24-22.31.49:695][264]LogBlueprintUserMessages: [SlowkaLevelPlayer_C_0] Hello
[2021.02.24-22.31.49:695][264]LogBlueprintUserMessages: [SlowkaLevelPlayer_C_1] Hello
[2021.02.24-22.31.49:696][264]LogBlueprintUserMessages: [SlowkaLevelPlayer_C_2] Hello
